\BOOKMARK [0][-]{chapter.1}{\376\377\000I\000n\000t\000r\000o\000d\000u\000z\000i\000o\000n\000e}{}% 1
\BOOKMARK [0][-]{chapter.2}{\376\377\000C\000r\000i\000t\000t\000o\000g\000r\000a\000f\000i\000a\000\040\000c\000l\000a\000s\000s\000i\000c\000a}{}% 2
\BOOKMARK [1][-]{section.2.1}{\376\377\000C\000i\000f\000r\000a\000r\000i\000\040\000s\000i\000m\000m\000e\000t\000r\000i\000c\000i}{chapter.2}% 3
\BOOKMARK [2][-]{subsection.2.1.1}{\376\377\000C\000i\000f\000r\000a\000r\000i\000\040\000d\000i\000\040\000s\000h\000i\000f\000t}{section.2.1}% 4
\BOOKMARK [2][-]{subsection.2.1.2}{\376\377\000C\000i\000f\000r\000a\000r\000i\000o\000\040\000a\000f\000f\000i\000n\000e}{section.2.1}% 5
\BOOKMARK [2][-]{subsection.2.1.3}{\376\377\000C\000i\000f\000r\000a\000r\000i\000o\000\040\000A\000l\000b\000e\000r\000t\000i}{section.2.1}% 6
\BOOKMARK [2][-]{subsection.2.1.4}{\376\377\000C\000i\000f\000r\000a\000r\000i\000o\000\040\000P\000o\000r\000t\000a}{section.2.1}% 7
\BOOKMARK [2][-]{subsection.2.1.5}{\376\377\000C\000i\000f\000r\000a\000r\000i\000o\000\040\000d\000i\000\040\000P\000l\000a\000y\000f\000a\000i\000r}{section.2.1}% 8
\BOOKMARK [2][-]{subsection.2.1.6}{\376\377\000C\000i\000f\000r\000a\000r\000i\000o\000\040\000d\000i\000\040\000H\000i\000l\000l}{section.2.1}% 9
\BOOKMARK [2][-]{subsection.2.1.7}{\376\377\000C\000i\000f\000r\000a\000r\000i\000o\000\040\000d\000i\000\040\000V\000i\000g\000e\000n\000\350\000r\000e}{section.2.1}% 10
\BOOKMARK [2][-]{subsection.2.1.8}{\376\377\000C\000i\000f\000r\000a\000r\000i\000o\000\040\000d\000i\000\040\000V\000e\000r\000n\000a\000m}{section.2.1}% 11
\BOOKMARK [1][-]{section.2.2}{\376\377\000P\000r\000o\000b\000a\000b\000i\000l\000i\000t\000\340}{chapter.2}% 12
\BOOKMARK [0][-]{chapter.3}{\376\377\000C\000r\000i\000t\000t\000o\000a\000n\000a\000l\000i\000s\000i}{}% 13
\BOOKMARK [1][-]{section.3.1}{\376\377\000C\000i\000f\000r\000a\000r\000i\000\040\000a\000\040\000s\000h\000i\000f\000t}{chapter.3}% 14
\BOOKMARK [1][-]{section.3.2}{\376\377\000C\000i\000f\000r\000a\000r\000i\000o\000\040\000d\000i\000\040\000H\000i\000l\000l}{chapter.3}% 15
\BOOKMARK [1][-]{section.3.3}{\376\377\000C\000i\000f\000r\000a\000r\000i\000o\000\040\000d\000i\000\040\000V\000i\000g\000e\000n\000e\000r\000\350\000\040\000-\000\040\000M\000e\000t\000o\000d\000o\000\040\000K\000a\000s\000i\000s\000k\000i}{chapter.3}% 16
\BOOKMARK [2][-]{subsection.3.3.1}{\376\377\000I\000n\000d\000i\000c\000e\000\040\000d\000i\000\040\000c\000o\000i\000n\000c\000i\000d\000e\000n\000z\000a}{section.3.3}% 17
\BOOKMARK [2][-]{subsection.3.3.2}{\376\377\000I\000n\000d\000i\000c\000e\000\040\000m\000u\000t\000u\000o\000\040\000d\000i\000\040\000c\000o\000i\000n\000c\000i\000d\000e\000n\000z\000a}{section.3.3}% 18
\BOOKMARK [0][-]{chapter.4}{\376\377\000C\000i\000f\000r\000a\000t\000u\000r\000a\000\040\000S\000i\000m\000m\000e\000t\000r\000i\000c\000a\000\040\000-\000\040\000D\000E\000S}{}% 19
\BOOKMARK [1][-]{section.4.1}{\376\377\000C\000i\000f\000r\000a\000t\000u\000r\000a\000\040\000d\000i\000\040\000F\000e\000i\000s\000t\000e\000l}{chapter.4}% 20
\BOOKMARK [1][-]{section.4.2}{\376\377\000D\000E\000S}{chapter.4}% 21
\BOOKMARK [2][-]{subsection.4.2.1}{\376\377\000M\000o\000d\000a\000l\000i\000t\000\340\000\040\000o\000p\000e\000r\000a\000t\000i\000v\000e}{section.4.2}% 22
\BOOKMARK [1][-]{section.4.3}{\376\377\000S\000i\000c\000u\000r\000e\000z\000z\000a\000\040\000d\000e\000i\000\040\000c\000i\000f\000r\000a\000r\000i\000\040\000m\000o\000d\000e\000r\000n\000i}{chapter.4}% 23
\BOOKMARK [2][-]{subsection.4.3.1}{\376\377\000A\000p\000p\000r\000o\000c\000c\000i\000o\000\040\000c\000o\000n\000c\000r\000e\000t\000o}{section.4.3}% 24
\BOOKMARK [2][-]{subsection.4.3.2}{\376\377\000A\000p\000p\000r\000o\000c\000c\000i\000o\000\040\000a\000s\000i\000n\000t\000o\000t\000i\000c\000o}{section.4.3}% 25
\BOOKMARK [1][-]{section.4.4}{\376\377\000C\000r\000i\000t\000t\000o\000a\000n\000a\000l\000i\000s\000i\000\040\000d\000i\000\040\000D\000E\000S}{chapter.4}% 26
\BOOKMARK [2][-]{subsection.4.4.1}{\376\377\000F\000o\000r\000z\000a\000\040\000b\000r\000u\000t\000a}{section.4.4}% 27
