\BOOKMARK [0][-]{chapter.1}{\376\377\000I\000n\000t\000r\000o\000d\000u\000z\000i\000o\000n\000e}{}% 1
\BOOKMARK [1][-]{section.1.1}{\376\377\000W\000h\000a\000t\000\040\000i\000s\000\040\000a\000n\000\040\000i\000n\000t\000e\000l\000l\000i\000g\000e\000n\000t\000\040\000s\000y\000s\000t\000e\000m\000\040\000\050\000I\000S\000\051}{chapter.1}% 2
\BOOKMARK [0][-]{chapter.2}{\376\377\000L\000e\000g\000i\000s\000l\000a\000t\000i\000o\000n\000,\000\040\000A\000r\000t\000i\000f\000i\000c\000i\000a\000l\000\040\000a\000n\000d\000\040\000h\000u\000m\000a\000n\000\040\000l\000e\000a\000r\000n\000i\000n\000g\000,\000\040\000G\000e\000s\000t\000a\000l\000t\000,\000\040\000a\000p\000p\000l\000i\000c\000a\000t\000i\000o\000n\000s\000\040\000a\000n\000d\000\040\000o\000p\000i\000n\000i\000o\000n\000s\000\040\000a\000b\000o\000u\000t\000\040\000A\000I}{}% 3
\BOOKMARK [1][-]{section.2.1}{\376\377\000L\000a\000w\000s\000\040\000a\000b\000o\000u\000t\000\040\000A\000I\000\040\000i\000n\000\040\000E\000u\000r\000o\000p\000e}{chapter.2}% 4
\BOOKMARK [2][-]{subsection.2.1.1}{\376\377\000F\000o\000u\000r\000\040\000r\000i\000s\000k\000\040\000l\000e\000v\000e\000l\000s}{section.2.1}% 5
\BOOKMARK [0][-]{chapter.3}{\376\377\000l\000e\000z\000\040\0003}{}% 6
\BOOKMARK [0][-]{chapter.4}{\376\377\000l\000e\000z\000\040\0004}{}% 7
\BOOKMARK [0][-]{chapter.5}{\376\377\000l\000e\000z\000\040\0005}{}% 8
\BOOKMARK [0][-]{chapter.6}{\376\377\000I\000n\000t\000e\000l\000l\000i\000g\000e\000n\000t\000\040\000t\000r\000a\000n\000s\000p\000o\000r\000t\000a\000t\000i\000o\000n\000s\000\040\000a\000n\000d\000\040\000V\000e\000h\000i\000c\000l\000e\000\040\000t\000o\000\040\000e\000v\000e\000r\000y\000t\000h\000i\000n\000g\000\040\000p\000r\000o\000t\000o\000c\000o\000l\000\040\000E\000x\000a\000m\000p\000l\000e\000s\000\040\000o\000f\000\040\000I\000o\000T\000,\000\040\000I\000o\000T\000\040\000s\000e\000c\000u\000r\000i\000t\000y\000\040\000A\000r\000t\000i\000f\000i\000c\000i\000a\000l\000\040\000I\000n\000t\000e\000l\000l\000i\000g\000e\000n\000c\000e\000\040\000o\000f\000\040\000T\000h\000i\000n\000g\000s\000\040\000\050\000A\000I\000o\000T\000\051\000,\000\040\000H\000W\000/\000S\000W\000\040\000e\000n\000v\000i\000r\000o\000n\000m\000e\000n\000t\000s\000\040\000f\000o\000r\000\040\000I\000o\000T\000/\000A\000I\000o\000T}{}% 9
\BOOKMARK [0][-]{chapter.7}{\376\377\000D\000a\000t\000a\000\040\000G\000a\000t\000h\000e\000r\000i\000n\000g\000,\000\040\000D\000a\000t\000a\000\040\000P\000r\000e\000p\000r\000o\000c\000e\000s\000s\000i\000n\000g\000,\000\040\000D\000a\000t\000a\000\040\000H\000a\000r\000m\000o\000n\000i\000z\000a\000t\000i\000o\000n\000\040\000f\000o\000r\000\040\000i\000n\000t\000e\000l\000l\000i\000g\000e\000n\000t\000\040\000s\000y\000s\000t\000e\000m\000\040\000l\000e\000a\000r\000n\000i\000n\000g}{}% 10
\BOOKMARK [1][-]{section.7.1}{\376\377\000V\000a\000l\000u\000e\000\040\000o\000f\000\040\000D\000a\000t\000a\000\040\000A\000n\000a\000l\000y\000t\000i\000c}{chapter.7}% 11
\BOOKMARK [1][-]{section.7.2}{\376\377\000D\000a\000t\000a\000\040\000g\000a\000t\000h\000e\000r\000i\000n\000g\000\040\000-\000\040\000S\000t\000e\000p\000\040\0001}{chapter.7}% 12
\BOOKMARK [2][-]{subsection.7.2.1}{\376\377\000I\000o\000T\000\040\000s\000t\000a\000r\000t\000e\000d\000\040\000t\000o\000\040\000g\000e\000n\000e\000r\000a\000t\000e\000\040\000d\000a\000t\000a\040\046}{section.7.2}% 13
\BOOKMARK [2][-]{subsection.7.2.2}{\376\377\000D\000a\000t\000a\000\040\000h\000e\000t\000e\000r\000o\000g\000e\000n\000e\000i\000t\000y\000\040\000a\000n\000d\000\040\000s\000y\000n\000c\000h\000r\000o\000n\000i\000z\000a\000t\000i\000o\000n}{section.7.2}% 14
\BOOKMARK [2][-]{subsection.7.2.3}{\376\377\000D\000a\000t\000a\000\040\000S\000y\000n\000c\000h\000r\000o\000n\000i\000z\000a\000t\000i\000o\000n}{section.7.2}% 15
\BOOKMARK [1][-]{section.7.3}{\376\377\000D\000a\000t\000a\000\040\000P\000r\000e\000p\000a\000r\000a\000t\000i\000o\000n\000\040\000-\000\040\000S\000t\000e\000p\000\040\0002}{chapter.7}% 16
\BOOKMARK [2][-]{subsection.7.3.1}{\376\377\000D\000a\000t\000a\000\040\000w\000r\000a\000n\000g\000l\000i\000n\000g}{section.7.3}% 17
\BOOKMARK [2][-]{subsection.7.3.2}{\376\377\000M\000i\000s\000s\000i\000n\000g\000\040\000D\000a\000t\000a}{section.7.3}% 18
\BOOKMARK [2][-]{subsection.7.3.3}{\376\377\000S\000t\000r\000u\000c\000t\000u\000r\000e\000d\000\040\000a\000n\000d\000\040\000u\000n\000s\000t\000r\000u\000c\000t\000u\000r\000e\000d\000\040\000D\000a\000t\000a\000\040}{section.7.3}% 19
\BOOKMARK [0][-]{chapter.8}{\376\377\000M\000a\000n\000a\000g\000i\000n\000g\000\040\000a\000\040\000s\000m\000a\000l\000l\000\040\000d\000a\000t\000a\000s\000e\000t\000\040\000i\000n\000\040\000P\000y\000t\000h\000o\000n\000\040\000D\000e\000g\000r\000e\000e\000s\000\040\000o\000f\000\040\000f\000r\000e\000e\000d\000o\000m\000/\000p\000a\000r\000a\000m\000e\000t\000e\000r\000s\000\040\000D\000a\000t\000a\000\040\000L\000e\000a\000k\000a\000g\000e}{}% 20
\BOOKMARK [1][-]{section.8.1}{\376\377\000D\000e\000g\000r\000e\000e\000s\000\040\000o\000f\000\040\000f\000r\000e\000e\000d\000o\000m\000\040\000/\000p\000a\000r\000a\000m\000e\000t\000e\000r\000s\000\040\000o\000f\000\040\000t\000h\000e\000\040\000m\000o\000d\000e\000l\000s\000\040\000-\000\040\000S\000t\000e\000p\000\040\0001\000\040\000a\000n\000d\000\040\0003}{chapter.8}% 21
\BOOKMARK [2][-]{subsection.8.1.1}{\376\377\000H\000o\000w\000\040\000m\000u\000c\000h\000\040\000d\000a\000t\000a\000?\000\040\000D\000e\000g\000r\000e\000e\000\040\000o\000f\000\040\000f\000r\000e\000e\000d\000o\000m\000/\000p\000a\000r\000a\000m\000e\000t\000e\000r\000s}{section.8.1}% 22
\BOOKMARK [2][-]{subsection.8.1.2}{\376\377\000S\000i\000m\000i\000l\000i\000t\000u\000d\000e\000\040\0001}{section.8.1}% 23
\BOOKMARK [2][-]{subsection.8.1.3}{\376\377\000S\000i\000m\000i\000l\000i\000t\000u\000d\000e\000\040\0002}{section.8.1}% 24
\BOOKMARK [2][-]{subsection.8.1.4}{\376\377\000N\000u\000m\000b\000e\000r\000\040\000o\000f\000\040\000P\000a\000r\000a\000m\000e\000t\000e\000r\000s\000\040\000o\000f\000\040\000N\000N\000s}{section.8.1}% 25
\BOOKMARK [2][-]{subsection.8.1.5}{\376\377\000a\000\040\0001\000D\000\040\000l\000i\000n\000e\000a\000r\000\040\000m\000o\000d\000e\000l}{section.8.1}% 26
\BOOKMARK [2][-]{subsection.8.1.6}{\376\377\000a\000\040\0002\000D\000\040\000l\000i\000n\000e\000a\000r\000\040\000m\000o\000d\000e\000l}{section.8.1}% 27
\BOOKMARK [2][-]{subsection.8.1.7}{\376\377\000a\000\040\0003\000D\000\040\000l\000i\000n\000e\000a\000r\000\040\000m\000o\000d\000e\000l}{section.8.1}% 28
\BOOKMARK [2][-]{subsection.8.1.8}{\376\377\000D\000o\000F\000\040\000i\000n\000\040\000g\000e\000n\000e\000r\000a\000l}{section.8.1}% 29
\BOOKMARK [2][-]{subsection.8.1.9}{\376\377\000I\000n\000\040\000b\000r\000i\000e\000f\000.\000.\000.}{section.8.1}% 30
\BOOKMARK [1][-]{section.8.2}{\376\377\000D\000a\000t\000a\000\040\000l\000e\000a\000k\000a\000g\000e\000\040\000-\000\040\000S\000t\000e\000p\000\040\0002}{chapter.8}% 31
\BOOKMARK [2][-]{subsection.8.2.1}{\376\377\000D\000a\000t\000a\000\040\000L\000e\000a\000k\000a\000g\000e\000\040\000c\000a\000n\000\040\000h\000a\000p\000p\000e\000n}{section.8.2}% 32
\BOOKMARK [2][-]{subsection.8.2.2}{\376\377\000T\000i\000m\000e\000\040\000s\000e\000r\000i\000e\000s\000:\000\040\000a\000\040\000s\000p\000e\000c\000i\000a\000l\000\040\000c\000a\000s\000e\000\040\000f\000o\000r\000\040\000R\000e\000g\000r\000e\000s\000s\000i\000o\000n\000\040\000a\000n\000d\000\040\000C\000l\000a\000s\000s\000i\000f\000i\000c\000a\000t\000i\000o\000n}{section.8.2}% 33
\BOOKMARK [2][-]{subsection.8.2.3}{\376\377\000C\000h\000e\000c\000k\000i\000n\000g\000\040\000t\000h\000e\000\040\000p\000r\000e\000s\000e\000n\000c\000e\000\040\000o\000f\000\040\000D\000a\000t\000a\000\040\000L\000e\000a\000k\000a\000g\000e}{section.8.2}% 34
