\BOOKMARK [0][-]{chapter.1}{\376\377\000I\000n\000t\000r\000o\000d\000u\000z\000i\000o\000n\000e}{}% 1
\BOOKMARK [1][-]{section.1.1}{\376\377\000J\000o\000i\000n\000\040\000s\000o\000v\000r\000a\000n\000i}{chapter.1}% 2
\BOOKMARK [1][-]{section.1.2}{\376\377\000A\000c\000c\000e\000s\000s\000\040\000p\000a\000t\000t\000e\000r\000n\000s}{chapter.1}% 3
\BOOKMARK [1][-]{section.1.3}{\376\377\000A\000u\000t\000o\000r\000i\000z\000z\000a\000z\000i\000o\000n\000i\000\040\000b\000a\000s\000a\000t\000e\000\040\000s\000u\000\040\000v\000i\000s\000t\000e}{chapter.1}% 4
\BOOKMARK [1][-]{section.1.4}{\376\377\000C\000o\000a\000l\000i\000t\000i\000o\000n\000\040\000n\000e\000t\000w\000o\000r\000k\000s}{chapter.1}% 5
\BOOKMARK [2][-]{subsection.1.4.1}{\376\377\000B\000r\000o\000k\000e\000r\000\040\000j\000o\000i\000n}{section.1.4}% 6
\BOOKMARK [2][-]{subsection.1.4.2}{\376\377\000P\000e\000e\000r\000-\000j\000o\000i\000n}{section.1.4}% 7
\BOOKMARK [2][-]{subsection.1.4.3}{\376\377\000S\000e\000m\000i\000-\000j\000o\000i\000n}{section.1.4}% 8
\BOOKMARK [2][-]{subsection.1.4.4}{\376\377\000S\000p\000l\000i\000t\000-\000j\000o\000i\000n}{section.1.4}% 9
\BOOKMARK [1][-]{section.1.5}{\376\377\000P\000r\000e\000f\000e\000r\000e\000n\000z\000e\000\040\000i\000n\000\040\000o\000t\000t\000i\000m\000i\000z\000z\000a\000z\000i\000o\000n\000e\000\040\000d\000e\000l\000l\000e\000\040\000q\000u\000e\000r\000y}{chapter.1}% 10
\BOOKMARK [0][-]{chapter.2}{\376\377\000V\000a\000l\000u\000t\000a\000z\000i\000o\000n\000e\000\040\000d\000i\000\040\000q\000u\000e\000r\000y\000\040\000d\000i\000s\000t\000r\000i\000b\000u\000i\000t\000e\000\040\000s\000o\000t\000t\000o\000\040\000r\000e\000q\000u\000i\000s\000i\000t\000i\000\040\000d\000i\000\040\000p\000r\000o\000t\000e\000z\000i\000o\000n\000e}{}% 11
\BOOKMARK [1][-]{section.2.1}{\376\377\000P\000e\000r\000m\000e\000s\000s\000i}{chapter.2}% 12
\BOOKMARK [1][-]{section.2.2}{\376\377\000P\000r\000o\000f\000i\000l\000o\000\040\000d\000e\000l\000l\000a\000\040\000r\000e\000l\000a\000z\000i\000o\000n\000e}{chapter.2}% 13
\BOOKMARK [1][-]{section.2.3}{\376\377\000V\000i\000s\000t\000a\000\040\000a\000u\000t\000o\000r\000i\000z\000z\000a\000t\000a}{chapter.2}% 14
\BOOKMARK [1][-]{section.2.4}{\376\377\000R\000i\000l\000a\000s\000c\000i\000\040\000a\000u\000t\000o\000r\000i\000z\000z\000a\000t\000i}{chapter.2}% 15
\BOOKMARK [1][-]{section.2.5}{\376\377\000A\000l\000g\000o\000r\000i\000t\000m\000o}{chapter.2}% 16
\BOOKMARK [1][-]{section.2.6}{\376\377\000S\000i\000n\000t\000a\000s\000s\000i\000\040\000v\000s\000\040\000S\000e\000m\000a\000n\000t\000i\000c\000a}{chapter.2}% 17
\BOOKMARK [0][-]{chapter.3}{\376\377\000C\000o\000m\000p\000o\000s\000i\000z\000i\000o\000n\000e\000\040\000d\000i\000\040\000a\000u\000t\000o\000r\000i\000z\000z\000a\000z\000i\000o\000n\000i}{}% 18
\BOOKMARK [1][-]{section.3.1}{\376\377\000S\000c\000h\000e\000m\000a\000\040\000g\000r\000a\000p\000h}{chapter.3}% 19
\BOOKMARK [1][-]{section.3.2}{\376\377\000V\000i\000e\000w\000s}{chapter.3}% 20
\BOOKMARK [1][-]{section.3.3}{\376\377\000V\000i\000e\000w\000\040\000G\000r\000a\000p\000h}{chapter.3}% 21
\BOOKMARK [1][-]{section.3.4}{\376\377\000A\000u\000t\000o\000r\000i\000z\000z\000a\000r\000e\000\040\000l\000e\000\040\000q\000u\000e\000r\000y}{chapter.3}% 22
\BOOKMARK [2][-]{subsection.3.4.1}{\376\377\000E\000s\000e\000m\000p\000i}{section.3.4}% 23
\BOOKMARK [1][-]{section.3.5}{\376\377\000C\000o\000m\000p\000o\000s\000i\000z\000i\000o\000n\000e\000\040\000d\000i\000\040\000p\000e\000r\000m\000e\000s\000s\000i}{chapter.3}% 24
\BOOKMARK [2][-]{subsection.3.5.1}{\376\377\000E\000s\000e\000m\000p\000i}{section.3.5}% 25
\BOOKMARK [1][-]{section.3.6}{\376\377\000C\000o\000m\000p\000o\000s\000i\000z\000i\000o\000n\000e\000\040\000s\000i\000c\000u\000r\000a}{chapter.3}% 26
\BOOKMARK [2][-]{subsection.3.6.1}{\376\377\000E\000s\000e\000m\000p\000i}{section.3.6}% 27
\BOOKMARK [1][-]{section.3.7}{\376\377\000E\000s\000e\000c\000u\000z\000i\000o\000n\000e\000\040\000d\000i\000\040\000A\000c\000c\000e\000s\000s\000\040\000C\000o\000n\000t\000r\000o\000l}{chapter.3}% 28
\BOOKMARK [0][-]{chapter.4}{\376\377\000U\000n\000\040\000m\000o\000d\000e\000l\000l\000o\000\040\000d\000i\000\040\000a\000u\000t\000o\000r\000i\000z\000z\000a\000z\000i\000o\000n\000e\000\040\000p\000e\000r\000\040\000q\000u\000e\000r\000y\000\040\000m\000u\000l\000t\000i\000-\000p\000r\000o\000v\000i\000d\000e\000r}{}% 29
\BOOKMARK [1][-]{section.4.1}{\376\377\000D\000e\000f\000i\000n\000i\000z\000i\000o\000n\000e\000\040\000d\000e\000l\000\040\000p\000r\000o\000b\000l\000e\000m\000a}{chapter.4}% 30
\BOOKMARK [1][-]{section.4.2}{\376\377\000P\000r\000o\000f\000i\000l\000o\000\040\000d\000e\000l\000l\000a\000\040\000r\000e\000l\000a\000z\000i\000o\000n\000e}{chapter.4}% 31
\BOOKMARK [1][-]{section.4.3}{\376\377\000p\000r\000o\000f\000i\000l\000i\000\040\000r\000i\000s\000u\000l\000t\000a\000n\000t\000i\000\040\000d\000a\000l\000l\000e\000\040\000o\000p\000e\000r\000a\000z\000i\000o\000n\000i}{chapter.4}% 32
\BOOKMARK [2][-]{subsection.4.3.1}{\376\377\000P\000r\000o\000i\000e\000z\000i\000o\000n\000e}{section.4.3}% 33
\BOOKMARK [2][-]{subsection.4.3.2}{\376\377\000S\000e\000l\000e\000z\000i\000o\000n\000e\000\040\000-\000\040\0001}{section.4.3}% 34
\BOOKMARK [2][-]{subsection.4.3.3}{\376\377\000S\000e\000l\000e\000c\000t\000i\000o\000n\000\040\000-\000\040\0002}{section.4.3}% 35
\BOOKMARK [2][-]{subsection.4.3.4}{\376\377\000P\000r\000o\000d\000o\000t\000t\000o\000\040\000c\000a\000r\000t\000e\000s\000i\000a\000n\000o}{section.4.3}% 36
\BOOKMARK [2][-]{subsection.4.3.5}{\376\377\000J\000o\000i\000n}{section.4.3}% 37
\BOOKMARK [2][-]{subsection.4.3.6}{\376\377\000G\000r\000o\000u\000p\000\040\000b\000y}{section.4.3}% 38
\BOOKMARK [2][-]{subsection.4.3.7}{\376\377\000F\000u\000n\000z\000i\000o\000n\000i\000\040\000d\000e\000f\000i\000n\000i\000t\000e\000\040\000d\000a\000l\000l\000'\000u\000t\000e\000n\000t\000e}{section.4.3}% 39
\BOOKMARK [2][-]{subsection.4.3.8}{\376\377\000E\000n\000c\000r\000y\000p\000t\000i\000o\000n}{section.4.3}% 40
\BOOKMARK [2][-]{subsection.4.3.9}{\376\377\000D\000e\000c\000r\000y\000p\000t\000i\000o\000n}{section.4.3}% 41
