\BOOKMARK [0][-]{chapter.1}{\376\377\000A\000l\000g\000o\000r\000i\000t\000m\000i\000\040\000d\000i\000\040\000p\000r\000e\000f\000i\000l\000t\000r\000a\000g\000g\000i\000o\000\040\000e\000d\000\040\000e\000n\000h\000a\000n\000c\000e\000m\000e\000n\000t}{}% 1
\BOOKMARK [1][-]{section.1.1}{\376\377\000F\000i\000l\000t\000r\000a\000g\000g\000i\000\040\000i\000n\000i\000z\000i\000a\000l\000i}{chapter.1}% 2
\BOOKMARK [2][-]{subsection.1.1.1}{\376\377\000C\000o\000n\000t\000r\000a\000s\000t\000\040\000s\000t\000r\000e\000c\000h\000i\000n\000g}{section.1.1}% 3
\BOOKMARK [2][-]{subsection.1.1.2}{\376\377\000M\000a\000n\000i\000p\000o\000l\000a\000z\000i\000o\000n\000e\000\040\000d\000e\000l\000l\000'\000i\000s\000t\000o\000g\000r\000a\000m\000m\000a}{section.1.1}% 4
\BOOKMARK [2][-]{subsection.1.1.3}{\376\377\000F\000i\000l\000t\000r\000o\000\040\000d\000i\000\040\000W\000i\000e\000n\000e\000r}{section.1.1}% 5
\BOOKMARK [2][-]{subsection.1.1.4}{\376\377\000N\000o\000r\000m\000a\000l\000i\000z\000z\000a\000z\000i\000o\000n\000e}{section.1.1}% 6
\BOOKMARK [2][-]{subsection.1.1.5}{\376\377\000S\000e\000g\000m\000e\000n\000t\000a\000z\000i\000o\000n\000e}{section.1.1}% 7
\BOOKMARK [2][-]{subsection.1.1.6}{\376\377\000R\000e\000g\000i\000o\000n\000i\000\040\000c\000o\000n\000\040\000d\000i\000v\000e\000r\000s\000a\000\040\000q\000u\000a\000l\000i\000t\000\340}{section.1.1}% 8
\BOOKMARK [1][-]{section.1.2}{\376\377\000M\000a\000n\000i\000p\000o\000l\000a\000z\000i\000o\000n\000e\000\040\000d\000e\000l\000l\000'\000i\000m\000m\000a\000g\000i\000n\000e\000\040\000\050\000e\000n\000h\000a\000n\000c\000e\000m\000e\000n\000t\000\051}{chapter.1}% 9
\BOOKMARK [2][-]{subsection.1.2.1}{\376\377\000F\000i\000l\000t\000r\000i\000\040\000c\000o\000n\000t\000e\000s\000t\000u\000a\000l\000i}{section.1.2}% 10
\BOOKMARK [2][-]{subsection.1.2.2}{\376\377\000F\000i\000l\000t\000r\000o\000\040\000d\000i\000\040\000O\000'\000G\000o\000r\000m\000a\000n\000\040\000e\000\040\000N\000i\000c\000k\000e\000r\000s\000o\000n}{section.1.2}% 11
\BOOKMARK [0][-]{chapter.2}{\376\377\000E\000s\000t\000r\000a\000z\000i\000o\000n\000e\000\040\000d\000i\000\040\000c\000a\000r\000a\000t\000t\000e\000r\000i\000s\000t\000i\000c\000h\000e}{}% 12
\BOOKMARK [1][-]{section.2.1}{\376\377\000C\000a\000r\000a\000t\000t\000e\000r\000i\000s\000t\000i\000c\000h\000e\000\040\000d\000i\000\040\000I\000\040\000l\000i\000v\000e\000l\000l\000o}{chapter.2}% 13
\BOOKMARK [2][-]{subsection.2.1.1}{\376\377\000R\000i\000d\000g\000e\000\040\000c\000o\000u\000n\000t\000i\000n\000g}{section.2.1}% 14
\BOOKMARK [2][-]{subsection.2.1.2}{\376\377\000A\000n\000a\000l\000i\000s\000i\000\040\000d\000e\000l\000l\000e\000\040\000f\000r\000e\000q\000u\000e\000n\000z\000e\000\040\000s\000p\000a\000z\000i\000a\000l\000i}{section.2.1}% 15
\BOOKMARK [2][-]{subsection.2.1.3}{\376\377\000C\000o\000r\000e\000\040\000d\000e\000t\000e\000c\000t\000i\000o\000n\000:\000\040\000m\000e\000t\000o\000d\000o\000\040\000d\000e\000l\000l\000e\000\040\000n\000o\000r\000m\000a\000l\000i}{section.2.1}% 16
\BOOKMARK [1][-]{section.2.2}{\376\377\000E\000s\000t\000r\000a\000z\000i\000o\000n\000e\000\040\000d\000e\000l\000l\000e\000\040\000m\000i\000n\000u\000z\000i\000e\000\040\000d\000i\000\040\000I\000I\000\040\000l\000i\000v\000e\000l\000l\000o}{chapter.2}% 17
\BOOKMARK [2][-]{subsection.2.2.1}{\376\377\000M\000e\000t\000o\000d\000i\000\040\000d\000i\000\040\000b\000i\000n\000a\000r\000i\000z\000z\000a\000z\000i\000o\000n\000e}{section.2.2}% 18
\BOOKMARK [2][-]{subsection.2.2.2}{\376\377\000T\000h\000i\000n\000n\000i\000n\000g}{section.2.2}% 19
\BOOKMARK [2][-]{subsection.2.2.3}{\376\377\000C\000o\000m\000e\000\040\000i\000d\000e\000n\000t\000i\000f\000i\000c\000a\000r\000e\000\040\000l\000e\000\040\000m\000i\000n\000u\000z\000i\000e}{section.2.2}% 20
\BOOKMARK [2][-]{subsection.2.2.4}{\376\377\000M\000e\000t\000o\000d\000i\000\040\000d\000i\000\040\000p\000o\000s\000t\000\040\000p\000r\000o\000c\000e\000s\000s\000i\000n\000g}{section.2.2}% 21
\BOOKMARK [1][-]{section.2.3}{\376\377\000E\000s\000t\000r\000a\000z\000i\000o\000n\000e\000\040\000d\000e\000l\000l\000e\000\040\000m\000i\000n\000u\000z\000i\000e\000\040\000d\000i\000\040\000I\000I\000I\000\040\000l\000i\000v\000e\000l\000l\000o}{chapter.2}% 22
\BOOKMARK [0][-]{chapter.3}{\376\377\000S\000p\000o\000o\000f\000i\000n\000g\000\040\000e\000\040\000A\000n\000t\000i\000-\000S\000p\000o\000o\000f\000i\000n\000g}{}% 23
\BOOKMARK [1][-]{section.3.1}{\376\377\000T\000e\000s\000t\000\040\000d\000i\000\040\000v\000i\000t\000a\000l\000i\000t\000\340\000\040\000p\000e\000r\000\040\000s\000e\000n\000s\000o\000r\000i\000\040\000o\000t\000t\000i\000c\000i}{chapter.3}% 24
\BOOKMARK [1][-]{section.3.2}{\376\377\000T\000e\000s\000t\000\040\000d\000i\000\040\000v\000i\000t\000a\000l\000i\000t\000\340\000\040\000p\000e\000r\000\040\000s\000e\000n\000s\000o\000r\000i\000\040\000a\000l\000l\000o\000\040\000s\000t\000a\000t\000o\000\040\000s\000o\000l\000i\000d\000o}{chapter.3}% 25
