\BOOKMARK [0][-]{chapter.1}{\376\377\000C\000a\000r\000a\000t\000t\000e\000r\000i\000s\000t\000i\000c\000h\000e\000\040\000d\000e\000l\000l\000'\000i\000r\000i\000d\000e\000\040\000e\000\040\000c\000r\000e\000a\000z\000i\000o\000n\000e\000\040\000d\000e\000l\000l\000'\000I\000r\000i\000s\000c\000o\000d\000e}{}% 1
\BOOKMARK [1][-]{section.1.1}{\376\377\000V\000a\000n\000t\000a\000g\000g\000i\000\040\000e\000\040\000s\000v\000a\000n\000t\000a\000g\000g\000i}{chapter.1}% 2
\BOOKMARK [1][-]{section.1.2}{\376\377\000S\000t\000r\000u\000t\000t\000u\000r\000a\000\040\000d\000e\000l\000l\000'\000i\000r\000i\000d\000e}{chapter.1}% 3
\BOOKMARK [1][-]{section.1.3}{\376\377\000U\000n\000i\000c\000i\000t\000\340\000\040\000d\000e\000l\000l\000'\000i\000r\000i\000d\000e}{chapter.1}% 4
\BOOKMARK [1][-]{section.1.4}{\376\377\000R\000a\000p\000p\000r\000e\000s\000e\000n\000t\000a\000z\000i\000o\000n\000e\000\040\000d\000e\000l\000l\000e\000\040\000i\000r\000i\000d\000i}{chapter.1}% 5
\BOOKMARK [2][-]{subsection.1.4.1}{\376\377\000C\000a\000l\000c\000o\000l\000o\000\040\000d\000e\000i\000\040\000c\000e\000n\000t\000r\000i\000\040\000e\000\040\000r\000a\000g\000g\000i\000\040\000d\000i\000\040\000i\000r\000i\000d\000e\000\040\000e\000\040\000p\000u\000p\000i\000l\000l\000a}{section.1.4}% 6
\BOOKMARK [2][-]{subsection.1.4.2}{\376\377\000R\000i\000m\000o\000z\000i\000o\000n\000e\000\040\000d\000i\000\040\000p\000a\000l\000p\000e\000b\000r\000e\000\040\000e\000\040\000c\000i\000g\000l\000i\000a}{section.1.4}% 7
\BOOKMARK [2][-]{subsection.1.4.3}{\376\377\000L\000i\000n\000e\000a\000r\000i\000z\000z\000a\000i\000o\000n\000e\000\040\000d\000e\000l\000l\000'\000i\000r\000i\000d\000e}{section.1.4}% 8
\BOOKMARK [1][-]{section.1.5}{\376\377\000P\000r\000o\000p\000r\000i\000e\000t\000\340\000\040\000d\000e\000l\000l\000'\000i\000r\000i\000s\000\040\000c\000o\000d\000e}{chapter.1}% 9
\BOOKMARK [0][-]{chapter.2}{\376\377\000A\000l\000g\000o\000r\000i\000t\000m\000i\000\040\000d\000i\000\040\000e\000n\000h\000a\000n\000c\000e\000m\000e\000n\000t\000\040\000e\000\040\000p\000r\000e\000f\000i\000l\000t\000r\000a\000g\000g\000i\000o}{}% 10
\BOOKMARK [1][-]{section.2.1}{\376\377\000C\000o\000n\000t\000r\000o\000l\000l\000o\000\040\000q\000u\000a\000l\000i\000t\000\340\000\040\000d\000e\000l\000\040\000s\000a\000m\000p\000l\000e}{chapter.2}% 11
\BOOKMARK [2][-]{subsection.2.1.1}{\376\377\000F\000o\000c\000u\000s\000\040\000a\000s\000s\000e\000s\000s\000e\000m\000e\000n\000t}{section.2.1}% 12
\BOOKMARK [2][-]{subsection.2.1.2}{\376\377\000A\000c\000q\000u\000i\000s\000i\000z\000i\000o\000n\000i\000\040\000f\000u\000o\000r\000i\000\040\000f\000u\000o\000c\000o}{section.2.1}% 13
\BOOKMARK [1][-]{section.2.2}{\376\377\000C\000o\000n\000t\000r\000a\000s\000t\000\040\000A\000d\000j\000u\000s\000t\000m\000e\000n\000t}{chapter.2}% 14
\BOOKMARK [1][-]{section.2.3}{\376\377\000M\000o\000d\000u\000l\000o\000\040\000E\000s\000t\000r\000a\000z\000i\000o\000n\000e\000\040\000d\000e\000l\000l\000e\000\040\000F\000e\000a\000t\000u\000r\000e}{chapter.2}% 15
\BOOKMARK [2][-]{subsection.2.3.1}{\376\377\000C\000o\000m\000e\000\040\000t\000r\000o\000v\000a\000r\000e\000\040\000l\000'\000i\000r\000i\000d\000e}{section.2.3}% 16
\BOOKMARK [0][-]{chapter.3}{\376\377\000A\000l\000g\000o\000r\000i\000t\000m\000i\000\040\000d\000i\000\040\000m\000a\000t\000c\000h\000i\000n\000g\000\040\000e\000\040\000p\000r\000e\000s\000t\000a\000z\000i\000o\000n\000i}{}% 17
\BOOKMARK [1][-]{section.3.1}{\376\377\000D\000i\000s\000t\000r\000i\000b\000u\000z\000i\000o\000n\000e\000\040\000d\000e\000i\000\040\000b\000i\000t\000\040\000n\000e\000l\000l\000'\000i\000r\000i\000s\000c\000o\000d\000e}{chapter.3}% 18
\BOOKMARK [1][-]{section.3.2}{\376\377\000A\000l\000c\000u\000n\000i\000\040\000f\000a\000t\000t\000o\000r\000i\000\040\000c\000h\000e\000\040\000a\000u\000m\000e\000n\000t\000a\000n\000o\000\040\000l\000a\000\040\000v\000a\000r\000i\000a\000b\000i\000l\000i\000t\000\340\000\040\000i\000n\000t\000r\000a\000c\000l\000a\000s\000s\000e}{chapter.3}% 19
\BOOKMARK [1][-]{section.3.3}{\376\377\000A\000l\000g\000o\000r\000i\000t\000m\000i\000\040\000d\000i\000\040\000m\000a\000t\000c\000h\000i\000n\000g}{chapter.3}% 20
\BOOKMARK [1][-]{section.3.4}{\376\377\000M\000a\000s\000c\000h\000e\000r\000e}{chapter.3}% 21
\BOOKMARK [2][-]{subsection.3.4.1}{\376\377\000C\000r\000e\000a\000z\000i\000o\000n\000e\000\040\000d\000e\000l\000l\000e\000\040\000m\000a\000s\000c\000h\000e\000r\000e}{section.3.4}% 22
\BOOKMARK [2][-]{subsection.3.4.2}{\376\377\000U\000s\000o\000\040\000d\000e\000l\000l\000e\000\040\000m\000a\000s\000c\000h\000e\000r\000e}{section.3.4}% 23
\BOOKMARK [1][-]{section.3.5}{\376\377\000V\000e\000l\000o\000c\000i\000t\000\340\000\040\000d\000e\000l\000\040\000m\000a\000t\000c\000h\000i\000n\000g}{chapter.3}% 24
\BOOKMARK [1][-]{section.3.6}{\376\377\000D\000i\000s\000t\000r\000i\000b\000u\000z\000i\000o\000n\000e\000\040\000d\000e\000l\000\040\000m\000a\000t\000c\000h\000\040\000s\000c\000o\000r\000e}{chapter.3}% 25
\BOOKMARK [1][-]{section.3.7}{\376\377\000S\000v\000a\000n\000t\000a\000g\000g\000i\000\040\000d\000e\000l\000l\000a\000\040\000t\000e\000c\000n\000i\000c\000a}{chapter.3}% 26
\BOOKMARK [2][-]{subsection.3.7.1}{\376\377\000F\000T\000A\000\040\000e\000\040\000F\000T\000E\000\040\000i\000r\000i\000d\000e}{section.3.7}% 27
\BOOKMARK [0][-]{chapter.4}{\376\377\000S\000p\000o\000o\000f\000i\000n\000g\000\040\000e\000\040\000A\000n\000t\000i\000-\000S\000p\000o\000o\000f\000i\000n\000g}{}% 28
\BOOKMARK [1][-]{section.4.1}{\376\377\000W\000a\000t\000c\000h\000\040\000L\000i\000s\000t}{chapter.4}% 29
\BOOKMARK [1][-]{section.4.2}{\376\377\000P\000r\000o\000b\000l\000e\000m\000i\000\040\000d\000i\000\040\000p\000r\000i\000v\000a\000c\000y}{chapter.4}% 30
\BOOKMARK [1][-]{section.4.3}{\376\377\000F\000r\000o\000d\000i\000\040\000a\000t\000t\000u\000a\000b\000i\000l\000i\000\040\000s\000u\000l\000\040\000s\000i\000s\000t\000e\000m\000a}{chapter.4}% 31
\BOOKMARK [2][-]{subsection.4.3.1}{\376\377\000A\000t\000t\000a\000c\000c\000h\000i\000\040\000a\000l\000\040\000s\000e\000n\000s\000o\000r\000e}{section.4.3}% 32
\BOOKMARK [1][-]{section.4.4}{\376\377\000P\000o\000s\000s\000i\000b\000i\000l\000i\000\040\000c\000o\000n\000t\000r\000o\000l\000l\000i}{chapter.4}% 33
\BOOKMARK [2][-]{subsection.4.4.1}{\376\377\000T\000e\000m\000p\000i\000\040\000d\000i\000\040\000r\000e\000a\000z\000i\000o\000n\000e\000\040\000d\000e\000l\000l\000a\000\040\000p\000u\000p\000i\000l\000l\000a}{section.4.4}% 34
\BOOKMARK [2][-]{subsection.4.4.2}{\376\377\000S\000p\000e\000t\000t\000r\000o\000m\000e\000t\000r\000i\000a\000\040\000e\000\040\000t\000e\000r\000m\000o\000g\000r\000a\000f\000i\000a\000\040\000d\000e\000l\000l\000'\000o\000c\000c\000h\000i\000o}{section.4.4}% 35
\BOOKMARK [1][-]{section.4.5}{\376\377\000A\000l\000t\000r\000e\000\040\000c\000o\000n\000t\000r\000o\000m\000i\000s\000u\000r\000e\000:\000\040\000p\000e\000r\000m\000u\000t\000a\000z\000i\000o\000n\000i}{chapter.4}% 36
\BOOKMARK [1][-]{section.4.6}{\376\377\000G\000e\000n\000e\000r\000a\000z\000i\000o\000n\000e\000\040\000s\000i\000n\000t\000e\000t\000i\000c\000a\000\040\000d\000i\000\040\000i\000r\000i\000d\000i}{chapter.4}% 37
