\BOOKMARK [0][-]{chapter.1}{\376\377\000I\000n\000t\000r\000o\000d\000u\000z\000i\000o\000n\000e\000\040\000a\000l\000l\000a\000\040\000b\000i\000o\000m\000e\000t\000r\000i\000a}{}% 1
\BOOKMARK [1][-]{section.1.1}{\376\377\000R\000i\000c\000o\000n\000o\000s\000c\000i\000m\000e\000n\000t\000o\000\040\000b\000i\000o\000m\000e\000t\000r\000i\000c\000o\000\040\000e\000\040\000t\000e\000c\000n\000i\000c\000h\000e\000\040\000t\000r\000a\000d\000i\000z\000i\000o\000n\000a\000l\000i}{chapter.1}% 2
\BOOKMARK [2][-]{subsection.1.1.1}{\376\377\000R\000i\000c\000o\000n\000o\000s\000c\000i\000m\000e\000n\000t\000o}{section.1.1}% 3
\BOOKMARK [2][-]{subsection.1.1.2}{\376\377\000M\000e\000t\000o\000d\000i\000\040\000c\000l\000a\000s\000s\000i\000c\000i\000\040\000d\000i\000\040\000a\000u\000t\000e\000n\000t\000i\000c\000a\000z\000i\000o\000n\000e}{section.1.1}% 4
\BOOKMARK [2][-]{subsection.1.1.3}{\376\377\000M\000e\000t\000o\000d\000i\000\040\000b\000i\000o\000m\000e\000t\000r\000i\000c\000i}{section.1.1}% 5
\BOOKMARK [1][-]{section.1.2}{\376\377\000A\000s\000p\000e\000t\000t\000o\000\040\000e\000\040\000f\000u\000n\000z\000i\000o\000n\000a\000m\000e\000n\000t\000o\000\040\000d\000e\000i\000\040\000s\000i\000s\000t\000e\000m\000i\000\040\000b\000i\000o\000m\000e\000t\000r\000i\000c\000i}{chapter.1}% 6
\BOOKMARK [1][-]{section.1.3}{\376\377\000T\000r\000a\000t\000t\000i\000\040\000b\000i\000o\000m\000e\000t\000r\000i\000c\000i\000:\000\040\000c\000a\000r\000a\000t\000t\000e\000r\000i\000s\000t\000i\000c\000h\000e}{chapter.1}% 7
\BOOKMARK [1][-]{section.1.4}{\376\377\000C\000o\000m\000p\000a\000r\000a\000z\000i\000o\000n\000e\000\040\000d\000e\000i\000\040\000s\000i\000s\000t\000e\000m\000i\000\040\000b\000i\000o\000m\000e\000t\000r\000i\000c\000i}{chapter.1}% 8
\BOOKMARK [1][-]{section.1.5}{\376\377\000I\000m\000p\000i\000e\000g\000o\000\040\000d\000i\000\040\000u\000n\000\040\000s\000i\000s\000t\000e\000m\000a\000\040\000b\000i\000o\000m\000e\000t\000r\000i\000c\000o\000:\000\040\000a\000s\000p\000e\000t\000t\000i\000\040\000d\000i\000\040\000p\000r\000i\000v\000a\000c\000y\000\040\000e\000\040\000l\000e\000g\000i\000s\000l\000a\000t\000i\000v\000i}{chapter.1}% 9
\BOOKMARK [2][-]{subsection.1.5.1}{\376\377\000D\000e\000c\000a\000l\000o\000g\000o\000\040\000d\000e\000l\000\040\000g\000a\000r\000a\000n\000t\000e\000\040\000s\000u\000l\000l\000a\000\040\000b\000i\000o\000m\000e\000t\000r\000i\000a}{section.1.5}% 10
\BOOKMARK [2][-]{subsection.1.5.2}{\376\377\000G\000D\000P\000R}{section.1.5}% 11
\BOOKMARK [0][-]{chapter.2}{\376\377\000S\000i\000s\000t\000e\000m\000a\000\040\000b\000i\000o\000m\000e\000t\000r\000i\000c\000o\000:\000\040\000e\000l\000e\000m\000e\000n\000t\000i\000\040\000c\000a\000r\000a\000t\000t\000e\000r\000i\000s\000t\000i\000c\000i}{}% 12
\BOOKMARK [1][-]{section.2.1}{\376\377\000S\000t\000r\000u\000t\000t\000u\000r\000a\000\040\000d\000i\000\040\000u\000n\000\040\000s\000i\000s\000t\000e\000m\000a\000\040\000b\000i\000o\000m\000e\000t\000r\000i\000c\000o}{chapter.2}% 13
\BOOKMARK [2][-]{subsection.2.1.1}{\376\377\000S\000t\000r\000u\000t\000t\000u\000r\000a\000\040\000d\000i\000\040\000u\000n\000\040\000s\000i\000s\000t\000e\000m\000a\000\040\000b\000i\000o\000m\000e\000t\000r\000i\000c\000o\000\040\000\050\000g\000e\000n\000e\000r\000a\000l\000e\000\051}{section.2.1}% 14
\BOOKMARK [2][-]{subsection.2.1.2}{\376\377\000S\000t\000r\000u\000t\000t\000u\000r\000a\000\040\000p\000e\000r\000\040\000d\000o\000c\000u\000m\000e\000n\000t\000i\000\040\000b\000i\000o\000m\000e\000t\000r\000i\000c\000i}{section.2.1}% 15
\BOOKMARK [2][-]{subsection.2.1.3}{\376\377\000S\000t\000r\000u\000t\000t\000u\000r\000a\000\040\000d\000e\000i\000\040\000s\000i\000s\000t\000e\000m\000i\000\040\000m\000u\000l\000t\000i\000m\000o\000d\000a\000l\000i}{section.2.1}% 16
\BOOKMARK [2][-]{subsection.2.1.4}{\376\377\000S\000t\000r\000u\000t\000t\000u\000r\000a\000\040\000d\000e\000i\000\040\000s\000i\000s\000t\000e\000m\000i\000\040\000b\000i\000o\000m\000e\000t\000r\000i\000c\000i\000\040\000d\000i\000s\000t\000r\000i\000b\000u\000i\000t\000i}{section.2.1}% 17
\BOOKMARK [2][-]{subsection.2.1.5}{\376\377\000S\000i\000s\000t\000e\000m\000i\000\040\000b\000i\000o\000m\000e\000t\000r\000i\000c\000i\000\040\000o\000n\000\040\000c\000a\000r\000d}{section.2.1}% 18
\BOOKMARK [1][-]{section.2.2}{\376\377\000T\000r\000a\000t\000t\000o\000\040\000b\000i\000o\000m\000e\000t\000r\000i\000c\000o\000:\000\040\000a\000s\000p\000e\000t\000t\000i\000\040\000a\000n\000a\000l\000i\000t\000i\000c\000i}{chapter.2}% 19
\BOOKMARK [0][-]{chapter.3}{\376\377\000R\000e\000g\000o\000l\000e\000\040\000G\000e\000n\000e\000r\000a\000l\000i\000\040\000d\000i\000\040\000P\000r\000o\000g\000e\000t\000t\000a\000z\000i\000o\000n\000e}{}% 20
\BOOKMARK [1][-]{section.3.1}{\376\377\000A\000c\000q\000u\000i\000s\000i\000z\000i\000o\000n\000e\000\040\000d\000e\000l\000\040\000t\000r\000a\000t\000t\000o}{chapter.3}% 21
\BOOKMARK [2][-]{subsection.3.1.1}{\376\377\000C\000o\000n\000t\000r\000o\000l\000l\000o\000\040\000d\000e\000l\000l\000a\000\040\000q\000u\000a\000l\000i\000t\000\340}{section.3.1}% 22
\BOOKMARK [1][-]{section.3.2}{\376\377\000R\000a\000p\000p\000r\000e\000s\000e\000n\000t\000a\000z\000i\000o\000n\000e}{chapter.3}% 23
\BOOKMARK [2][-]{subsection.3.2.1}{\376\377\000R\000a\000p\000p\000r\000e\000s\000e\000n\000t\000a\000z\000i\000o\000n\000e\000\040\000d\000e\000l\000\040\000s\000a\000m\000p\000l\000e}{section.3.2}% 24
\BOOKMARK [2][-]{subsection.3.2.2}{\376\377\000E\000s\000t\000r\000a\000z\000i\000o\000n\000e\000\040\000d\000i\000\040\000c\000a\000r\000a\000t\000t\000e\000r\000i\000s\000t\000i\000c\000h\000e}{section.3.2}% 25
\BOOKMARK [1][-]{section.3.3}{\376\377\000M\000a\000t\000c\000h\000i\000n\000g}{chapter.3}% 26
\BOOKMARK [1][-]{section.3.4}{\376\377\000R\000i\000c\000e\000r\000c\000a\000\040\000e\000d\000\040\000o\000r\000g\000a\000n\000i\000z\000z\000a\000z\000i\000o\000n\000e\000\040\000d\000e\000i\000\040\000D\000B\000\040\000b\000i\000o\000m\000e\000t\000r\000i\000c\000i}{chapter.3}% 27
\BOOKMARK [2][-]{subsection.3.4.1}{\376\377\000O\000r\000g\000a\000n\000i\000z\000z\000a\000z\000i\000o\000n\000e\000\040\000d\000e\000l\000\040\000D\000B\000\040\000\050\000i\000n\000d\000e\000x\000i\000n\000g\000\051\000\040\000e\000\040\000t\000a\000s\000s\000o\000\040\000d\000i\000\040\000p\000r\000e\000n\000e\000t\000a\000z\000i\000o\000n\000e\000\040\000n\000e\000l\000\040\000D\000B}{section.3.4}% 28
\BOOKMARK [2][-]{subsection.3.4.2}{\376\377\000B\000i\000n\000n\000i\000n\000g}{section.3.4}% 29
\BOOKMARK [0][-]{chapter.4}{\376\377\000I\000n\000t\000r\000o\000d\000u\000z\000i\000o\000n\000e\000\040\000a\000l\000l\000a\000\040\000m\000i\000s\000u\000r\000a\000\040\000d\000e\000i\000\040\000p\000a\000r\000a\000m\000e\000t\000r\000i}{}% 30
\BOOKMARK [1][-]{section.4.1}{\376\377\000V\000e\000r\000i\000f\000i\000c\000a\000\040\000e\000\040\000I\000d\000e\000n\000t\000i\000f\000i\000c\000a\000z\000i\000o\000n\000e}{chapter.4}% 31
\BOOKMARK [2][-]{subsection.4.1.1}{\376\377\000V\000e\000r\000i\000f\000i\000c\000a}{section.4.1}% 32
\BOOKMARK [2][-]{subsection.4.1.2}{\376\377\000I\000d\000e\000n\000t\000i\000f\000i\000c\000a\000z\000i\000o\000n\000e}{section.4.1}% 33
\BOOKMARK [1][-]{section.4.2}{\376\377\000D\000i\000s\000t\000a\000n\000z\000a\000\040\000t\000r\000a\000\040\000t\000e\000m\000p\000l\000a\000t\000e}{chapter.4}% 34
\BOOKMARK [2][-]{subsection.4.2.1}{\376\377\000D\000i\000s\000t\000r\000i\000b\000u\000z\000i\000o\000n\000i\000\040\000d\000e\000i\000\040\000m\000a\000t\000c\000h\000\040\000s\000c\000o\000r\000e}{section.4.2}% 35
\BOOKMARK [1][-]{section.4.3}{\376\377\000F\000a\000l\000s\000e\000\040\000M\000a\000t\000c\000h\000\040\000e\000\040\000F\000a\000l\000s\000e\000\040\000N\000o\000n\000-\000M\000a\000t\000c\000h}{chapter.4}% 36
\BOOKMARK [2][-]{subsection.4.3.1}{\376\377\000F\000M\000\040\000R\000a\000t\000e\000,\000\040\000F\000N\000M\000\040\000R\000a\000t\000e}{section.4.3}% 37
\BOOKMARK [1][-]{section.4.4}{\376\377\000D\000e\000c\000i\000s\000i\000o\000n\000\040\000E\000r\000r\000o\000r\000\040\000T\000r\000a\000d\000e\000o\000f\000f\000\040\000\050\000D\000E\000T\000\051\000\040\000e\000\040\000R\000e\000c\000e\000i\000v\000e\000r\000\040\000O\000p\000e\000r\000a\000t\000i\000n\000g\000\040\000C\000h\000a\000r\000a\000c\000t\000e\000r\000i\000s\000t\000i\000c\000\040\000\050\000R\000O\000C\000\051}{chapter.4}% 38
\BOOKMARK [1][-]{section.4.5}{\376\377\000M\000e\000t\000o\000d\000i\000\040\000s\000t\000a\000t\000i\000s\000t\000i\000c\000i\000\040\000p\000e\000r\000\040\000l\000a\000\040\000s\000t\000i\000m\000a\000\040\000d\000e\000i\000\040\000p\000a\000r\000a\000m\000e\000t\000r\000i\000\040\000i\000n\000\040\000u\000n\000\040\000s\000i\000s\000t\000e\000m\000a\000\040\000b\000i\000o\000m\000e\000t\000r\000i\000c\000o}{chapter.4}% 39
\BOOKMARK [2][-]{subsection.4.5.1}{\376\377\000C\000h\000e\000\040\000m\000o\000d\000e\000l\000l\000o\000\040\000u\000s\000i\000a\000m\000o\000?}{section.4.5}% 40
\BOOKMARK [2][-]{subsection.4.5.2}{\376\377\000R\000e\000g\000o\000l\000a\000\040\000d\000e\000i\000\040\0003}{section.4.5}% 41
\BOOKMARK [2][-]{subsection.4.5.3}{\376\377\000R\000e\000g\000o\000l\000a\000\040\000d\000e\000i\000\040\0003\0000}{section.4.5}% 42
\BOOKMARK [0][-]{chapter.5}{\376\377\000S\000i\000s\000t\000e\000m\000i\000\040\000b\000i\000o\000m\000e\000t\000r\000i\000c\000i\000\040\000b\000a\000s\000a\000t\000i\000\040\000s\000u\000\040\000i\000m\000p\000r\000o\000n\000t\000e\000\040\000d\000i\000g\000i\000t\000a\000l\000i}{}% 43
\BOOKMARK [1][-]{section.5.1}{\376\377\000I\000n\000t\000r\000o\000d\000u\000z\000i\000o\000n\000e}{chapter.5}% 44
\BOOKMARK [2][-]{subsection.5.1.1}{\376\377\000S\000i\000s\000t\000e\000m\000a\000\040\000d\000i\000\040\000c\000l\000a\000s\000s\000i\000f\000i\000c\000a\000z\000i\000o\000n\000e\000\040\000a\000t\000t\000u\000a\000l\000e}{section.5.1}% 45
\BOOKMARK [2][-]{subsection.5.1.2}{\376\377\000A\000l\000c\000u\000n\000e\000\040\000a\000p\000p\000l\000i\000c\000a\000z\000i\000o\000n\000i\000\040\000b\000a\000s\000a\000t\000e\000\040\000s\000u\000l\000l\000e\000\040\000i\000m\000p\000r\000o\000n\000t\000e}{section.5.1}% 46
\BOOKMARK [2][-]{subsection.5.1.3}{\376\377\000S\000i\000s\000t\000e\000m\000i\000\040\000A\000F\000I\000S}{section.5.1}% 47
\BOOKMARK [2][-]{subsection.5.1.4}{\376\377\000P\000u\000n\000t\000i\000\040\000d\000i\000\040\000f\000o\000r\000z\000a\000\040\000e\000\040\000d\000i\000\040\000d\000e\000b\000o\000l\000e\000z\000z\000a}{section.5.1}% 48
\BOOKMARK [2][-]{subsection.5.1.5}{\376\377\000I\000\040\000t\000r\000e\000\040\000l\000i\000v\000e\000l\000l\000i\000\040\000d\000i\000\040\000a\000n\000a\000l\000i\000s\000i\000\040\000d\000e\000l\000l\000e\000\040\000i\000m\000p\000r\000o\000n\000t\000e}{section.5.1}% 49
\BOOKMARK [2][-]{subsection.5.1.6}{\376\377\000Q\000u\000a\000n\000t\000o\000\040\000d\000i\000v\000e\000r\000s\000e\000?}{section.5.1}% 50
\BOOKMARK [2][-]{subsection.5.1.7}{\376\377\000A\000t\000t\000u\000a\000l\000i\000\040\000c\000r\000i\000t\000i\000c\000i\000t\000\340\000\040\000d\000e\000i\000\040\000s\000i\000s\000t\000e\000m\000i\000\040\000A\000F\000I\000S}{section.5.1}% 51
\BOOKMARK [1][-]{section.5.2}{\376\377\000T\000i\000p\000o\000l\000o\000g\000i\000e\000\040\000d\000i\000\040\000s\000e\000n\000s\000o\000r\000i\000\040\000e\000\040\000c\000a\000r\000a\000t\000t\000e\000r\000i\000s\000t\000i\000c\000h\000e}{chapter.5}% 52
\BOOKMARK [2][-]{subsection.5.2.1}{\376\377\000M\000o\000d\000a\000l\000i\000t\000\340\000\040\000d\000i\000\040\000a\000c\000q\000u\000i\000s\000i\000z\000i\000o\000n\000e}{section.5.2}% 53
\BOOKMARK [2][-]{subsection.5.2.2}{\376\377\000P\000r\000o\000p\000r\000i\000e\000t\000\340\000\040\000d\000e\000l\000\040\000s\000e\000n\000s\000o\000r\000e}{section.5.2}% 54
\BOOKMARK [2][-]{subsection.5.2.3}{\376\377\000S\000e\000n\000s\000o\000r\000i\000\040\000o\000t\000t\000i\000c\000i}{section.5.2}% 55
\BOOKMARK [2][-]{subsection.5.2.4}{\376\377\000S\000e\000n\000s\000o\000r\000i\000\040\000a\000\040\000s\000t\000a\000t\000o\000\040\000s\000o\000l\000i\000d\000o}{section.5.2}% 56
\BOOKMARK [2][-]{subsection.5.2.5}{\376\377\000S\000e\000n\000s\000o\000r\000i\000\040\0003\000D\000\040\000\050\000u\000l\000t\000r\000a\000s\000u\000o\000n\000i\000\051}{section.5.2}% 57
\BOOKMARK [2][-]{subsection.5.2.6}{\376\377\000P\000r\000o\000b\000l\000e\000m\000i\000\040\000d\000i\000\040\000a\000c\000q\000u\000i\000s\000i\000z\000i\000o\000n\000e\000:\000\040\000p\000r\000e\000s\000s\000i\000o\000n\000e}{section.5.2}% 58
\BOOKMARK [1][-]{section.5.3}{\376\377\000R\000a\000p\000p\000r\000e\000s\000e\000n\000t\000a\000z\000i\000o\000n\000e\000,\000\040\000c\000o\000m\000p\000r\000e\000s\000s\000i\000o\000n\000e\000,\000\040\000e\000\040\000n\000o\000n\000\040\000u\000n\000i\000c\000i\000t\000\340}{chapter.5}% 59
\BOOKMARK [2][-]{subsection.5.3.1}{\376\377\000R\000a\000p\000p\000r\000e\000s\000e\000n\000t\000a\000z\000i\000o\000n\000e\000\040\000d\000e\000l\000l\000e\000\040\000i\000m\000p\000r\000o\000n\000t\000e}{section.5.3}% 60
\BOOKMARK [2][-]{subsection.5.3.2}{\376\377\000U\000n\000i\000c\000i\000t\000\340\000\040\000d\000e\000l\000l\000e\000\040\000i\000m\000p\000r\000o\000n\000t\000e}{section.5.3}% 61
\BOOKMARK [0][-]{chapter.6}{\376\377\000A\000l\000g\000o\000r\000i\000t\000m\000i\000\040\000p\000e\000r\000\040\000l\000e\000\040\000i\000m\000p\000r\000o\000n\000t\000e\000\040\000d\000i\000g\000i\000t\000a\000l\000i}{}% 62
\BOOKMARK [1][-]{section.6.1}{\376\377\000A\000l\000g\000o\000r\000i\000t\000m\000i\000\040\000d\000i\000\040\000p\000r\000e\000f\000i\000l\000t\000r\000a\000g\000g\000i\000o\000\040\000e\000d\000\040\000e\000n\000h\000a\000n\000c\000e\000m\000e\000n\000t}{chapter.6}% 63
\BOOKMARK [2][-]{subsection.6.1.1}{\376\377\000F\000i\000l\000t\000r\000a\000g\000g\000i\000\040\000i\000n\000i\000z\000i\000a\000l\000i}{section.6.1}% 64
\BOOKMARK [2][-]{subsection.6.1.2}{\376\377\000M\000a\000n\000i\000p\000o\000l\000a\000z\000i\000o\000n\000e\000\040\000d\000e\000l\000l\000'\000i\000m\000m\000a\000g\000i\000n\000e}{section.6.1}% 65
\BOOKMARK [1][-]{section.6.2}{\376\377\000E\000s\000t\000r\000a\000z\000i\000o\000n\000e\000\040\000d\000i\000\040\000c\000a\000r\000a\000t\000t\000e\000r\000i\000s\000t\000i\000c\000h\000e}{chapter.6}% 66
\BOOKMARK [2][-]{subsection.6.2.1}{\376\377\000R\000i\000d\000g\000e\000\040\000c\000o\000u\000n\000t\000i\000n\000g}{section.6.2}% 67
\BOOKMARK [2][-]{subsection.6.2.2}{\376\377\000A\000n\000a\000l\000i\000s\000i\000\040\000d\000e\000l\000l\000e\000\040\000f\000r\000e\000q\000u\000e\000n\000z\000e\000\040\000s\000p\000a\000z\000i\000a\000l\000i}{section.6.2}% 68
\BOOKMARK [2][-]{subsection.6.2.3}{\376\377\000C\000o\000r\000e\000\040\000d\000e\000t\000e\000c\000t\000i\000o\000n\000:\000\040\000m\000e\000t\000o\000d\000o\000\040\000d\000e\000l\000l\000e\000\040\000n\000o\000r\000m\000a\000l\000i}{section.6.2}% 69
\BOOKMARK [1][-]{section.6.3}{\376\377\000E\000s\000t\000r\000a\000z\000i\000o\000n\000e\000\040\000d\000e\000l\000l\000e\000\040\000m\000i\000n\000u\000z\000i\000e\000\040\000d\000i\000\040\000I\000I\000\040\000l\000i\000v\000e\000l\000l\000o}{chapter.6}% 70
\BOOKMARK [2][-]{subsection.6.3.1}{\376\377\000C\000o\000m\000e\000\040\000i\000d\000e\000n\000t\000i\000f\000i\000c\000a\000r\000e\000\040\000l\000e\000\040\000m\000i\000n\000u\000z\000i\000e}{section.6.3}% 71
\BOOKMARK [2][-]{subsection.6.3.2}{\376\377\000M\000e\000t\000o\000d\000i\000\040\000d\000i\000\040\000p\000o\000s\000t\000\040\000p\000r\000o\000c\000e\000s\000s\000i\000n\000g}{section.6.3}% 72
\BOOKMARK [1][-]{section.6.4}{\376\377\000E\000s\000t\000r\000a\000z\000i\000o\000n\000e\000\040\000d\000e\000l\000l\000e\000\040\000m\000i\000n\000u\000z\000i\000e\000\040\000d\000i\000\040\000I\000I\000I\000\040\000l\000i\000v\000e\000l\000l\000o}{chapter.6}% 73
\BOOKMARK [1][-]{section.6.5}{\376\377\000S\000p\000o\000o\000f\000i\000n\000g\000\040\000e\000\040\000a\000n\000t\000i\000-\000s\000p\000o\000o\000f\000i\000n\000g}{chapter.6}% 74
\BOOKMARK [2][-]{subsection.6.5.1}{\376\377\000T\000e\000s\000t\000\040\000d\000i\000\040\000v\000i\000t\000a\000l\000i\000t\000\340\000\040\000p\000e\000r\000\040\000s\000e\000n\000s\000o\000r\000i\000\040\000o\000t\000t\000i\000c\000i}{section.6.5}% 75
\BOOKMARK [2][-]{subsection.6.5.2}{\376\377\000T\000e\000s\000t\000\040\000d\000i\000\040\000v\000i\000t\000a\000l\000i\000t\000\340\000\040\000p\000e\000r\000\040\000s\000e\000n\000s\000o\000r\000i\000\040\000a\000l\000l\000o\000\040\000s\000t\000a\000t\000o\000\040\000s\000o\000l\000i\000d\000o}{section.6.5}% 76
\BOOKMARK [0][-]{chapter.7}{\376\377\000S\000i\000s\000t\000e\000m\000i\000\040\000b\000i\000o\000m\000e\000t\000r\000i\000c\000i\000\040\000b\000a\000s\000a\000t\000i\000\040\000s\000u\000l\000l\000'\000i\000r\000i\000d\000e}{}% 77
\BOOKMARK [1][-]{section.7.1}{\376\377\000V\000a\000n\000t\000a\000g\000g\000i\000\040\000e\000\040\000s\000v\000a\000n\000t\000a\000g\000g\000i}{chapter.7}% 78
\BOOKMARK [1][-]{section.7.2}{\376\377\000S\000t\000r\000u\000t\000t\000u\000r\000a\000\040\000d\000e\000l\000l\000'\000i\000r\000i\000d\000e}{chapter.7}% 79
\BOOKMARK [1][-]{section.7.3}{\376\377\000U\000n\000i\000c\000i\000t\000\340\000\040\000d\000e\000l\000l\000'\000i\000r\000i\000d\000e}{chapter.7}% 80
\BOOKMARK [1][-]{section.7.4}{\376\377\000R\000a\000p\000p\000r\000e\000s\000e\000n\000t\000a\000z\000i\000o\000n\000e\000\040\000d\000e\000l\000l\000e\000\040\000i\000r\000i\000d\000i}{chapter.7}% 81
\BOOKMARK [2][-]{subsection.7.4.1}{\376\377\000C\000a\000l\000c\000o\000l\000o\000\040\000d\000e\000i\000\040\000c\000e\000n\000t\000r\000i\000\040\000e\000\040\000r\000a\000g\000g\000i\000\040\000d\000i\000\040\000i\000r\000i\000d\000e\000\040\000e\000\040\000p\000u\000p\000i\000l\000l\000a}{section.7.4}% 82
\BOOKMARK [2][-]{subsection.7.4.2}{\376\377\000R\000i\000m\000o\000z\000i\000o\000n\000e\000\040\000d\000i\000\040\000p\000a\000l\000p\000e\000b\000r\000e\000\040\000e\000\040\000c\000i\000g\000l\000i\000a}{section.7.4}% 83
\BOOKMARK [2][-]{subsection.7.4.3}{\376\377\000L\000i\000n\000e\000a\000r\000i\000z\000z\000a\000i\000o\000n\000e\000\040\000d\000e\000l\000l\000'\000i\000r\000i\000d\000e}{section.7.4}% 84
\BOOKMARK [1][-]{section.7.5}{\376\377\000P\000r\000o\000p\000r\000i\000e\000t\000\340\000\040\000d\000e\000l\000l\000'\000i\000r\000i\000s\000\040\000c\000o\000d\000e}{chapter.7}% 85
