This is pdfTeX, Version 3.141592653-2.6-1.40.25 (TeX Live 2023/Debian) (preloaded format=pdflatex 2024.10.7)  10 OCT 2024 16:14
entering extended mode
 restricted \write18 enabled.
 file:line:error style messages enabled.
 %&-line parsing enabled.
**"/home/azi/Desktop/Appunti-Magistrale/SIstemi Biometrici/main.tex"
(/home/azi/Desktop/Appunti-Magistrale/SIstemi Biometrici/main.tex
LaTeX2e <2023-11-01> patch level 1
L3 programming layer <2024-01-22>
(/usr/share/texlive/texmf-dist/tex/latex/base/report.cls
Document Class: report 2023/05/17 v1.4n Standard LaTeX document class
(/usr/share/texlive/texmf-dist/tex/latex/base/size10.clo
File: size10.clo 2023/05/17 v1.4n Standard LaTeX file (size option)
)
\c@part=\count187
\c@chapter=\count188
\c@section=\count189
\c@subsection=\count190
\c@subsubsection=\count191
\c@paragraph=\count192
\c@subparagraph=\count193
\c@figure=\count194
\c@table=\count195
\abovecaptionskip=\skip48
\belowcaptionskip=\skip49
\bibindent=\dimen140
) (/usr/share/texlive/texmf-dist/tex/latex/graphics/graphicx.sty
Package: graphicx 2021/09/16 v1.2d Enhanced LaTeX Graphics (DPC,SPQR)
 (/usr/share/texlive/texmf-dist/tex/latex/graphics/keyval.sty
Package: keyval 2022/05/29 v1.15 key=value parser (DPC)
\KV@toks@=\toks17
) (/usr/share/texlive/texmf-dist/tex/latex/graphics/graphics.sty
Package: graphics 2022/03/10 v1.4e Standard LaTeX Graphics (DPC,SPQR)
 (/usr/share/texlive/texmf-dist/tex/latex/graphics/trig.sty
Package: trig 2021/08/11 v1.11 sin cos tan (DPC)
) (/usr/share/texlive/texmf-dist/tex/latex/graphics-cfg/graphics.cfg
File: graphics.cfg 2016/06/04 v1.11 sample graphics configuration
)
Package graphics Info: Driver file: pdftex.def on input line 107.
 (/usr/share/texlive/texmf-dist/tex/latex/graphics-def/pdftex.def
File: pdftex.def 2022/09/22 v1.2b Graphics/color driver for pdftex
))
\Gin@req@height=\dimen141
\Gin@req@width=\dimen142
) (/usr/share/texlive/texmf-dist/tex/generic/babel/babel.sty
Package: babel 2024/01/07 v24.1 The Babel package
\babel@savecnt=\count196
\U@D=\dimen143
\l@unhyphenated=\language89
 (/usr/share/texlive/texmf-dist/tex/generic/babel/txtbabel.def)
\bbl@readstream=\read2
\bbl@dirlevel=\count197
 (/usr/share/texlive/texmf-dist/tex/generic/babel-italian/italian.ldf
Language: italian 2024/01/03 v.1.5.00 Italian support for the babel system
\it@lettering=\count198
\it@doublequoteactive=\count199
\it@ISOcompliance=\count266
)) (/usr/share/texlive/texmf-dist/tex/generic/babel/locale/it/babel-italian.tex
Package babel Info: Importing font and identification data for italian
(babel)             from babel-it.ini. Reported on input line 11.
) (/usr/share/texlive/texmf-dist/tex/latex/etoolbox/etoolbox.sty
Package: etoolbox 2020/10/05 v2.5k e-TeX tools for LaTeX (JAW)
\etb@tempcnta=\count267
) (/usr/share/texlive/texmf-dist/tex/latex/l3backend/l3backend-pdftex.def
File: l3backend-pdftex.def 2024-01-04 L3 backend support: PDF output (pdfTeX)
\l__color_backend_stack_int=\count268
\l__pdf_internal_box=\box51
) (./main.aux (./chapters/chapter1.aux) (./chapters/chapter2.aux))
\openout1 = `main.aux'.

LaTeX Font Info:    Checking defaults for OML/cmm/m/it on input line 9.
LaTeX Font Info:    ... okay on input line 9.
LaTeX Font Info:    Checking defaults for OMS/cmsy/m/n on input line 9.
LaTeX Font Info:    ... okay on input line 9.
LaTeX Font Info:    Checking defaults for OT1/cmr/m/n on input line 9.
LaTeX Font Info:    ... okay on input line 9.
LaTeX Font Info:    Checking defaults for T1/cmr/m/n on input line 9.
LaTeX Font Info:    ... okay on input line 9.
LaTeX Font Info:    Checking defaults for TS1/cmr/m/n on input line 9.
LaTeX Font Info:    ... okay on input line 9.
LaTeX Font Info:    Checking defaults for OMX/cmex/m/n on input line 9.
LaTeX Font Info:    ... okay on input line 9.
LaTeX Font Info:    Checking defaults for U/cmr/m/n on input line 9.
LaTeX Font Info:    ... okay on input line 9.
 (/usr/share/texlive/texmf-dist/tex/context/base/mkii/supp-pdf.mkii
[Loading MPS to PDF converter (version 2006.09.02).]
\scratchcounter=\count269
\scratchdimen=\dimen144
\scratchbox=\box52
\nofMPsegments=\count270
\nofMParguments=\count271
\everyMPshowfont=\toks18
\MPscratchCnt=\count272
\MPscratchDim=\dimen145
\MPnumerator=\count273
\makeMPintoPDFobject=\count274
\everyMPtoPDFconversion=\toks19
) (/usr/share/texlive/texmf-dist/tex/latex/epstopdf-pkg/epstopdf-base.sty
Package: epstopdf-base 2020-01-24 v2.11 Base part for package epstopdf
Package epstopdf-base Info: Redefining graphics rule for `.eps' on input line 485.
 (/usr/share/texlive/texmf-dist/tex/latex/latexconfig/epstopdf-sys.cfg
File: epstopdf-sys.cfg 2010/07/13 v1.3 Configuration of (r)epstopdf for TeX Live
))
LaTeX Info: Redefining \it@ocap on input line 9.
LaTeX Info: Redefining \it@ccap on input line 9.


File italian.ldf warning: 
italian.ldf    With OT1 encoding guillemets are poorly faked
italian.ldf    Use T1 encoding
italian.ldf    or specify a font with command \CaporaliFrom
italian.ldf    See the documentation concerning the babel-italian typesetting
italian.ldf    on input line 9.

LaTeX Font Info:    External font `cmex10' loaded for size
(Font)              <12> on input line 11.
LaTeX Font Info:    External font `cmex10' loaded for size
(Font)              <8> on input line 11.
LaTeX Font Info:    External font `cmex10' loaded for size
(Font)              <6> on input line 11.
[1

{/var/lib/texmf/fonts/map/pdftex/updmap/pdftex.map}] (./main.toc
LaTeX Font Info:    External font `cmex10' loaded for size
(Font)              <7> on input line 4.
LaTeX Font Info:    External font `cmex10' loaded for size
(Font)              <5> on input line 4.
)
\tf@toc=\write3
\openout3 = `main.toc'.

 [1

]
\openout2 = `chapters/chapter1.aux'.

 (./chapters/chapter1.tex
Capitolo 1.
[2


{/usr/share/texmf/fonts/enc/dvips/cm-super/cm-super-ts1.enc}] [3]
<chapters/images-chap1/tradizionali_vs_biometrici.png, id=21, 1082.0425pt x 569.12625pt>
File: chapters/images-chap1/tradizionali_vs_biometrici.png Graphic file (type png)
<use chapters/images-chap1/tradizionali_vs_biometrici.png>
Package pdftex.def Info: chapters/images-chap1/tradizionali_vs_biometrici.png  used on input line 117.
(pdftex.def)             Requested size: 258.75pt x 136.0894pt.
 [4] [5 <./chapters/images-chap1/tradizionali_vs_biometrici.png>]
<chapters/images-chap1/enrollment-identification.png, id=31, 1187.43625pt x 890.32625pt>
File: chapters/images-chap1/enrollment-identification.png Graphic file (type png)
<use chapters/images-chap1/enrollment-identification.png>
Package pdftex.def Info: chapters/images-chap1/enrollment-identification.png  used on input line 179.
(pdftex.def)             Requested size: 327.74895pt x 245.7439pt.
<chapters/images-chap1/matching-score.png, id=32, 1187.43625pt x 866.23625pt>
File: chapters/images-chap1/matching-score.png Graphic file (type png)
<use chapters/images-chap1/matching-score.png>
Package pdftex.def Info: chapters/images-chap1/matching-score.png  used on input line 186.
(pdftex.def)             Requested size: 327.74895pt x 239.09468pt.
 [6] [7 <./chapters/images-chap1/enrollment-identification.png> <./chapters/images-chap1/matching-score.png>]
<chapters/images-chap1/impronte.png, id=42, 1104.125pt x 653.44125pt>
File: chapters/images-chap1/impronte.png Graphic file (type png)
<use chapters/images-chap1/impronte.png>
Package pdftex.def Info: chapters/images-chap1/impronte.png  used on input line 223.
(pdftex.def)             Requested size: 345.0pt x 204.17995pt.
 [8]
<chapters/images-chap1/volto.png, id=46, 981.6675pt x 454.69875pt>
File: chapters/images-chap1/volto.png Graphic file (type png)
<use chapters/images-chap1/volto.png>
Package pdftex.def Info: chapters/images-chap1/volto.png  used on input line 251.
(pdftex.def)             Requested size: 345.0pt x 159.79912pt.
<chapters/images-chap1/mano.png, id=47, 1074.0125pt x 644.4075pt>
File: chapters/images-chap1/mano.png Graphic file (type png)
<use chapters/images-chap1/mano.png>
Package pdftex.def Info: chapters/images-chap1/mano.png  used on input line 268.
(pdftex.def)             Requested size: 345.0pt x 207.00124pt.
 [9 <./chapters/images-chap1/impronte.png>] [10 <./chapters/images-chap1/volto.png> <./chapters/images-chap1/mano.png>] [11]
<chapters/images-chap1/comparazione.png, id=60, 878.28125pt x 531.9875pt>
File: chapters/images-chap1/comparazione.png Graphic file (type png)
<use chapters/images-chap1/comparazione.png>
Package pdftex.def Info: chapters/images-chap1/comparazione.png  used on input line 316.
(pdftex.def)             Requested size: 327.74895pt x 198.52072pt.
 [12 <./chapters/images-chap1/comparazione.png>]
<chapters/images-chap1/interoperabilita.png, id=66, 813.0375pt x 373.395pt>
File: chapters/images-chap1/interoperabilita.png Graphic file (type png)
<use chapters/images-chap1/interoperabilita.png>
Package pdftex.def Info: chapters/images-chap1/interoperabilita.png  used on input line 363.
(pdftex.def)             Requested size: 327.74895pt x 150.51765pt.
 [13 <./chapters/images-chap1/interoperabilita.png>] [14]
<chapters/images-chap1/sample.png, id=74, 319.1925pt x 130.4875pt>
File: chapters/images-chap1/sample.png Graphic file (type png)
<use chapters/images-chap1/sample.png>
Package pdftex.def Info: chapters/images-chap1/sample.png  used on input line 429.
(pdftex.def)             Requested size: 172.5pt x 70.51794pt.
<chapters/images-chap1/template.png, id=75, 311.1625pt x 90.3375pt>
File: chapters/images-chap1/template.png Graphic file (type png)
<use chapters/images-chap1/template.png>
Package pdftex.def Info: chapters/images-chap1/template.png  used on input line 451.
(pdftex.def)             Requested size: 172.5pt x 50.08138pt.
 [15 <./chapters/images-chap1/sample.png> <./chapters/images-chap1/template.png>] [16]) [17]
\openout2 = `chapters/chapter2.aux'.

 (./chapters/chapter2.tex
Capitolo 2.
<chapters/images-chap2/enrollment-gen.png, id=87, 915.42pt x 401.5pt>
File: chapters/images-chap2/enrollment-gen.png Graphic file (type png)
<use chapters/images-chap2/enrollment-gen.png>
Package pdftex.def Info: chapters/images-chap2/enrollment-gen.png  used on input line 11.
(pdftex.def)             Requested size: 327.74895pt x 143.74957pt.
<chapters/images-chap2/enrollment-gen-id.png, id=88, 940.51375pt x 526.96875pt>
File: chapters/images-chap2/enrollment-gen-id.png Graphic file (type png)
<use chapters/images-chap2/enrollment-gen-id.png>
Package pdftex.def Info: chapters/images-chap2/enrollment-gen-id.png  used on input line 18.
(pdftex.def)             Requested size: 327.74895pt x 183.63773pt.
[18




 <./chapters/images-chap2/enrollment-gen.png>]
<chapters/images-chap2/verification-gen.png, id=95, 940.51375pt x 503.8825pt>
File: chapters/images-chap2/verification-gen.png Graphic file (type png)
<use chapters/images-chap2/verification-gen.png>
Package pdftex.def Info: chapters/images-chap2/verification-gen.png  used on input line 29.
(pdftex.def)             Requested size: 327.74895pt x 175.59265pt.
 [19 <./chapters/images-chap2/enrollment-gen-id.png> <./chapters/images-chap2/verification-gen.png>]
<chapters/images-chap2/identification-gen.png, id=101, 930.47626pt x 303.1325pt>
File: chapters/images-chap2/identification-gen.png Graphic file (type png)
<use chapters/images-chap2/identification-gen.png>
Package pdftex.def Info: chapters/images-chap2/identification-gen.png  used on input line 39.
(pdftex.def)             Requested size: 327.74895pt x 106.77327pt.
<chapters/images-chap2/enroll-doc.png, id=102, 903.375pt x 306.14375pt>
File: chapters/images-chap2/enroll-doc.png Graphic file (type png)
<use chapters/images-chap2/enroll-doc.png>
Package pdftex.def Info: chapters/images-chap2/enroll-doc.png  used on input line 50.
(pdftex.def)             Requested size: 327.74895pt x 111.07118pt.
 [20 <./chapters/images-chap2/identification-gen.png> <./chapters/images-chap2/enroll-doc.png>]
<chapters/images-chap2/verification-doc.png, id=108, 905.3825pt x 282.05376pt>
File: chapters/images-chap2/verification-doc.png Graphic file (type png)
<use chapters/images-chap2/verification-doc.png>
Package pdftex.def Info: chapters/images-chap2/verification-doc.png  used on input line 60.
(pdftex.def)             Requested size: 327.74895pt x 102.10306pt.
<chapters/images-chap2/multimodali.png, id=109, 1057.9525pt x 691.58376pt>
File: chapters/images-chap2/multimodali.png Graphic file (type png)
<use chapters/images-chap2/multimodali.png>
Package pdftex.def Info: chapters/images-chap2/multimodali.png  used on input line 69.
(pdftex.def)             Requested size: 327.74895pt x 214.25156pt.
<chapters/images-chap2/distributed.png, id=110, 891.33pt x 508.90125pt>
File: chapters/images-chap2/distributed.png Graphic file (type png)
<use chapters/images-chap2/distributed.png>
Package pdftex.def Info: chapters/images-chap2/distributed.png  used on input line 83.
(pdftex.def)             Requested size: 327.74895pt x 187.12573pt.
 [21 <./chapters/images-chap2/verification-doc.png> <./chapters/images-chap2/multimodali.png>] [22 <./chapters/images-chap2/distributed.png>] [23]
Capitolo 3.
[24

] [25]
<chapters/images-chap2/rappresentazione.png, id=131, 1080.035pt x 587.19376pt>
File: chapters/images-chap2/rappresentazione.png Graphic file (type png)
<use chapters/images-chap2/rappresentazione.png>
Package pdftex.def Info: chapters/images-chap2/rappresentazione.png  used on input line 179.
(pdftex.def)             Requested size: 345.0pt x 187.56537pt.
<chapters/images-chap2/estrazione.png, id=132, 1013.7875pt x 542.025pt>
File: chapters/images-chap2/estrazione.png Graphic file (type png)
<use chapters/images-chap2/estrazione.png>
Package pdftex.def Info: chapters/images-chap2/estrazione.png  used on input line 205.
(pdftex.def)             Requested size: 345.0pt x 184.45146pt.
 [26 <./chapters/images-chap2/rappresentazione.png>]
<chapters/images-chap2/matching.png, id=137, 1077.02374pt x 444.66125pt>
File: chapters/images-chap2/matching.png Graphic file (type png)
<use chapters/images-chap2/matching.png>
Package pdftex.def Info: chapters/images-chap2/matching.png  used on input line 221.
(pdftex.def)             Requested size: 345.0pt x 142.43698pt.
 [27 <./chapters/images-chap2/estrazione.png> <./chapters/images-chap2/matching.png>]
<chapters/images-chap2/indexing.png, id=143, 533.995pt x 252.945pt>
File: chapters/images-chap2/indexing.png Graphic file (type png)
<use chapters/images-chap2/indexing.png>
Package pdftex.def Info: chapters/images-chap2/indexing.png  used on input line 251.
(pdftex.def)             Requested size: 258.75pt x 122.5701pt.
 [28 <./chapters/images-chap2/indexing.png>]
<chapters/images-chap2/binning.png, id=148, 1117.17375pt x 579.16376pt>
File: chapters/images-chap2/binning.png Graphic file (type png)
<use chapters/images-chap2/binning.png>
Package pdftex.def Info: chapters/images-chap2/binning.png  used on input line 274.
(pdftex.def)             Requested size: 345.0pt x 178.8496pt.
) [29 <./chapters/images-chap2/binning.png>] (./main.aux (./chapters/chapter1.aux) (./chapters/chapter2.aux))
 ***********
LaTeX2e <2023-11-01> patch level 1
L3 programming layer <2024-01-22>
 ***********
 ) 
Here is how much of TeX's memory you used:
 3010 strings out of 474222
 54887 string characters out of 5748733
 1933975 words of memory out of 5000000
 25258 multiletter control sequences out of 15000+600000
 564576 words of font info for 57 fonts, out of 8000000 for 9000
 1141 hyphenation exceptions out of 8191
 57i,7n,65p,444b,232s stack positions out of 10000i,1000n,20000p,200000b,200000s
</usr/share/texlive/texmf-dist/fonts/type1/public/amsfonts/cm/cmbx10.pfb></usr/share/texlive/texmf-dist/fonts/type1/public/amsfonts/cm/cmbx12.pfb></usr/share/texlive/texmf-dist/fonts/type1/public/amsfonts/cm/cmbxti10.pfb></usr/share/texlive/texmf-dist/fonts/type1/public/amsfonts/cm/cmmi10.pfb></usr/share/texlive/texmf-dist/fonts/type1/public/amsfonts/cm/cmmi7.pfb></usr/share/texlive/texmf-dist/fonts/type1/public/amsfonts/cm/cmr10.pfb></usr/share/texlive/texmf-dist/fonts/type1/public/amsfonts/cm/cmr12.pfb></usr/share/texlive/texmf-dist/fonts/type1/public/amsfonts/cm/cmr17.pfb></usr/share/texlive/texmf-dist/fonts/type1/public/amsfonts/cm/cmti10.pfb></usr/share/texmf/fonts/type1/public/cm-super/sfrm1000.pfb>
Output written on main.pdf (30 pages, 3350663 bytes).
PDF statistics:
 198 PDF objects out of 1000 (max. 8388607)
 99 compressed objects within 1 object stream
 0 named destinations out of 1000 (max. 500000)
 116 words of extra memory for PDF output out of 10000 (max. 10000000)

