\BOOKMARK [0][-]{chapter.1}{\376\377\000S\000t\000a\000t\000i\000s\000t\000i\000c\000a\000l\000\040\000D\000B\000M\000S}{}% 1
\BOOKMARK [0][-]{chapter.2}{\376\377\000P\000r\000o\000t\000e\000z\000i\000o\000n\000e\000\040\000p\000e\000r\000\040\000T\000a\000b\000e\000l\000l\000e\000\040\000d\000i\000\040\000C\000o\000n\000t\000e\000g\000g\000i\000o\000\040\000o\000\040\000F\000r\000e\000q\000u\000e\000n\000z\000e}{}% 2
\BOOKMARK [1][-]{section.2.1}{\376\377\000S\000a\000m\000p\000l\000i\000n\000g}{chapter.2}% 3
\BOOKMARK [1][-]{section.2.2}{\376\377\000I\000d\000e\000n\000t\000i\000f\000i\000c\000a\000z\000i\000o\000n\000e\000\040\000d\000e\000l\000l\000e\000\040\000c\000e\000l\000l\000e\000\040\000s\000e\000n\000s\000i\000b\000i\000l\000i}{chapter.2}% 4
\BOOKMARK [2][-]{subsection.2.2.1}{\376\377\000R\000e\000g\000o\000l\000e\000\040\000S\000p\000e\000c\000i\000a\000l\000i}{section.2.2}% 5
\BOOKMARK [2][-]{subsection.2.2.2}{\376\377\000T\000h\000r\000e\000s\000h\000o\000l\000d\000\040\000r\000u\000l\000e\000s}{section.2.2}% 6
\BOOKMARK [1][-]{section.2.3}{\376\377\000P\000r\000o\000t\000e\000z\000i\000o\000n\000e\000\040\000d\000e\000l\000l\000e\000\040\000c\000e\000l\000l\000e\000\040\000s\000e\000n\000s\000i\000b\000i\000l\000i}{chapter.2}% 7
\BOOKMARK [2][-]{subsection.2.3.1}{\376\377\000T\000a\000b\000l\000e\000\040\000R\000e\000s\000t\000r\000u\000c\000t\000u\000r\000i\000n\000g}{section.2.3}% 8
\BOOKMARK [2][-]{subsection.2.3.2}{\376\377\000S\000o\000p\000p\000r\000e\000s\000s\000i\000o\000n\000e\000\040\000d\000e\000l\000l\000e\000\040\000c\000e\000l\000l\000e}{section.2.3}% 9
\BOOKMARK [2][-]{subsection.2.3.3}{\376\377\000R\000o\000u\000n\000d\000i\000n\000g}{section.2.3}% 10
\BOOKMARK [2][-]{subsection.2.3.4}{\376\377\000C\000o\000n\000f\000i\000d\000e\000n\000t\000i\000a\000l\000i\000t\000y\000\040\000E\000d\000i\000t}{section.2.3}% 11
\BOOKMARK [1][-]{section.2.4}{\376\377\000M\000a\000c\000r\000o\000d\000a\000t\000a\000\040\000D\000i\000s\000c\000l\000o\000s\000u\000r\000e\000\040\000P\000r\000o\000t\000.\000\040\000T\000e\000c\000h\000n\000i\000q\000u\000e\000s\000:\000\040\000T\000a\000b\000l\000e\000s\000\040\000o\000f\000\040\000M}{chapter.2}% 12
\BOOKMARK [2][-]{subsection.2.4.1}{\376\377\000D\000a\000t\000a\000\040\000P\000r\000o\000t\000e\000c\000t\000i\000o\000n\000\040\000i\000n\000\040\000M\000a\000g\000n\000i\000t\000u\000d\000e\000\040\000T\000a\000b\000l\000e\000s}{section.2.4}% 13
\BOOKMARK [2][-]{subsection.2.4.2}{\376\377\000S\000u\000p\000p\000r\000e\000s\000s\000i\000o\000n\000\040\000R\000u\000l\000e\000s\000\040\000-\000\040\0001}{section.2.4}% 14
\BOOKMARK [2][-]{subsection.2.4.3}{\376\377\000S\000u\000p\000p\000r\000e\000s\000s\000i\000o\000n\000\040\000R\000u\000l\000e\000s\000\040\000-\000\040\0002}{section.2.4}% 15
\BOOKMARK [2][-]{subsection.2.4.4}{\376\377\000P\000r\000i\000m\000a\000r\000y\000\040\000S\000u\000p\000p\000r\000e\000s\000s\000i\000o\000n\000\040\000R\000u\000l\000e\000:\000\040\000p\000-\000p\000e\000r\000c\000e\000n\000t}{section.2.4}% 16
\BOOKMARK [2][-]{subsection.2.4.5}{\376\377\000P\000r\000i\000m\000a\000r\000y\000\040\000S\000u\000p\000p\000r\000e\000s\000s\000i\000o\000n\000\040\000R\000u\000l\000e\000:\000\040\000p\000q}{section.2.4}% 17
\BOOKMARK [2][-]{subsection.2.4.6}{\376\377\000P\000r\000i\000m\000a\000r\000y\000\040\000S\000u\000p\000p\000r\000e\000s\000s\000i\000o\000n\000\040\000R\000u\000l\000e\000:\000\040\000\050\000n\000,\000k\000\051}{section.2.4}% 18
\BOOKMARK [2][-]{subsection.2.4.7}{\376\377\000S\000e\000c\000o\000n\000d\000a\000r\000y\000\040\000S\000u\000p\000p\000r\000e\000s\000s\000i\000o\000n}{section.2.4}% 19
\BOOKMARK [2][-]{subsection.2.4.8}{\376\377\000A\000u\000d\000i\000t}{section.2.4}% 20
\BOOKMARK [2][-]{subsection.2.4.9}{\376\377\000I\000n\000f\000o\000r\000m\000a\000t\000i\000o\000n\000\040\000L\000o\000s\000s}{section.2.4}% 21
\BOOKMARK [2][-]{subsection.2.4.10}{\376\377\000I\000n\000f\000o\000r\000m\000a\000t\000i\000o\000n\000\040\000i\000n\000\040\000P\000a\000r\000a\000m\000e\000t\000e\000r\000\040\000V\000a\000l\000u\000e\000s}{section.2.4}% 22
\BOOKMARK [1][-]{section.2.5}{\376\377\000M\000i\000c\000r\000o\000d\000a\000t\000a}{chapter.2}% 23
\BOOKMARK [2][-]{subsection.2.5.1}{\376\377\000M\000a\000c\000r\000o\000d\000a\000t\000a\000\040\000v\000s\000\040\000M\000i\000c\000r\000o\000d\000a\000t\000a}{section.2.5}% 24
\BOOKMARK [2][-]{subsection.2.5.2}{\376\377\000M\000i\000c\000r\000o\000d\000a\000t\000a}{section.2.5}% 25
\BOOKMARK [2][-]{subsection.2.5.3}{\376\377\000M\000i\000c\000r\000o\000d\000a\000t\000a\000\040\000D\000i\000s\000c\000l\000o\000s\000u\000r\000e\000\040\000P\000r\000o\000t\000e\000c\000t\000i\000o\000n\000\040\000T\000e\000c\000h\000n\000i\000q\000u\000e\000s}{section.2.5}% 26
\BOOKMARK [2][-]{subsection.2.5.4}{\376\377\000C\000l\000a\000s\000s\000i\000f\000i\000c\000a\000t\000i\000o\000n\000\040\000o\000f\000\040\000M\000i\000c\000r\000o\000d\000a\000t\000a\000\040\000P\000r\000o\000t\000e\000c\000t\000i\000o\000n\000\040\000T\000e\000c\000h\000n\000i\000q\000u\000e\000s}{section.2.5}% 27
\BOOKMARK [2][-]{subsection.2.5.5}{\376\377\000M\000i\000c\000r\000o\000d\000a\000t\000a\000\040\000T\000y\000p\000e\000s}{section.2.5}% 28
\BOOKMARK [1][-]{section.2.6}{\376\377\000M\000i\000c\000r\000o\000d\000a\000t\000a\000\040\000D\000i\000s\000c\000l\000o\000s\000u\000r\000e\000\040\000P\000r\000o\000t\000.\000\040\000T\000e\000c\000h\000n\000i\000q\000u\000e\000s\000:\000\040\000M\000a\000s\000k\000i\000n\000g}{chapter.2}% 29
\BOOKMARK [2][-]{subsection.2.6.1}{\376\377\000M\000a\000s\000k\000i\000n\000g\000\040\000T\000e\000c\000h\000n\000i\000q\000u\000e\000s}{section.2.6}% 30
\BOOKMARK [2][-]{subsection.2.6.2}{\376\377\000S\000a\000m\000p\000l\000i\000n\000g}{section.2.6}% 31
\BOOKMARK [2][-]{subsection.2.6.3}{\376\377\000L\000o\000c\000a\000l\000\040\000S\000u\000p\000p\000r\000e\000s\000s\000i\000o\000n}{section.2.6}% 32
\BOOKMARK [2][-]{subsection.2.6.4}{\376\377\000G\000l\000o\000b\000a\000l\000\040\000R\000e\000c\000o\000d\000i\000n\000g}{section.2.6}% 33
\BOOKMARK [2][-]{subsection.2.6.5}{\376\377\000T\000o\000p\000-\000c\000o\000d\000i\000n\000g\000\040\000e\000\040\000B\000o\000t\000t\000o\000m\000-\000c\000o\000d\000i\000n\000g}{section.2.6}% 34
\BOOKMARK [2][-]{subsection.2.6.6}{\376\377\000G\000e\000n\000e\000r\000a\000l\000i\000z\000a\000t\000i\000o\000n}{section.2.6}% 35
\BOOKMARK [2][-]{subsection.2.6.7}{\376\377\000R\000a\000n\000d\000o\000m\000\040\000N\000o\000i\000s\000e}{section.2.6}% 36
\BOOKMARK [2][-]{subsection.2.6.8}{\376\377\000S\000w\000a\000p\000p\000i\000n\000g}{section.2.6}% 37
\BOOKMARK [2][-]{subsection.2.6.9}{\376\377\000M\000i\000c\000r\000o\000-\000a\000g\000g\000r\000e\000g\000a\000t\000i\000o\000n\000\040\000\050\000B\000l\000u\000r\000r\000i\000n\000g\000\051}{section.2.6}% 38
\BOOKMARK [1][-]{section.2.7}{\376\377\000M\000i\000c\000r\000o\000d\000a\000t\000a\000\040\000D\000i\000s\000c\000l\000o\000s\000u\000r\000e\000\040\000P\000r\000o\000t\000.\000\040\000T\000e\000c\000h\000n\000i\000q\000u\000e\000s\000:\000\040\000S\000y\000n\000t\000h\000e\000t\000i\000c}{chapter.2}% 39
\BOOKMARK [2][-]{subsection.2.7.1}{\376\377\000S\000y\000n\000t\000h\000e\000t\000i\000c\000\040\000t\000e\000c\000h\000n\000i\000q\000u\000e\000s}{section.2.7}% 40
