\BOOKMARK [1][-]{section.0.1}{\376\377\000P\000r\000i\000v\000a\000c\000y\000\040\000a\000n\000d\000\040\000D\000a\000t\000a\000\040\000P\000r\000o\000t\000e\000c\000t\000i\000o\000n\000\040\000i\000n\000\040\000E\000m\000e\000r\000g\000i\000n\000g\000\040\000S\000c\000e\000n\000a\000r\000i\000o\000s}{}% 1
\BOOKMARK [2][-]{subsection.0.1.1}{\376\377\000D\000a\000t\000a\000\040\000S\000h\000a\000r\000i\000n\000g\000\040\000a\000n\000d\000\040\000D\000i\000s\000s\000e\000m\000i\000n\000a\000t\000i\000o\000n}{section.0.1}% 2
\BOOKMARK [2][-]{subsection.0.1.2}{\376\377\000E\000x\000t\000e\000r\000n\000a\000l\000\040\000D\000a\000t\000a\000\040\000S\000t\000o\000r\000a\000g\000e\000\040\000a\000n\000d\000\040\000C\000o\000m\000p\000u\000t\000a\000t\000i\000o\000n}{section.0.1}% 3
\BOOKMARK [1][-]{section.0.2}{\376\377\000P\000r\000i\000v\000a\000c\000y\000\040\000i\000n\000\040\000D\000a\000t\000a\000\040\000P\000u\000b\000l\000i\000c\000a\000t\000i\000o\000n}{}% 4
\BOOKMARK [2][-]{subsection.0.2.1}{\376\377\000S\000t\000a\000t\000i\000s\000t\000i\000c\000a\000l\000\040\000D\000B\000M\000S\000\040\000v\000s\000\040\000S\000t\000a\000t\000i\000s\000t\000i\000c\000a\000l\000\040\000D\000a\000t\000a}{section.0.2}% 5
\BOOKMARK [2][-]{subsection.0.2.2}{\376\377\000M\000a\000c\000r\000o\000d\000a\000t\000a\000\040\000v\000s\000\040\000M\000i\000c\000r\000o\000d\000a\000t\000a}{section.0.2}% 6
\BOOKMARK [2][-]{subsection.0.2.3}{\376\377\000I\000n\000f\000o\000r\000m\000a\000t\000i\000o\000n\000\040\000D\000i\000s\000c\000l\000o\000s\000u\000r\000e}{section.0.2}% 7
\BOOKMARK [2][-]{subsection.0.2.4}{\376\377\000R\000e\000s\000t\000r\000i\000c\000t\000e\000d\000\040\000D\000a\000t\000a\000\040\000a\000n\000d\000\040\000R\000e\000s\000t\000r\000i\000c\000t\000e\000d\000\040\000A\000c\000c\000e\000s\000s}{section.0.2}% 8
\BOOKMARK [2][-]{subsection.0.2.5}{\376\377\000P\000r\000o\000t\000e\000c\000t\000i\000o\000n\000\040\000f\000o\000r\000\040\000C\000o\000u\000n\000t\000/\000F\000r\000e\000q\000u\000e\000n\000c\000i\000e\000s\000\040\000M\000a\000c\000r\000o\000d\000a\000t\000a}{section.0.2}% 9
\BOOKMARK [2][-]{subsection.0.2.6}{\376\377\000D\000i\000s\000c\000l\000o\000s\000u\000r\000e\000\040\000P\000r\000o\000t\000e\000c\000t\000i\000o\000n\000\040\000T\000e\000c\000h\000n\000i\000q\000u\000e\000s\000\040\000f\000o\000r\000\040\000M\000i\000c\000r\000o\000d\000a\000t\000a}{section.0.2}% 10
\BOOKMARK [2][-]{subsection.0.2.7}{\376\377\000C\000l\000a\000s\000s\000i\000f\000i\000c\000a\000t\000i\000o\000n\000\040\000o\000f\000\040\000A\000t\000t\000r\000i\000b\000u\000t\000e\000s\000\040\000i\000n\000\040\000a\000\040\000M\000i\000c\000r\000o\000d\000a\000t\000a\000\040\000T\000a\000b\000l\000e}{section.0.2}% 11
\BOOKMARK [2][-]{subsection.0.2.8}{\376\377\000F\000a\000c\000t\000o\000r\000s\000\040\000C\000o\000n\000t\000r\000i\000b\000u\000t\000i\000n\000g\000\040\000t\000o\000\040\000I\000n\000c\000r\000e\000a\000s\000e\000\040\000t\000h\000e\000\040\000D\000i\000s\000c\000l\000o\000s\000u\000r\000e\000\040\000R\000i\000s\000k}{section.0.2}% 12
\BOOKMARK [2][-]{subsection.0.2.9}{\376\377\000F\000a\000c\000t\000o\000r\000s\000\040\000C\000o\000n\000t\000r\000i\000b\000u\000t\000i\000n\000g\000\040\000t\000o\000\040\000D\000e\000c\000r\000e\000a\000s\000e\000\040\000t\000h\000e\000\040\000D\000i\000s\000c\000l\000o\000s\000u\000r\000e\000\040\000R\000i\000s\000k}{section.0.2}% 13
\BOOKMARK [2][-]{subsection.0.2.10}{\376\377\000k\000-\000a\000n\000o\000n\000y\000m\000i\000t\000y}{section.0.2}% 14
\BOOKMARK [2][-]{subsection.0.2.11}{\376\377\000A\000l\000g\000o\000r\000i\000t\000h\000m\000s\000\040\000f\000o\000r\000\040\000A\000G\000\137\000T\000S\000\040\000a\000n\000d\000\040\000A\000G\000\137}{section.0.2}% 15
\BOOKMARK [2][-]{subsection.0.2.12}{\376\377\000A\000l\000g\000o\000r\000i\000t\000h\000m\000s\000\040\000f\000o\000r\000\040\000\137\000C\000S\000\040\000a\000n\000d\000\040\000C\000G\000\137}{section.0.2}% 16
\BOOKMARK [2][-]{subsection.0.2.13}{\376\377\000A\000t\000t\000r\000i\000b\000u\000t\000e\000\040\000D\000i\000s\000c\000l\000o\000s\000u\000r\000e}{section.0.2}% 17
\BOOKMARK [1][-]{section.0.3}{\376\377\000S\000o\000m\000e\000\040\000E\000x\000a\000m\000p\000l\000e\000s\000\040\000o\000f\000\040\000O\000t\000h\000e\000r\000\040\000P\000r\000i\000v\000a\000c\000y\000\040\000I\000s\000s\000u\000e\000s}{}% 18
\BOOKMARK [2][-]{subsection.0.3.1}{\376\377\000S\000e\000n\000s\000i\000t\000i\000v\000e\000\040\000V\000a\000l\000u\000e\000\040\000D\000i\000s\000t\000r\000i\000b\000u\000t\000i\000o\000n\000s}{section.0.3}% 19
\BOOKMARK [2][-]{subsection.0.3.2}{\376\377\000P\000r\000i\000v\000a\000c\000y\000\040\000a\000n\000d\000\040\000G\000e\000n\000o\000m\000i\000c\000\040\000D\000a\000t\000a}{section.0.3}% 20
\BOOKMARK [2][-]{subsection.0.3.3}{\376\377\000S\000e\000n\000s\000i\000t\000i\000v\000e\000\040\000I\000n\000f\000e\000r\000e\000n\000c\000e\000\040\000f\000r\000o\000m\000\040\000D\000a\000t\000a\000\040\000M\000i\000n\000i\000n\000g}{section.0.3}% 21
\BOOKMARK [2][-]{subsection.0.3.4}{\376\377\000S\000o\000c\000i\000a\000l\000\040\000M\000e\000d\000i\000a}{section.0.3}% 22
