\BOOKMARK [0][-]{chapter.1}{\376\377\000I\000n\000t\000r\000o\000d\000u\000z\000i\000o\000n\000e}{}% 1
\BOOKMARK [1][-]{section.1.1}{\376\377\000P\000o\000l\000i\000t\000i\000c\000h\000e\000,\000\040\000m\000o\000d\000e\000l\000l\000i\000,\000\040\000m\000e\000c\000c\000a\000n\000i\000s\000m\000i}{chapter.1}% 2
\BOOKMARK [2][-]{subsection.1.1.1}{\376\377\000M\000e\000c\000c\000a\000n\000i\000s\000m\000o}{section.1.1}% 3
\BOOKMARK [1][-]{section.1.2}{\376\377\000P\000r\000o\000c\000e\000s\000s\000o\000\040\000d\000i\000\040\000s\000v\000i\000l\000u\000p\000p\000o\000\040\000d\000i\000\040\000u\000n\000\040\000A\000C}{chapter.1}% 4
\BOOKMARK [0][-]{chapter.2}{\376\377\000D\000i\000s\000c\000r\000e\000t\000i\000o\000n\000a\000r\000y\000\040\000\050\000D\000A\000C\000\051\000\040\000p\000o\000l\000i\000c\000i\000e\000s\000:\000\040\000a\000p\000p\000r\000o\000c\000c\000i\000\040\000b\000a\000s\000e}{}% 5
\BOOKMARK [1][-]{section.2.1}{\376\377\000U\000n\000\040\000e\000s\000e\000m\000p\000i\000o\000\040\000d\000i\000\040\000m\000o\000d\000e\000l\000l\000o}{chapter.2}% 6
\BOOKMARK [1][-]{section.2.2}{\376\377\000T\000r\000a\000s\000f\000e\000r\000i\000m\000e\000n\000t\000o\000\040\000d\000e\000i\000\040\000p\000r\000i\000v\000i\000l\000e\000g\000i}{chapter.2}% 7
\BOOKMARK [1][-]{section.2.3}{\376\377\000I\000m\000p\000l\000e\000m\000e\000n\000t\000a\000z\000i\000o\000n\000e\000\040\000d\000e\000l\000l\000a\000\040\000m\000a\000t\000r\000i\000c\000e}{chapter.2}% 8
\BOOKMARK [1][-]{section.2.4}{\376\377\000D\000e\000b\000o\000l\000e\000z\000z\000e\000\040\000d\000i\000\040\000D\000A\000C}{chapter.2}% 9
\BOOKMARK [0][-]{chapter.3}{\376\377\000M\000a\000n\000d\000a\000t\000o\000r\000y\000\040\000\050\000M\000A\000C\000\051\000\040\000p\000o\000l\000i\000c\000i\000e\000s}{}% 10
\BOOKMARK [1][-]{section.3.1}{\376\377\000C\000l\000a\000s\000s\000i\000f\000i\000c\000a\000z\000i\000o\000n\000e\000\040\000d\000i\000\040\000s\000i\000c\000u\000r\000e\000z\000z\000a}{chapter.3}% 11
\BOOKMARK [1][-]{section.3.2}{\376\377\000S\000e\000m\000a\000n\000t\000i\000c\000a\000\040\000d\000e\000l\000l\000a\000\040\000c\000l\000a\000s\000s\000i\000f\000i\000c\000a\000z\000i\000o\000n\000e\000\040\000d\000i\000\040\000s\000i\000c\000u\000r\000e\000z\000z\000a}{chapter.3}% 12
\BOOKMARK [1][-]{section.3.3}{\376\377\000B\000e\000l\000l\000\040\000L\000a\000\040\000P\000a\000d\000u\000l\000a}{chapter.3}% 13
\BOOKMARK [2][-]{subsection.3.3.1}{\376\377\000P\000r\000o\000p\000r\000i\000e\000t\000\340\000\040\000d\000i\000\040\000s\000i\000c\000u\000r\000e\000z\000z\000a}{section.3.3}% 14
\BOOKMARK [2][-]{subsection.3.3.2}{\376\377\000B\000L\000P\000\040\000+\000\040\000t\000r\000a\000n\000q\000u\000i\000l\000i\000t\000y}{section.3.3}% 15
\BOOKMARK [2][-]{subsection.3.3.3}{\376\377\000C\000o\000e\000s\000i\000s\000t\000e\000n\000z\000a\000\040\000d\000i\000\040\000D\000A\000C\000\040\000e\000\040\000M\000A\000C}{section.3.3}% 16
\BOOKMARK [2][-]{subsection.3.3.4}{\376\377\000L\000i\000m\000i\000t\000a\000z\000i\000o\000n\000i\000\040\000d\000e\000l\000l\000e\000\040\000p\000o\000l\000i\000t\000i\000c\000h\000e\000\040\000m\000a\000n\000d\000a\000t\000o\000r\000i\000e}{section.3.3}% 17
\BOOKMARK [1][-]{section.3.4}{\376\377\000P\000o\000l\000i\000t\000c\000h\000e\000\040\000m\000a\000n\000d\000a\000t\000o\000r\000i\000e\000\040\000p\000e\000r\000\040\000l\000'\000i\000n\000t\000e\000g\000r\000i\000t\000\340}{chapter.3}% 18
\BOOKMARK [1][-]{section.3.5}{\376\377\000M\000o\000d\000e\000l\000l\000o\000\040\000B\000i\000b\000a}{chapter.3}% 19
\BOOKMARK [2][-]{subsection.3.5.1}{\376\377\000P\000o\000l\000i\000t\000i\000c\000h\000e\000\040\000a\000l\000t\000e\000r\000n\000a\000t\000i\000v\000e}{section.3.5}% 20
\BOOKMARK [2][-]{subsection.3.5.2}{\376\377\000L\000i\000m\000i\000t\000a\000z\000i\000o\000n\000i\000\040\000d\000i\000\040\000B\000i\000b\000a}{section.3.5}% 21
\BOOKMARK [1][-]{section.3.6}{\376\377\000A\000p\000p\000l\000i\000c\000a\000z\000i\000o\000n\000e\000\040\000d\000i\000\040\000B\000L\000P\000\040\000n\000e\000l\000l\000e\000\040\000b\000a\000s\000i\000\040\000d\000i\000\040\000d\000a\000t\000i}{chapter.3}% 22
\BOOKMARK [2][-]{subsection.3.6.1}{\376\377\000M\000o\000d\000e\000l\000l\000o\000\040\000r\000e\000l\000a\000z\000i\000o\000n\000a\000l\000e\000\040\000c\000l\000a\000s\000s\000i\000c\000o}{section.3.6}% 23
\BOOKMARK [2][-]{subsection.3.6.2}{\376\377\000M\000u\000l\000t\000i\000l\000e\000v\000e\000l\000\040\000D\000B\000M\000S\000s}{section.3.6}% 24
\BOOKMARK [1][-]{section.3.7}{\376\377\000P\000o\000l\000i\000n\000s\000t\000a\000n\000z\000i\000a\000z\000i\000o\000n\000e}{chapter.3}% 25
\BOOKMARK [2][-]{subsection.3.7.1}{\376\377\000P\000o\000l\000i\000n\000s\000t\000a\000n\000z\000i\000a\000z\000i\000o\000n\000e\000\040\000i\000n\000v\000i\000s\000i\000b\000i\000l\000e}{section.3.7}% 26
\BOOKMARK [2][-]{subsection.3.7.2}{\376\377\000P\000o\000l\000i\000n\000s\000t\000a\000n\000z\000i\000a\000z\000i\000o\000n\000e\000\040\000v\000i\000s\000i\000b\000i\000l\000e}{section.3.7}% 27
\BOOKMARK [2][-]{subsection.3.7.3}{\376\377\000C\000o\000n\000s\000i\000d\000e\000r\000a\000z\000i\000o\000n\000i}{section.3.7}% 28
