\BOOKMARK [1][-]{section.0.1}{\376\377\000I\000n\000t\000r\000o\000d\000u\000c\000t\000i\000o\000n}{}% 1
\BOOKMARK [0][-]{chapter.1}{\376\377\000k\000-\000a\000n\000o\000n\000i\000m\000i\000t\000y}{}% 2
\BOOKMARK [1][-]{section.1.1}{\376\377\000k\000-\000a\000n\000o\000n\000i\000m\000i\000t\000y\000\040\000e\000\040\000T\000a\000b\000l\000e\000\040\000k\000-\000a\000n\000o\000n\000i\000m\000e}{chapter.1}% 3
\BOOKMARK [2][-]{subsection.1.1.1}{\376\377\000G\000e\000n\000e\000r\000a\000l\000i\000z\000a\000t\000i\000o\000n}{section.1.1}% 4
\BOOKMARK [2][-]{subsection.1.1.2}{\376\377\000S\000u\000p\000p\000r\000e\000s\000s\000i\000o\000n}{section.1.1}% 5
\BOOKMARK [1][-]{section.1.2}{\376\377\000G\000e\000n\000e\000r\000a\000l\000i\000z\000z\000a\000z\000i\000o\000n\000e\000\040\000k\000-\000M\000i\000n\000i\000m\000a}{chapter.1}% 6
\BOOKMARK [1][-]{section.1.3}{\376\377\000C\000l\000a\000s\000s\000i\000f\000i\000c\000a\000z\000i\000o\000n\000e\000\040\000t\000e\000c\000n\000i\000c\000h\000e\000\040\000d\000i\000\040\000k\000-\000a\000n\000o\000n\000i\000m\000i\000t\000y}{chapter.1}% 7
\BOOKMARK [1][-]{section.1.4}{\376\377\000A\000l\000g\000o\000r\000i\000t\000m\000o\000\040\000S\000a\000m\000a\000r\000a\000t\000i\000\040\000\050\000A\000G\000\137\000T\000S\000\051\000\040}{chapter.1}% 8
\BOOKMARK [2][-]{subsection.1.4.1}{\376\377\000E\000v\000i\000t\000a\000r\000e\000\040\000i\000l\000\040\000c\000a\000l\000c\000o\000l\000o\000\040\000d\000e\000l\000l\000e\000\040\000t\000a\000b\000l\000e\000\040\000g\000e\000n\000e\000r\000a\000l\000i\000z\000z\000a\000t\000e}{section.1.4}% 9
\BOOKMARK [1][-]{section.1.5}{\376\377\000B\000a\000y\000a\000r\000d\000o\000-\000A\000g\000r\000a\000w\000a\000l\000:\000\040\000k\000-\000O\000p\000t\000i\000m\000i\000z\000e\000\040\000\050\000A\000G\000\137\000T\000S\000\051\000\040}{chapter.1}% 10
\BOOKMARK [1][-]{section.1.6}{\376\377\000L\000e\000F\000e\000v\000r\000e\000-\000D\000e\000W\000i\000t\000t\000\040\000e\000t\000\040\000a\000l\000.\000:\000\040\000I\000n\000c\000o\000g\000n\000i\000t\000o\000\040\000\050\000A\000G\000\137\000T\000S\000\051\000\040}{chapter.1}% 11
\BOOKMARK [1][-]{section.1.7}{\376\377\000A\000l\000g\000o\000r\000i\000t\000m\000i\000\040\000E\000u\000r\000i\000s\000t\000i\000c\000i}{chapter.1}% 12
\BOOKMARK [1][-]{section.1.8}{\376\377\000A\000l\000g\000o\000r\000i\000t\000m\000i\000\040\000p\000e\000r\000\040\000\137\000C\000S\000\040\000e\000\040\000C\000G\000\137}{chapter.1}% 13
\BOOKMARK [1][-]{section.1.9}{\376\377\000U\000l\000t\000e\000r\000i\000o\000r\000i\000\040\000s\000t\000u\000d\000i\000\040\000r\000i\000g\000u\000a\000r\000d\000o\000\040\000k\000-\000a\000n\000o\000n\000i\000m\000i\000t\000y}{chapter.1}% 14
\BOOKMARK [2][-]{subsection.1.9.1}{\376\377\000k\000-\000a\000n\000o\000n\000i\000m\000i\000t\000y\000\040\000m\000u\000l\000t\000i\000d\000i\000m\000e\000n\000s\000i\000o\000n\000a\000l\000e}{section.1.9}% 15
\BOOKMARK [2][-]{subsection.1.9.2}{\376\377\000l\000-\000d\000i\000v\000e\000r\000s\000i\000t\000y}{section.1.9}% 16
\BOOKMARK [2][-]{subsection.1.9.3}{\376\377\000V\000a\000l\000u\000t\000a\000z\000i\000o\000n\000e\000\040\000d\000e\000l\000l\000a\000\040\000k\000-\000a\000n\000o\000n\000i\000m\000i\000t\000y}{section.1.9}% 17
\BOOKMARK [2][-]{subsection.1.9.4}{\376\377\000A\000l\000g\000o\000r\000i\000t\000m\000i\000\040\000d\000i\000s\000t\000r\000i\000b\000u\000i\000t\000i}{section.1.9}% 18
\BOOKMARK [2][-]{subsection.1.9.5}{\376\377\000k\000-\000a\000n\000o\000n\000i\000m\000i\000t\000y\000\040\000c\000o\000n\000\040\000v\000i\000s\000t\000e\000\040\000m\000u\000l\000t\000i\000p\000l\000e}{section.1.9}% 19
\BOOKMARK [2][-]{subsection.1.9.6}{\376\377\000k\000-\000a\000n\000o\000n\000i\000m\000i\000t\000y\000\040\000c\000o\000n\000\040\000M\000i\000c\000r\000o\000-\000A\000g\000g\000r\000e\000g\000a\000z\000i\000o\000n\000e}{section.1.9}% 20
\BOOKMARK [2][-]{subsection.1.9.7}{\376\377\000k\000-\000a\000n\000o\000n\000i\000m\000i\000t\000y\000\040\000p\000e\000r\000\040\000l\000a\000\040\000L\000o\000c\000a\000t\000i\000o\000n\000\040\000P\000r\000i\000v\000a\000c\000y}{section.1.9}% 21
\BOOKMARK [2][-]{subsection.1.9.8}{\376\377\000k\000-\000a\000n\000o\000n\000i\000m\000i\000t\000y\000\040\000p\000e\000r\000\040\000i\000\040\000P\000r\000o\000t\000o\000c\000o\000l\000l\000i\000\040\000d\000i\000\040\000C\000o\000m\000u\000n\000i\000c\000a\000z\000i\000o\000n\000e}{section.1.9}% 22
\BOOKMARK [0][-]{chapter.2}{\376\377\000P\000r\000o\000t\000e\000z\000i\000o\000n\000e\000\040\000M\000i\000c\000r\000o\000d\000a\000t\000i}{}% 23
\BOOKMARK [1][-]{section.2.1}{\376\377\000I\000n\000t\000r\000o\000d\000u\000z\000i\000o\000n\000e}{chapter.2}% 24
\BOOKMARK [1][-]{section.2.2}{\376\377\000M\000a\000c\000r\000o\000d\000a\000t\000a\000\040\000v\000s\000\040\000M\000i\000c\000r\000o\000d\000a\000t\000a}{chapter.2}% 25
\BOOKMARK [1][-]{section.2.3}{\376\377\000C\000l\000a\000s\000s\000i\000f\000i\000c\000a\000z\000i\000o\000n\000e\000\040\000d\000e\000l\000l\000e\000\040\000t\000e\000c\000n\000i\000c\000h\000e\000\040\000d\000i\000\040\000p\000r\000o\000t\000e\000z\000i\000o\000n\000e\000\040\000r\000i\000g\000u\000a\000r\000d\000o\000\040\000i\000l\000\040\000D\000i\000s\000c\000l\000o\000s\000u\000r\000e\000\040\000d\000e\000i\000\040\000m\000i\000c\000r\000o\000d\000a\000t\000i}{chapter.2}% 26
\BOOKMARK [1][-]{section.2.4}{\376\377\000T\000e\000c\000n\000i\000c\000h\000e\000\040\000d\000i\000\040\000M\000a\000s\000c\000h\000e\000r\000a\000m\000e\000n\000t\000o}{chapter.2}% 27
\BOOKMARK [2][-]{subsection.2.4.1}{\376\377\000T\000e\000c\000n\000i\000c\000h\000e\000\040\000n\000o\000n\000\040\000p\000e\000r\000t\000u\000r\000b\000a\000t\000i\000v\000e}{section.2.4}% 28
\BOOKMARK [2][-]{subsection.2.4.2}{\376\377\000T\000e\000c\000n\000i\000c\000h\000e\000\040\000p\000e\000r\000t\000u\000r\000b\000a\000t\000i\000v\000e}{section.2.4}% 29
\BOOKMARK [1][-]{section.2.5}{\376\377\000T\000e\000c\000n\000i\000c\000h\000e\000\040\000p\000e\000r\000\040\000l\000a\000\040\000G\000e\000n\000e\000r\000a\000z\000i\000o\000n\000e\000\040\000d\000i\000\040\000D\000a\000t\000i\000\040\000S\000i\000n\000t\000e\000t\000i\000c\000i}{chapter.2}% 30
\BOOKMARK [1][-]{section.2.6}{\376\377\000M\000i\000s\000u\000r\000e\000\040\000p\000e\000r\000\040\000v\000a\000l\000u\000t\000a\000r\000e\000\040\000l\000a\000\040\000c\000o\000n\000f\000i\000d\000e\000n\000z\000i\000a\000l\000i\000t\000\340\000\040\000e\000\040\000l\000'\000u\000t\000i\000l\000i\000t\000\340\000\040\000d\000e\000i\000\040\000M\000i\000c\000r\000o\000d\000a\000t\000i}{chapter.2}% 31
\BOOKMARK [2][-]{subsection.2.6.1}{\376\377\000R\000i\000s\000c\000h\000i\000o\000\040\000d\000i\000\040\000D\000i\000s\000c\000l\000o\000s\000u\000r\000e\000\040\000\050\000D\000i\000s\000c\000l\000o\000s\000u\000r\000e\000\040\000R\000i\000s\000k\000\051}{section.2.6}% 32
\BOOKMARK [2][-]{subsection.2.6.2}{\376\377\000P\000e\000r\000d\000i\000t\000a\000\040\000d\000i\000\040\000I\000n\000f\000o\000r\000m\000a\000z\000i\000o\000n\000e\000\040\000\050\000I\000n\000f\000o\000r\000m\000a\000t\000i\000o\000n\000\040\000L\000o\000s\000s\000\051}{section.2.6}% 33
\BOOKMARK [2][-]{subsection.2.6.3}{\376\377\000C\000o\000m\000b\000n\000a\000z\000i\000o\000n\000e\000\040\000d\000i\000\040\000R\000i\000s\000c\000h\000i\000o\000\040\000d\000i\000\040\000D\000i\000s\000c\000l\000o\000s\000u\000r\000e\000\040\000e\000\040\000P\000e\000r\000d\000i\000t\000a\000\040\000d\000i\000\040\000I\000n\000f\000o\000r\000m\000a\000z\000i\000o\000n\000e}{section.2.6}% 34
\BOOKMARK [1][-]{section.2.7}{\376\377\000C\000o\000n\000c\000l\000u\000s\000i\000o\000n\000i}{chapter.2}% 35
\BOOKMARK [0][-]{chapter.3}{\376\377\000C\000l\000o\000u\000d\000\040\000S\000e\000c\000u\000r\000i\000t\000y\000:\000\040\000I\000s\000s\000u\000e\000s\000\040\000a\000n\000d\000\040\000C\000o\000n\000c\000e\000r\000n\000s}{}% 36
\BOOKMARK [1][-]{section.3.1}{\376\377\000I\000n\000t\000r\000o\000d\000u\000z\000i\000o\000n\000e}{chapter.3}% 37
\BOOKMARK [1][-]{section.3.2}{\376\377\000C\000I\000A\000\040\000n\000e\000l\000\040\000C\000l\000o\000u\000d}{chapter.3}% 38
\BOOKMARK [1][-]{section.3.3}{\376\377\000P\000r\000o\000b\000l\000e\000m\000i\000\040\000e\000\040\000s\000f\000i\000d\000e}{chapter.3}% 39
\BOOKMARK [2][-]{subsection.3.3.1}{\376\377\000P\000r\000o\000t\000e\000z\000i\000o\000n\000e\000\040\000d\000e\000i\000\040\000d\000a\000t\000i\000\040\000a\000l\000\040\000r\000i\000l\000a\000s\000c\000i\000o}{section.3.3}% 40
\BOOKMARK [2][-]{subsection.3.3.2}{\376\377\000A\000c\000c\000e\000s\000s\000o\000\040\000a\000\040\000g\000r\000a\000n\000a\000\040\000f\000i\000n\000e\000\040\000a\000i\000\040\000d\000a\000t\000i\000\040\000n\000e\000l\000\040\000c\000l\000o\000u\000d}{section.3.3}% 41
\BOOKMARK [2][-]{subsection.3.3.3}{\376\377\000A\000c\000c\000e\000s\000s\000o\000\040\000s\000e\000l\000e\000t\000t\000i\000v\000o}{section.3.3}% 42
\BOOKMARK [2][-]{subsection.3.3.4}{\376\377\000P\000r\000i\000v\000a\000c\000y\000\040\000d\000e\000l\000l\000'\000u\000t\000e\000n\000t\000e}{section.3.3}% 43
\BOOKMARK [2][-]{subsection.3.3.5}{\376\377\000P\000r\000i\000v\000a\000c\000y\000\040\000d\000e\000l\000l\000e\000\040\000q\000u\000e\000r\000y}{section.3.3}% 44
\BOOKMARK [2][-]{subsection.3.3.6}{\376\377\000I\000n\000t\000e\000g\000r\000i\000t\000\340\000\040\000d\000e\000l\000l\000a\000\040\000c\000o\000m\000p\000u\000t\000a\000z\000i\000o\000n\000e\000\040\000e\000\040\000d\000e\000l\000l\000e\000\040\000q\000u\000e\000r\000y}{section.3.3}% 45
\BOOKMARK [2][-]{subsection.3.3.7}{\376\377\000E\000s\000e\000c\000u\000z\000i\000o\000n\000e\000\040\000d\000e\000l\000l\000e\000\040\000q\000u\000e\000r\000y\000\040\000c\000o\000l\000l\000a\000b\000o\000r\000a\000t\000i\000v\000e\000\040\000c\000o\000n\000\040\000p\000r\000o\000v\000i\000d\000e\000r\000\040\000m\000u\000l\000t\000i\000p\000l\000i}{section.3.3}% 46
\BOOKMARK [2][-]{subsection.3.3.8}{\376\377\000S\000L\000A\000\040\000e\000\040\000A\000u\000d\000i\000t\000i\000n\000g}{section.3.3}% 47
\BOOKMARK [2][-]{subsection.3.3.9}{\376\377\000M\000u\000l\000t\000i\000-\000l\000o\000c\000a\000z\000i\000o\000n\000e\000\040\000e\000\040\000v\000i\000r\000t\000u\000a\000l\000i\000z\000z\000a\000z\000i\000o\000n\000e}{section.3.3}% 48
\BOOKMARK [1][-]{section.3.4}{\376\377\000C\000o\000n\000c\000l\000u\000s\000i\000o\000n\000i}{chapter.3}% 49
\BOOKMARK [0][-]{chapter.4}{\376\377\000S\000u\000p\000p\000o\000r\000t\000i\000n\000g\000\040\000U\000s\000e\000r\000\040\000P\000r\000i\000v\000a\000c\000y\000\040\000P\000r\000e\000f\000e\000r\000e\000n\000c\000e\000s\000\040\000i\000n\000\040\000D\000i\000g\000i\000t\000a\000l\000\040\000I\000n\000t\000e\000r\000a\000c\000t\000i\000o\000n\000s}{}% 50
\BOOKMARK [1][-]{section.4.1}{\376\377\000I\000n\000t\000r\000o\000d\000u\000z\000i\000o\000n\000e}{chapter.4}% 51
\BOOKMARK [1][-]{section.4.2}{\376\377\000C\000o\000n\000c\000e\000t\000t\000i\000\040\000B\000a\000s\000e\000\040\000e\000\040\000D\000e\000s\000i\000d\000e\000r\000a\000t\000a}{chapter.4}% 52
\BOOKMARK [2][-]{subsection.4.2.1}{\376\377\000C\000l\000i\000e\000n\000t\000\040\000P\000o\000r\000t\000f\000o\000l\000i\000o}{section.4.2}% 53
\BOOKMARK [2][-]{subsection.4.2.2}{\376\377\000A\000t\000o\000m\000i\000c\000i\000t\000\340\000\040\000C\000r\000e\000d\000e\000n\000z\000i\000a\000l\000i}{section.4.2}% 54
\BOOKMARK [2][-]{subsection.4.2.3}{\376\377\000P\000o\000l\000i\000c\000y\000\040\000d\000i\000\040\000D\000i\000s\000c\000l\000o\000s\000u\000r\000e}{section.4.2}% 55
