This is pdfTeX, Version 3.141592653-2.6-1.40.25 (TeX Live 2023/Debian) (preloaded format=pdflatex 2024.10.7)  8 FEB 2025 15:44
entering extended mode
 restricted \write18 enabled.
 file:line:error style messages enabled.
 %&-line parsing enabled.
**/home/azi/Desktop/Appunti-Magistrale/Sicurezza_delle_Reti/ssr.tex
(/home/azi/Desktop/Appunti-Magistrale/Sicurezza_delle_Reti/ssr.tex
LaTeX2e <2023-11-01> patch level 1
L3 programming layer <2024-01-22>
(/usr/share/texlive/texmf-dist/tex/latex/base/report.cls
Document Class: report 2023/05/17 v1.4n Standard LaTeX document class
(/usr/share/texlive/texmf-dist/tex/latex/base/size10.clo
File: size10.clo 2023/05/17 v1.4n Standard LaTeX file (size option)
)
\c@part=\count187
\c@chapter=\count188
\c@section=\count189
\c@subsection=\count190
\c@subsubsection=\count191
\c@paragraph=\count192
\c@subparagraph=\count193
\c@figure=\count194
\c@table=\count195
\abovecaptionskip=\skip48
\belowcaptionskip=\skip49
\bibindent=\dimen140
) (/usr/share/texlive/texmf-dist/tex/latex/graphics/graphicx.sty
Package: graphicx 2021/09/16 v1.2d Enhanced LaTeX Graphics (DPC,SPQR)
 (/usr/share/texlive/texmf-dist/tex/latex/graphics/keyval.sty
Package: keyval 2022/05/29 v1.15 key=value parser (DPC)
\KV@toks@=\toks17
) (/usr/share/texlive/texmf-dist/tex/latex/graphics/graphics.sty
Package: graphics 2022/03/10 v1.4e Standard LaTeX Graphics (DPC,SPQR)
 (/usr/share/texlive/texmf-dist/tex/latex/graphics/trig.sty
Package: trig 2021/08/11 v1.11 sin cos tan (DPC)
) (/usr/share/texlive/texmf-dist/tex/latex/graphics-cfg/graphics.cfg
File: graphics.cfg 2016/06/04 v1.11 sample graphics configuration
)
Package graphics Info: Driver file: pdftex.def on input line 107.
 (/usr/share/texlive/texmf-dist/tex/latex/graphics-def/pdftex.def
File: pdftex.def 2022/09/22 v1.2b Graphics/color driver for pdftex
))
\Gin@req@height=\dimen141
\Gin@req@width=\dimen142
) (/usr/share/texlive/texmf-dist/tex/generic/babel/babel.sty
Package: babel 2024/01/07 v24.1 The Babel package
\babel@savecnt=\count196
\U@D=\dimen143
\l@unhyphenated=\language89
 (/usr/share/texlive/texmf-dist/tex/generic/babel/txtbabel.def)
\bbl@readstream=\read2
\bbl@dirlevel=\count197
 (/usr/share/texlive/texmf-dist/tex/generic/babel-italian/italian.ldf
Language: italian 2024/01/03 v.1.5.00 Italian support for the babel system
\it@lettering=\count198
\it@doublequoteactive=\count199
\it@ISOcompliance=\count266
)) (/usr/share/texlive/texmf-dist/tex/generic/babel/locale/it/babel-italian.tex
Package babel Info: Importing font and identification data for italian
(babel)             from babel-it.ini. Reported on input line 11.
) (/usr/share/texlive/texmf-dist/tex/latex/etoolbox/etoolbox.sty
Package: etoolbox 2020/10/05 v2.5k e-TeX tools for LaTeX (JAW)
\etb@tempcnta=\count267
) (/usr/share/texlive/texmf-dist/tex/latex/pgf/frontendlayer/tikz.sty (/usr/share/texlive/texmf-dist/tex/latex/pgf/basiclayer/pgf.sty (/usr/share/texlive/texmf-dist/tex/latex/pgf/utilities/pgfrcs.sty (/usr/share/texlive/texmf-dist/tex/generic/pgf/utilities/pgfutil-common.tex
\pgfutil@everybye=\toks18
\pgfutil@tempdima=\dimen144
\pgfutil@tempdimb=\dimen145
) (/usr/share/texlive/texmf-dist/tex/generic/pgf/utilities/pgfutil-latex.def
\pgfutil@abb=\box51
) (/usr/share/texlive/texmf-dist/tex/generic/pgf/utilities/pgfrcs.code.tex (/usr/share/texlive/texmf-dist/tex/generic/pgf/pgf.revision.tex)
Package: pgfrcs 2023-01-15 v3.1.10 (3.1.10)
))
Package: pgf 2023-01-15 v3.1.10 (3.1.10)
 (/usr/share/texlive/texmf-dist/tex/latex/pgf/basiclayer/pgfcore.sty (/usr/share/texlive/texmf-dist/tex/latex/pgf/systemlayer/pgfsys.sty (/usr/share/texlive/texmf-dist/tex/generic/pgf/systemlayer/pgfsys.code.tex
Package: pgfsys 2023-01-15 v3.1.10 (3.1.10)
 (/usr/share/texlive/texmf-dist/tex/generic/pgf/utilities/pgfkeys.code.tex
\pgfkeys@pathtoks=\toks19
\pgfkeys@temptoks=\toks20
 (/usr/share/texlive/texmf-dist/tex/generic/pgf/utilities/pgfkeyslibraryfiltered.code.tex
\pgfkeys@tmptoks=\toks21
))
\pgf@x=\dimen146
\pgf@y=\dimen147
\pgf@xa=\dimen148
\pgf@ya=\dimen149
\pgf@xb=\dimen150
\pgf@yb=\dimen151
\pgf@xc=\dimen152
\pgf@yc=\dimen153
\pgf@xd=\dimen154
\pgf@yd=\dimen155
\w@pgf@writea=\write3
\r@pgf@reada=\read3
\c@pgf@counta=\count268
\c@pgf@countb=\count269
\c@pgf@countc=\count270
\c@pgf@countd=\count271
\t@pgf@toka=\toks22
\t@pgf@tokb=\toks23
\t@pgf@tokc=\toks24
\pgf@sys@id@count=\count272
 (/usr/share/texlive/texmf-dist/tex/generic/pgf/systemlayer/pgf.cfg
File: pgf.cfg 2023-01-15 v3.1.10 (3.1.10)
)
Driver file for pgf: pgfsys-pdftex.def
 (/usr/share/texlive/texmf-dist/tex/generic/pgf/systemlayer/pgfsys-pdftex.def
File: pgfsys-pdftex.def 2023-01-15 v3.1.10 (3.1.10)
 (/usr/share/texlive/texmf-dist/tex/generic/pgf/systemlayer/pgfsys-common-pdf.def
File: pgfsys-common-pdf.def 2023-01-15 v3.1.10 (3.1.10)
))) (/usr/share/texlive/texmf-dist/tex/generic/pgf/systemlayer/pgfsyssoftpath.code.tex
File: pgfsyssoftpath.code.tex 2023-01-15 v3.1.10 (3.1.10)
\pgfsyssoftpath@smallbuffer@items=\count273
\pgfsyssoftpath@bigbuffer@items=\count274
) (/usr/share/texlive/texmf-dist/tex/generic/pgf/systemlayer/pgfsysprotocol.code.tex
File: pgfsysprotocol.code.tex 2023-01-15 v3.1.10 (3.1.10)
)) (/usr/share/texlive/texmf-dist/tex/latex/xcolor/xcolor.sty
Package: xcolor 2023/11/15 v3.01 LaTeX color extensions (UK)
 (/usr/share/texlive/texmf-dist/tex/latex/graphics-cfg/color.cfg
File: color.cfg 2016/01/02 v1.6 sample color configuration
)
Package xcolor Info: Driver file: pdftex.def on input line 274.
 (/usr/share/texlive/texmf-dist/tex/latex/graphics/mathcolor.ltx)
Package xcolor Info: Model `cmy' substituted by `cmy0' on input line 1350.
Package xcolor Info: Model `hsb' substituted by `rgb' on input line 1354.
Package xcolor Info: Model `RGB' extended on input line 1366.
Package xcolor Info: Model `HTML' substituted by `rgb' on input line 1368.
Package xcolor Info: Model `Hsb' substituted by `hsb' on input line 1369.
Package xcolor Info: Model `tHsb' substituted by `hsb' on input line 1370.
Package xcolor Info: Model `HSB' substituted by `hsb' on input line 1371.
Package xcolor Info: Model `Gray' substituted by `gray' on input line 1372.
Package xcolor Info: Model `wave' substituted by `hsb' on input line 1373.
) (/usr/share/texlive/texmf-dist/tex/generic/pgf/basiclayer/pgfcore.code.tex
Package: pgfcore 2023-01-15 v3.1.10 (3.1.10)
 (/usr/share/texlive/texmf-dist/tex/generic/pgf/math/pgfmath.code.tex (/usr/share/texlive/texmf-dist/tex/generic/pgf/math/pgfmathutil.code.tex) (/usr/share/texlive/texmf-dist/tex/generic/pgf/math/pgfmathparser.code.tex
\pgfmath@dimen=\dimen156
\pgfmath@count=\count275
\pgfmath@box=\box52
\pgfmath@toks=\toks25
\pgfmath@stack@operand=\toks26
\pgfmath@stack@operation=\toks27
) (/usr/share/texlive/texmf-dist/tex/generic/pgf/math/pgfmathfunctions.code.tex) (/usr/share/texlive/texmf-dist/tex/generic/pgf/math/pgfmathfunctions.basic.code.tex) (/usr/share/texlive/texmf-dist/tex/generic/pgf/math/pgfmathfunctions.trigonometric.code.tex) (/usr/share/texlive/texmf-dist/tex/generic/pgf/math/pgfmathfunctions.random.code.tex) (/usr/share/texlive/texmf-dist/tex/generic/pgf/math/pgfmathfunctions.comparison.code.tex) (/usr/share/texlive/texmf-dist/tex/generic/pgf/math/pgfmathfunctions.base.code.tex) (/usr/share/texlive/texmf-dist/tex/generic/pgf/math/pgfmathfunctions.round.code.tex) (/usr/share/texlive/texmf-dist/tex/generic/pgf/math/pgfmathfunctions.misc.code.tex) (/usr/share/texlive/texmf-dist/tex/generic/pgf/math/pgfmathfunctions.integerarithmetics.code.tex) (/usr/share/texlive/texmf-dist/tex/generic/pgf/math/pgfmathcalc.code.tex) (/usr/share/texlive/texmf-dist/tex/generic/pgf/math/pgfmathfloat.code.tex
\c@pgfmathroundto@lastzeros=\count276
)) (/usr/share/texlive/texmf-dist/tex/generic/pgf/math/pgfint.code.tex) (/usr/share/texlive/texmf-dist/tex/generic/pgf/basiclayer/pgfcorepoints.code.tex
File: pgfcorepoints.code.tex 2023-01-15 v3.1.10 (3.1.10)
\pgf@picminx=\dimen157
\pgf@picmaxx=\dimen158
\pgf@picminy=\dimen159
\pgf@picmaxy=\dimen160
\pgf@pathminx=\dimen161
\pgf@pathmaxx=\dimen162
\pgf@pathminy=\dimen163
\pgf@pathmaxy=\dimen164
\pgf@xx=\dimen165
\pgf@xy=\dimen166
\pgf@yx=\dimen167
\pgf@yy=\dimen168
\pgf@zx=\dimen169
\pgf@zy=\dimen170
) (/usr/share/texlive/texmf-dist/tex/generic/pgf/basiclayer/pgfcorepathconstruct.code.tex
File: pgfcorepathconstruct.code.tex 2023-01-15 v3.1.10 (3.1.10)
\pgf@path@lastx=\dimen171
\pgf@path@lasty=\dimen172
) (/usr/share/texlive/texmf-dist/tex/generic/pgf/basiclayer/pgfcorepathusage.code.tex
File: pgfcorepathusage.code.tex 2023-01-15 v3.1.10 (3.1.10)
\pgf@shorten@end@additional=\dimen173
\pgf@shorten@start@additional=\dimen174
) (/usr/share/texlive/texmf-dist/tex/generic/pgf/basiclayer/pgfcorescopes.code.tex
File: pgfcorescopes.code.tex 2023-01-15 v3.1.10 (3.1.10)
\pgfpic=\box53
\pgf@hbox=\box54
\pgf@layerbox@main=\box55
\pgf@picture@serial@count=\count277
) (/usr/share/texlive/texmf-dist/tex/generic/pgf/basiclayer/pgfcoregraphicstate.code.tex
File: pgfcoregraphicstate.code.tex 2023-01-15 v3.1.10 (3.1.10)
\pgflinewidth=\dimen175
) (/usr/share/texlive/texmf-dist/tex/generic/pgf/basiclayer/pgfcoretransformations.code.tex
File: pgfcoretransformations.code.tex 2023-01-15 v3.1.10 (3.1.10)
\pgf@pt@x=\dimen176
\pgf@pt@y=\dimen177
\pgf@pt@temp=\dimen178
) (/usr/share/texlive/texmf-dist/tex/generic/pgf/basiclayer/pgfcorequick.code.tex
File: pgfcorequick.code.tex 2023-01-15 v3.1.10 (3.1.10)
) (/usr/share/texlive/texmf-dist/tex/generic/pgf/basiclayer/pgfcoreobjects.code.tex
File: pgfcoreobjects.code.tex 2023-01-15 v3.1.10 (3.1.10)
) (/usr/share/texlive/texmf-dist/tex/generic/pgf/basiclayer/pgfcorepathprocessing.code.tex
File: pgfcorepathprocessing.code.tex 2023-01-15 v3.1.10 (3.1.10)
) (/usr/share/texlive/texmf-dist/tex/generic/pgf/basiclayer/pgfcorearrows.code.tex
File: pgfcorearrows.code.tex 2023-01-15 v3.1.10 (3.1.10)
\pgfarrowsep=\dimen179
) (/usr/share/texlive/texmf-dist/tex/generic/pgf/basiclayer/pgfcoreshade.code.tex
File: pgfcoreshade.code.tex 2023-01-15 v3.1.10 (3.1.10)
\pgf@max=\dimen180
\pgf@sys@shading@range@num=\count278
\pgf@shadingcount=\count279
) (/usr/share/texlive/texmf-dist/tex/generic/pgf/basiclayer/pgfcoreimage.code.tex
File: pgfcoreimage.code.tex 2023-01-15 v3.1.10 (3.1.10)
) (/usr/share/texlive/texmf-dist/tex/generic/pgf/basiclayer/pgfcoreexternal.code.tex
File: pgfcoreexternal.code.tex 2023-01-15 v3.1.10 (3.1.10)
\pgfexternal@startupbox=\box56
) (/usr/share/texlive/texmf-dist/tex/generic/pgf/basiclayer/pgfcorelayers.code.tex
File: pgfcorelayers.code.tex 2023-01-15 v3.1.10 (3.1.10)
) (/usr/share/texlive/texmf-dist/tex/generic/pgf/basiclayer/pgfcoretransparency.code.tex
File: pgfcoretransparency.code.tex 2023-01-15 v3.1.10 (3.1.10)
) (/usr/share/texlive/texmf-dist/tex/generic/pgf/basiclayer/pgfcorepatterns.code.tex
File: pgfcorepatterns.code.tex 2023-01-15 v3.1.10 (3.1.10)
) (/usr/share/texlive/texmf-dist/tex/generic/pgf/basiclayer/pgfcorerdf.code.tex
File: pgfcorerdf.code.tex 2023-01-15 v3.1.10 (3.1.10)
))) (/usr/share/texlive/texmf-dist/tex/generic/pgf/modules/pgfmoduleshapes.code.tex
File: pgfmoduleshapes.code.tex 2023-01-15 v3.1.10 (3.1.10)
\pgfnodeparttextbox=\box57
) (/usr/share/texlive/texmf-dist/tex/generic/pgf/modules/pgfmoduleplot.code.tex
File: pgfmoduleplot.code.tex 2023-01-15 v3.1.10 (3.1.10)
) (/usr/share/texlive/texmf-dist/tex/latex/pgf/compatibility/pgfcomp-version-0-65.sty
Package: pgfcomp-version-0-65 2023-01-15 v3.1.10 (3.1.10)
\pgf@nodesepstart=\dimen181
\pgf@nodesepend=\dimen182
) (/usr/share/texlive/texmf-dist/tex/latex/pgf/compatibility/pgfcomp-version-1-18.sty
Package: pgfcomp-version-1-18 2023-01-15 v3.1.10 (3.1.10)
)) (/usr/share/texlive/texmf-dist/tex/latex/pgf/utilities/pgffor.sty (/usr/share/texlive/texmf-dist/tex/latex/pgf/utilities/pgfkeys.sty (/usr/share/texlive/texmf-dist/tex/generic/pgf/utilities/pgfkeys.code.tex)) (/usr/share/texlive/texmf-dist/tex/latex/pgf/math/pgfmath.sty (/usr/share/texlive/texmf-dist/tex/generic/pgf/math/pgfmath.code.tex)) (/usr/share/texlive/texmf-dist/tex/generic/pgf/utilities/pgffor.code.tex
Package: pgffor 2023-01-15 v3.1.10 (3.1.10)
\pgffor@iter=\dimen183
\pgffor@skip=\dimen184
\pgffor@stack=\toks28
\pgffor@toks=\toks29
)) (/usr/share/texlive/texmf-dist/tex/generic/pgf/frontendlayer/tikz/tikz.code.tex
Package: tikz 2023-01-15 v3.1.10 (3.1.10)
 (/usr/share/texlive/texmf-dist/tex/generic/pgf/libraries/pgflibraryplothandlers.code.tex
File: pgflibraryplothandlers.code.tex 2023-01-15 v3.1.10 (3.1.10)
\pgf@plot@mark@count=\count280
\pgfplotmarksize=\dimen185
)
\tikz@lastx=\dimen186
\tikz@lasty=\dimen187
\tikz@lastxsaved=\dimen188
\tikz@lastysaved=\dimen189
\tikz@lastmovetox=\dimen190
\tikz@lastmovetoy=\dimen191
\tikzleveldistance=\dimen192
\tikzsiblingdistance=\dimen193
\tikz@figbox=\box58
\tikz@figbox@bg=\box59
\tikz@tempbox=\box60
\tikz@tempbox@bg=\box61
\tikztreelevel=\count281
\tikznumberofchildren=\count282
\tikznumberofcurrentchild=\count283
\tikz@fig@count=\count284
 (/usr/share/texlive/texmf-dist/tex/generic/pgf/modules/pgfmodulematrix.code.tex
File: pgfmodulematrix.code.tex 2023-01-15 v3.1.10 (3.1.10)
\pgfmatrixcurrentrow=\count285
\pgfmatrixcurrentcolumn=\count286
\pgf@matrix@numberofcolumns=\count287
)
\tikz@expandcount=\count288
 (/usr/share/texlive/texmf-dist/tex/generic/pgf/frontendlayer/tikz/libraries/tikzlibrarytopaths.code.tex
File: tikzlibrarytopaths.code.tex 2023-01-15 v3.1.10 (3.1.10)
))) (/usr/share/texlive/texmf-dist/tex/latex/hyperref/hyperref.sty
Package: hyperref 2024-01-20 v7.01h Hypertext links for LaTeX
 (/usr/share/texlive/texmf-dist/tex/generic/iftex/iftex.sty
Package: iftex 2022/02/03 v1.0f TeX engine tests
) (/usr/share/texlive/texmf-dist/tex/latex/kvsetkeys/kvsetkeys.sty
Package: kvsetkeys 2022-10-05 v1.19 Key value parser (HO)
) (/usr/share/texlive/texmf-dist/tex/generic/kvdefinekeys/kvdefinekeys.sty
Package: kvdefinekeys 2019-12-19 v1.6 Define keys (HO)
) (/usr/share/texlive/texmf-dist/tex/generic/pdfescape/pdfescape.sty
Package: pdfescape 2019/12/09 v1.15 Implements pdfTeX's escape features (HO)
 (/usr/share/texlive/texmf-dist/tex/generic/ltxcmds/ltxcmds.sty
Package: ltxcmds 2023-12-04 v1.26 LaTeX kernel commands for general use (HO)
) (/usr/share/texlive/texmf-dist/tex/generic/pdftexcmds/pdftexcmds.sty
Package: pdftexcmds 2020-06-27 v0.33 Utility functions of pdfTeX for LuaTeX (HO)
 (/usr/share/texlive/texmf-dist/tex/generic/infwarerr/infwarerr.sty
Package: infwarerr 2019/12/03 v1.5 Providing info/warning/error messages (HO)
)
Package pdftexcmds Info: \pdf@primitive is available.
Package pdftexcmds Info: \pdf@ifprimitive is available.
Package pdftexcmds Info: \pdfdraftmode found.
)) (/usr/share/texlive/texmf-dist/tex/latex/hycolor/hycolor.sty
Package: hycolor 2020-01-27 v1.10 Color options for hyperref/bookmark (HO)
) (/usr/share/texlive/texmf-dist/tex/latex/auxhook/auxhook.sty
Package: auxhook 2019-12-17 v1.6 Hooks for auxiliary files (HO)
) (/usr/share/texlive/texmf-dist/tex/latex/hyperref/nameref.sty
Package: nameref 2023-11-26 v2.56 Cross-referencing by name of section
 (/usr/share/texlive/texmf-dist/tex/latex/refcount/refcount.sty
Package: refcount 2019/12/15 v3.6 Data extraction from label references (HO)
) (/usr/share/texlive/texmf-dist/tex/generic/gettitlestring/gettitlestring.sty
Package: gettitlestring 2019/12/15 v1.6 Cleanup title references (HO)
 (/usr/share/texlive/texmf-dist/tex/latex/kvoptions/kvoptions.sty
Package: kvoptions 2022-06-15 v3.15 Key value format for package options (HO)
))
\c@section@level=\count289
)
\@linkdim=\dimen194
\Hy@linkcounter=\count290
\Hy@pagecounter=\count291
 (/usr/share/texlive/texmf-dist/tex/latex/hyperref/pd1enc.def
File: pd1enc.def 2024-01-20 v7.01h Hyperref: PDFDocEncoding definition (HO)
Now handling font encoding PD1 ...
... no UTF-8 mapping file for font encoding PD1
) (/usr/share/texlive/texmf-dist/tex/generic/intcalc/intcalc.sty
Package: intcalc 2019/12/15 v1.3 Expandable calculations with integers (HO)
)
\Hy@SavedSpaceFactor=\count292
 (/usr/share/texlive/texmf-dist/tex/latex/hyperref/puenc.def
File: puenc.def 2024-01-20 v7.01h Hyperref: PDF Unicode definition (HO)
Now handling font encoding PU ...
... no UTF-8 mapping file for font encoding PU
)
Package hyperref Info: Hyper figures OFF on input line 4179.
Package hyperref Info: Link nesting OFF on input line 4184.
Package hyperref Info: Hyper index ON on input line 4187.
Package hyperref Info: Plain pages OFF on input line 4194.
Package hyperref Info: Backreferencing OFF on input line 4199.
Package hyperref Info: Implicit mode ON; LaTeX internals redefined.
Package hyperref Info: Bookmarks ON on input line 4446.
\c@Hy@tempcnt=\count293
 (/usr/share/texlive/texmf-dist/tex/latex/url/url.sty
\Urlmuskip=\muskip16
Package: url 2013/09/16  ver 3.4  Verb mode for urls, etc.
)
LaTeX Info: Redefining \url on input line 4784.
\XeTeXLinkMargin=\dimen195
 (/usr/share/texlive/texmf-dist/tex/generic/bitset/bitset.sty
Package: bitset 2019/12/09 v1.3 Handle bit-vector datatype (HO)
 (/usr/share/texlive/texmf-dist/tex/generic/bigintcalc/bigintcalc.sty
Package: bigintcalc 2019/12/15 v1.5 Expandable calculations on big integers (HO)
))
\Fld@menulength=\count294
\Field@Width=\dimen196
\Fld@charsize=\dimen197
Package hyperref Info: Hyper figures OFF on input line 6063.
Package hyperref Info: Link nesting OFF on input line 6068.
Package hyperref Info: Hyper index ON on input line 6071.
Package hyperref Info: backreferencing OFF on input line 6078.
Package hyperref Info: Link coloring OFF on input line 6083.
Package hyperref Info: Link coloring with OCG OFF on input line 6088.
Package hyperref Info: PDF/A mode OFF on input line 6093.
 (/usr/share/texlive/texmf-dist/tex/latex/base/atbegshi-ltx.sty
Package: atbegshi-ltx 2021/01/10 v1.0c Emulation of the original atbegshi
package with kernel methods
)
\Hy@abspage=\count295
\c@Item=\count296
\c@Hfootnote=\count297
)
Package hyperref Info: Driver (autodetected): hpdftex.
 (/usr/share/texlive/texmf-dist/tex/latex/hyperref/hpdftex.def
File: hpdftex.def 2024-01-20 v7.01h Hyperref driver for pdfTeX
 (/usr/share/texlive/texmf-dist/tex/latex/base/atveryend-ltx.sty
Package: atveryend-ltx 2020/08/19 v1.0a Emulation of the original atveryend package
with kernel methods
)
\Fld@listcount=\count298
\c@bookmark@seq@number=\count299
 (/usr/share/texlive/texmf-dist/tex/latex/rerunfilecheck/rerunfilecheck.sty
Package: rerunfilecheck 2022-07-10 v1.10 Rerun checks for auxiliary files (HO)
 (/usr/share/texlive/texmf-dist/tex/generic/uniquecounter/uniquecounter.sty
Package: uniquecounter 2019/12/15 v1.4 Provide unlimited unique counter (HO)
)
Package uniquecounter Info: New unique counter `rerunfilecheck' on input line 285.
)
\Hy@SectionHShift=\skip50
) (/usr/share/texlive/texmf-dist/tex/latex/amsmath/amsmath.sty
Package: amsmath 2023/05/13 v2.17o AMS math features
\@mathmargin=\skip51

For additional information on amsmath, use the `?' option.
(/usr/share/texlive/texmf-dist/tex/latex/amsmath/amstext.sty
Package: amstext 2021/08/26 v2.01 AMS text
 (/usr/share/texlive/texmf-dist/tex/latex/amsmath/amsgen.sty
File: amsgen.sty 1999/11/30 v2.0 generic functions
\@emptytoks=\toks30
\ex@=\dimen198
)) (/usr/share/texlive/texmf-dist/tex/latex/amsmath/amsbsy.sty
Package: amsbsy 1999/11/29 v1.2d Bold Symbols
\pmbraise@=\dimen199
) (/usr/share/texlive/texmf-dist/tex/latex/amsmath/amsopn.sty
Package: amsopn 2022/04/08 v2.04 operator names
)
\inf@bad=\count300
LaTeX Info: Redefining \frac on input line 234.
\uproot@=\count301
\leftroot@=\count302
LaTeX Info: Redefining \overline on input line 399.
LaTeX Info: Redefining \colon on input line 410.
\classnum@=\count303
\DOTSCASE@=\count304
LaTeX Info: Redefining \ldots on input line 496.
LaTeX Info: Redefining \dots on input line 499.
LaTeX Info: Redefining \cdots on input line 620.
\Mathstrutbox@=\box62
\strutbox@=\box63
LaTeX Info: Redefining \big on input line 722.
LaTeX Info: Redefining \Big on input line 723.
LaTeX Info: Redefining \bigg on input line 724.
LaTeX Info: Redefining \Bigg on input line 725.
\big@size=\dimen256
LaTeX Font Info:    Redeclaring font encoding OML on input line 743.
LaTeX Font Info:    Redeclaring font encoding OMS on input line 744.
\macc@depth=\count305
LaTeX Info: Redefining \bmod on input line 905.
LaTeX Info: Redefining \pmod on input line 910.
LaTeX Info: Redefining \smash on input line 940.
LaTeX Info: Redefining \relbar on input line 970.
LaTeX Info: Redefining \Relbar on input line 971.
\c@MaxMatrixCols=\count306
\dotsspace@=\muskip17
\c@parentequation=\count307
\dspbrk@lvl=\count308
\tag@help=\toks31
\row@=\count309
\column@=\count310
\maxfields@=\count311
\andhelp@=\toks32
\eqnshift@=\dimen257
\alignsep@=\dimen258
\tagshift@=\dimen259
\tagwidth@=\dimen260
\totwidth@=\dimen261
\lineht@=\dimen262
\@envbody=\toks33
\multlinegap=\skip52
\multlinetaggap=\skip53
\mathdisplay@stack=\toks34
LaTeX Info: Redefining \[ on input line 2953.
LaTeX Info: Redefining \] on input line 2954.
) (/usr/share/texlive/texmf-dist/tex/latex/float/float.sty
Package: float 2001/11/08 v1.3d Float enhancements (AL)
\c@float@type=\count312
\float@exts=\toks35
\float@box=\box64
\@float@everytoks=\toks36
\@floatcapt=\box65
) (/usr/share/texlive/texmf-dist/tex/generic/soul/soul.sty
Package: soul 2023-06-14 v3.1 Permit use of UTF-8 characters in soul (HO)
 (/usr/share/texlive/texmf-dist/tex/generic/soul/soul-ori.sty
Package: soul-ori 2023-06-14 v3.1 letterspacing/underlining (mf)
\SOUL@word=\toks37
\SOUL@lasttoken=\toks38
\SOUL@syllable=\toks39
\SOUL@cmds=\toks40
\SOUL@buffer=\toks41
\SOUL@token=\toks42
\SOUL@syllgoal=\dimen263
\SOUL@syllwidth=\dimen264
\SOUL@charkern=\dimen265
\SOUL@hyphkern=\dimen266
\SOUL@dimen=\dimen267
\SOUL@dimeni=\dimen268
\SOUL@minus=\count313
\SOUL@comma=\count314
\SOUL@apo=\count315
\SOUL@grave=\count316
\SOUL@spaceskip=\skip54
\SOUL@ttwidth=\dimen269
\SOUL@uldp=\dimen270
\SOUL@ulht=\dimen271
) (/usr/share/texlive/texmf-dist/tex/generic/etexcmds/etexcmds.sty
Package: etexcmds 2019/12/15 v1.7 Avoid name clashes with e-TeX commands (HO)
)) (/usr/share/texlive/texmf-dist/tex/latex/listings/listings.sty
\lst@mode=\count317
\lst@gtempboxa=\box66
\lst@token=\toks43
\lst@length=\count318
\lst@currlwidth=\dimen272
\lst@column=\count319
\lst@pos=\count320
\lst@lostspace=\dimen273
\lst@width=\dimen274
\lst@newlines=\count321
\lst@lineno=\count322
\lst@maxwidth=\dimen275
 (/usr/share/texlive/texmf-dist/tex/latex/listings/lstmisc.sty
File: lstmisc.sty 2023/02/27 1.9 (Carsten Heinz)
\c@lstnumber=\count323
\lst@skipnumbers=\count324
\lst@framebox=\box67
) (/usr/share/texlive/texmf-dist/tex/latex/listings/listings.cfg
File: listings.cfg 2023/02/27 1.9 listings configuration
))
Package: listings 2023/02/27 1.9 (Carsten Heinz)
 (/usr/share/texlive/texmf-dist/tex/latex/l3backend/l3backend-pdftex.def
File: l3backend-pdftex.def 2024-01-04 L3 backend support: PDF output (pdfTeX)
\l__color_backend_stack_int=\count325
\l__pdf_internal_box=\box68
) (./ssr.aux (./chapters/1/intro.aux) (./chapters/2/standard_concetti_base.aux) (./chapters/3/access_control.aux) (./chapters/4/policy.aux) (./chapters/5/malware.aux) (./chapters/6/auth.aux) (./chapters/7/iso-osi.aux) (./chapters/8/ip-tcp.aux) (./chapters/9/scanning.aux) (./chapters/10/ssl.aux) (./chapters/11/firewall.aux) (./chapters/12/fw_avanzati.aux))
\openout1 = `ssr.aux'.

LaTeX Font Info:    Checking defaults for OML/cmm/m/it on input line 28.
LaTeX Font Info:    ... okay on input line 28.
LaTeX Font Info:    Checking defaults for OMS/cmsy/m/n on input line 28.
LaTeX Font Info:    ... okay on input line 28.
LaTeX Font Info:    Checking defaults for OT1/cmr/m/n on input line 28.
LaTeX Font Info:    ... okay on input line 28.
LaTeX Font Info:    Checking defaults for T1/cmr/m/n on input line 28.
LaTeX Font Info:    ... okay on input line 28.
LaTeX Font Info:    Checking defaults for TS1/cmr/m/n on input line 28.
LaTeX Font Info:    ... okay on input line 28.
LaTeX Font Info:    Checking defaults for OMX/cmex/m/n on input line 28.
LaTeX Font Info:    ... okay on input line 28.
LaTeX Font Info:    Checking defaults for U/cmr/m/n on input line 28.
LaTeX Font Info:    ... okay on input line 28.
LaTeX Font Info:    Checking defaults for PD1/pdf/m/n on input line 28.
LaTeX Font Info:    ... okay on input line 28.
LaTeX Font Info:    Checking defaults for PU/pdf/m/n on input line 28.
LaTeX Font Info:    ... okay on input line 28.
 (/usr/share/texlive/texmf-dist/tex/context/base/mkii/supp-pdf.mkii
[Loading MPS to PDF converter (version 2006.09.02).]
\scratchcounter=\count326
\scratchdimen=\dimen276
\scratchbox=\box69
\nofMPsegments=\count327
\nofMParguments=\count328
\everyMPshowfont=\toks44
\MPscratchCnt=\count329
\MPscratchDim=\dimen277
\MPnumerator=\count330
\makeMPintoPDFobject=\count331
\everyMPtoPDFconversion=\toks45
) (/usr/share/texlive/texmf-dist/tex/latex/epstopdf-pkg/epstopdf-base.sty
Package: epstopdf-base 2020-01-24 v2.11 Base part for package epstopdf
Package epstopdf-base Info: Redefining graphics rule for `.eps' on input line 485.
 (/usr/share/texlive/texmf-dist/tex/latex/latexconfig/epstopdf-sys.cfg
File: epstopdf-sys.cfg 2010/07/13 v1.3 Configuration of (r)epstopdf for TeX Live
))
LaTeX Info: Redefining \it@ocap on input line 28.
LaTeX Info: Redefining \it@ccap on input line 28.


File italian.ldf warning: 
italian.ldf    With OT1 encoding guillemets are poorly faked
italian.ldf    Use T1 encoding
italian.ldf    or specify a font with command \CaporaliFrom
italian.ldf    See the documentation concerning the babel-italian typesetting
italian.ldf    on input line 28.

Package hyperref Info: Link coloring OFF on input line 28.
(./ssr.out) (./ssr.out)
\@outlinefile=\write4
\openout4 = `ssr.out'.

\c@lstlisting=\count332


LaTeX Warning: No \author given.

[1

{/var/lib/texmf/fonts/map/pdftex/updmap/pdftex.map}] (./ssr.toc
pdfTeX warning (ext4): destination with the same identifier (name{page.1}) has been already used, duplicate ignored
<to be read again> 
                   \relax 
l.35 ... {4}Politiche di sicurezza}{20}{chapter.4}
                                                  % [1

] [2] [3])
\tf@toc=\write5
\openout5 = `ssr.toc'.

 [4]
\openout2 = `chapters/1/intro.aux'.

 (./chapters/1/intro.tex
Capitolo 1.
[5


{/usr/share/texmf/fonts/enc/dvips/cm-super/cm-super-ts1.enc}]) [6]
\openout2 = `chapters/2/standard_concetti_base.aux'.

 (./chapters/2/standard_concetti_base.tex
Capitolo 2.
<chapters/2/images/rmm.png, id=778, 329.23pt x 166.6225pt>
File: chapters/2/images/rmm.png Graphic file (type png)
<use chapters/2/images/rmm.png>
Package pdftex.def Info: chapters/2/images/rmm.png  used on input line 22.
(pdftex.def)             Requested size: 258.75pt x 130.95657pt.
[7




 <./chapters/2/images/rmm.png>] [8] [9]) [10]
\openout2 = `chapters/3/access_control.aux'.

 (./chapters/3/access_control.tex
Capitolo 3.
<chapters/3/images/ac.png, id=797, 540.0175pt x 359.3425pt>
File: chapters/3/images/ac.png Graphic file (type png)
<use chapters/3/images/ac.png>
Package pdftex.def Info: chapters/3/images/ac.png  used on input line 20.
(pdftex.def)             Requested size: 345.0pt x 229.57814pt.
[11




 <./chapters/3/images/ac.png>] [12]
<chapters/3/images/dac-matrix.png, id=808, 228.855pt x 145.54375pt>
File: chapters/3/images/dac-matrix.png Graphic file (type png)
<use chapters/3/images/dac-matrix.png>
Package pdftex.def Info: chapters/3/images/dac-matrix.png  used on input line 84.
(pdftex.def)             Requested size: 276.00105pt x 175.53326pt.
<chapters/3/images/dac-list.png, id=809, 632.3625pt x 391.4625pt>
File: chapters/3/images/dac-list.png Graphic file (type png)
<use chapters/3/images/dac-list.png>
Package pdftex.def Info: chapters/3/images/dac-list.png  used on input line 94.
(pdftex.def)             Requested size: 345.0pt x 213.5728pt.
 [13 <./chapters/3/images/dac-matrix.png>] [14 <./chapters/3/images/dac-list.png>]
<chapters/3/images/rbac.png, id=822, 247.92625pt x 270.00874pt>
File: chapters/3/images/rbac.png Graphic file (type png)
<use chapters/3/images/rbac.png>
Package pdftex.def Info: chapters/3/images/rbac.png  used on input line 149.
(pdftex.def)             Requested size: 241.49895pt x 263.01231pt.
 [15 <./chapters/3/images/rbac.png>]
<chapters/3/images/unix-permessi.png, id=828, 406.51875pt x 188.705pt>
File: chapters/3/images/unix-permessi.png Graphic file (type png)
<use chapters/3/images/unix-permessi.png>
Package pdftex.def Info: chapters/3/images/unix-permessi.png  used on input line 170.
(pdftex.def)             Requested size: 241.49895pt x 112.10378pt.
 [16 <./chapters/3/images/unix-permessi.png>] [17]
<chapters/3/images/linux-accesso-file.png, id=838, 823.075pt x 251.94125pt>
File: chapters/3/images/linux-accesso-file.png Graphic file (type png)
<use chapters/3/images/linux-accesso-file.png>
Package pdftex.def Info: chapters/3/images/linux-accesso-file.png  used on input line 243.
(pdftex.def)             Requested size: 276.00105pt x 84.48253pt.
 [18 <./chapters/3/images/linux-accesso-file.png>]) [19]
\openout2 = `chapters/4/policy.aux'.

 (./chapters/4/policy.tex
Capitolo 4.
[20




]) [21]
\openout2 = `chapters/5/malware.aux'.

 (./chapters/5/malware.tex
Capitolo 5.
<chapters/5/images/classification1.png, id=859, 924.45375pt x 362.35374pt>
File: chapters/5/images/classification1.png Graphic file (type png)
<use chapters/5/images/classification1.png>
Package pdftex.def Info: chapters/5/images/classification1.png  used on input line 18.
(pdftex.def)             Requested size: 345.0pt x 135.22989pt.
<chapters/5/images/classification2.png, id=860, 943.525pt x 381.425pt>
File: chapters/5/images/classification2.png Graphic file (type png)
<use chapters/5/images/classification2.png>
Package pdftex.def Info: chapters/5/images/classification2.png  used on input line 23.
(pdftex.def)             Requested size: 345.0pt x 139.46631pt.
[22




 <./chapters/5/images/classification1.png>]
<chapters/5/images/classification3.png, id=866, 687.56876pt x 409.53pt>
File: chapters/5/images/classification3.png Graphic file (type png)
<use chapters/5/images/classification3.png>
Package pdftex.def Info: chapters/5/images/classification3.png  used on input line 28.
(pdftex.def)             Requested size: 345.0pt x 205.48936pt.
 [23 <./chapters/5/images/classification2.png> <./chapters/5/images/classification3.png>] [24] [25] [26]) [27]
\openout2 = `chapters/6/auth.aux'.

 (./chapters/6/auth.tex
Capitolo 6.
[28




]
LaTeX Font Info:    Font shape `OT1/cmtt/bx/n' in size <10> not available
(Font)              Font shape `OT1/cmtt/m/n' tried instead on input line 65.
 [29] [30]) [31]
\openout2 = `chapters/7/iso-osi.aux'.

 (./chapters/7/iso-osi.tex
Capitolo 7.
<chapters/7/images/osi-stack.png, id=912, 649.42625pt x 324.21124pt>
File: chapters/7/images/osi-stack.png Graphic file (type png)
<use chapters/7/images/osi-stack.png>
Package pdftex.def Info: chapters/7/images/osi-stack.png  used on input line 26.
(pdftex.def)             Requested size: 345.0pt x 172.2368pt.
[32




] [33
pdfTeX warning (ext4): destination with the same identifier (name{figure.7.1}) has been already used, duplicate ignored
<argument> ...shipout:D \box_use:N \l_shipout_box 
                                                  \__shipout_drop_firstpage_...
l.63         \item N
                    eighbour Discovery Protocol (NDP) per IPv6 <./chapters/7/images/osi-stack.png>] [34] [35]) [36]
\openout2 = `chapters/8/ip-tcp.aux'.

 (./chapters/8/ip-tcp.tex
Capitolo 8.
<chapters/8/images/trasporto.png, id=938, 400.49625pt x 262.9825pt>
File: chapters/8/images/trasporto.png Graphic file (type png)
<use chapters/8/images/trasporto.png>
Package pdftex.def Info: chapters/8/images/trasporto.png  used on input line 10.
(pdftex.def)             Requested size: 241.49895pt x 158.58122pt.
[37




 <./chapters/8/images/trasporto.png>]
<chapters/8/images/tcp.png, id=944, 820.06375pt x 221.82875pt>
File: chapters/8/images/tcp.png Graphic file (type png)
<use chapters/8/images/tcp.png>
Package pdftex.def Info: chapters/8/images/tcp.png  used on input line 29.
(pdftex.def)             Requested size: 345.0pt x 93.3265pt.
<chapters/8/images/tcp-handshake.png, id=945, 588.1975pt x 191.71625pt>
File: chapters/8/images/tcp-handshake.png Graphic file (type png)
<use chapters/8/images/tcp-handshake.png>
Package pdftex.def Info: chapters/8/images/tcp-handshake.png  used on input line 52.
(pdftex.def)             Requested size: 276.00105pt x 89.96037pt.
 [38 <./chapters/8/images/tcp.png>] [39 <./chapters/8/images/tcp-handshake.png>]
<chapters/8/images/tcp-hijack.png, id=956, 365.365pt x 158.5925pt>
File: chapters/8/images/tcp-hijack.png Graphic file (type png)
<use chapters/8/images/tcp-hijack.png>
Package pdftex.def Info: chapters/8/images/tcp-hijack.png  used on input line 141.
(pdftex.def)             Requested size: 276.00105pt x 119.80797pt.
 [40] [41 <./chapters/8/images/tcp-hijack.png>] [42] [43]
<chapters/8/images/icmp.png, id=982, 348.30125pt x 340.27126pt>
File: chapters/8/images/icmp.png Graphic file (type png)
<use chapters/8/images/icmp.png>
Package pdftex.def Info: chapters/8/images/icmp.png  used on input line 257.
(pdftex.def)             Requested size: 207.0021pt x 202.22766pt.
 [44 <./chapters/8/images/icmp.png>]
<chapters/8/images/ip.png, id=988, 427.5975pt x 315.1775pt>
File: chapters/8/images/ip.png Graphic file (type png)
<use chapters/8/images/ip.png>
Package pdftex.def Info: chapters/8/images/ip.png  used on input line 285.
(pdftex.def)             Requested size: 276.00105pt x 203.4346pt.
 [45 <./chapters/8/images/ip.png>]) [46]
\openout2 = `chapters/9/scanning.aux'.

 (./chapters/9/scanning.tex
Capitolo 9.
<chapters/9/images/intro.png, id=999, 588.1975pt x 162.6075pt>
File: chapters/9/images/intro.png Graphic file (type png)
<use chapters/9/images/intro.png>
Package pdftex.def Info: chapters/9/images/intro.png  used on input line 13.
(pdftex.def)             Requested size: 310.4979pt x 85.83667pt.
[47




 <./chapters/9/images/intro.png>]
<chapters/9/images/tipi-scansioni.png, id=1005, 565.11125pt x 199.74625pt>
File: chapters/9/images/tipi-scansioni.png Graphic file (type png)
<use chapters/9/images/tipi-scansioni.png>
Package pdftex.def Info: chapters/9/images/tipi-scansioni.png  used on input line 44.
(pdftex.def)             Requested size: 310.4979pt x 109.75105pt.
<chapters/9/images/attivo-passivo.png, id=1006, 842.14626pt x 316.18124pt>
File: chapters/9/images/attivo-passivo.png Graphic file (type png)
<use chapters/9/images/attivo-passivo.png>
Package pdftex.def Info: chapters/9/images/attivo-passivo.png  used on input line 67.
(pdftex.def)             Requested size: 345.0pt x 129.529pt.
 [48 <./chapters/9/images/tipi-scansioni.png>] [49 <./chapters/9/images/attivo-passivo.png>] [50] [51]) [52]
\openout2 = `chapters/10/ssl.aux'.

 (./chapters/10/ssl.tex
Capitolo 10.
<chapters/10/images/intro.png, id=1033, 214.8025pt x 181.67876pt>
File: chapters/10/images/intro.png Graphic file (type png)
<use chapters/10/images/intro.png>
Package pdftex.def Info: chapters/10/images/intro.png  used on input line 10.
(pdftex.def)             Requested size: 137.9979pt x 116.72032pt.
[53




 <./chapters/10/images/intro.png>]
<chapters/10/images/tls-basics.png, id=1039, 576.1525pt x 269.005pt>
File: chapters/10/images/tls-basics.png Graphic file (type png)
<use chapters/10/images/tls-basics.png>
Package pdftex.def Info: chapters/10/images/tls-basics.png  used on input line 36.
(pdftex.def)             Requested size: 345.0pt x 161.08408pt.
 [54 <./chapters/10/images/tls-basics.png>]
<chapters/10/images/hs1.png, id=1047, 568.1225pt x 345.29pt>
File: chapters/10/images/hs1.png Graphic file (type png)
<use chapters/10/images/hs1.png>
Package pdftex.def Info: chapters/10/images/hs1.png  used on input line 96.
(pdftex.def)             Requested size: 345.0pt x 209.68875pt.
<chapters/10/images/hs2.png, id=1048, 718.685pt x 378.41376pt>
File: chapters/10/images/hs2.png Graphic file (type png)
<use chapters/10/images/hs2.png>
Package pdftex.def Info: chapters/10/images/hs2.png  used on input line 100.
(pdftex.def)             Requested size: 345.0pt x 181.65962pt.
 [55 <./chapters/10/images/hs1.png>] [56 <./chapters/10/images/hs2.png>]
<chapters/10/images/tls-record.png, id=1065, 876.27374pt x 178.6675pt>
File: chapters/10/images/tls-record.png Graphic file (type png)
<use chapters/10/images/tls-record.png>
Package pdftex.def Info: chapters/10/images/tls-record.png  used on input line 144.
(pdftex.def)             Requested size: 345.0pt x 70.34523pt.
 [57 <./chapters/10/images/tls-record.png>] [58]) [59]
\openout2 = `chapters/11/firewall.aux'.

 (./chapters/11/firewall.tex
Capitolo 11.
<chapters/11/images/controlli.png, id=1081, 730.73pt x 450.68375pt>
File: chapters/11/images/controlli.png Graphic file (type png)
<use chapters/11/images/controlli.png>
Package pdftex.def Info: chapters/11/images/controlli.png  used on input line 40.
(pdftex.def)             Requested size: 276.00105pt x 170.22319pt.
[60




]
<chapters/11/images/personal-fw.png, id=1089, 548.0475pt x 240.9pt>
File: chapters/11/images/personal-fw.png Graphic file (type png)
<use chapters/11/images/personal-fw.png>
Package pdftex.def Info: chapters/11/images/personal-fw.png  used on input line 49.
(pdftex.def)             Requested size: 207.0021pt x 90.99156pt.
<chapters/11/images/fw.png, id=1090, 617.30624pt x 320.19624pt>
File: chapters/11/images/fw.png Graphic file (type png)
<use chapters/11/images/fw.png>
Package pdftex.def Info: chapters/11/images/fw.png  used on input line 57.
(pdftex.def)             Requested size: 207.0021pt x 107.37022pt.
 [61 <./chapters/11/images/controlli.png> <./chapters/11/images/personal-fw.png> <./chapters/11/images/fw.png>]
<chapters/11/images/zone.png, id=1100, 889.3225pt x 549.05125pt>
File: chapters/11/images/zone.png Graphic file (type png)
<use chapters/11/images/zone.png>
Package pdftex.def Info: chapters/11/images/zone.png  used on input line 78.
(pdftex.def)             Requested size: 345.0pt x 212.99811pt.
 [62 <./chapters/11/images/zone.png>]
<chapters/11/images/spt-tcp.png, id=1106, 775.89874pt x 180.675pt>
File: chapters/11/images/spt-tcp.png Graphic file (type png)
<use chapters/11/images/spt-tcp.png>
Package pdftex.def Info: chapters/11/images/spt-tcp.png  used on input line 150.
(pdftex.def)             Requested size: 276.00105pt x 64.27101pt.
 [63] [64 <./chapters/11/images/spt-tcp.png>] [65] [66]
LaTeX Font Info:    Trying to load font information for OMS+cmtt on input line 290.
LaTeX Font Info:    No file OMScmtt.fd. on input line 290.


LaTeX Font Warning: Font shape `OMS/cmtt/m/n' undefined
(Font)              using `OMS/cmsy/m/n' instead
(Font)              for symbol `textbraceleft' on input line 290.

<chapters/11/images/esempio.png, id=1129, 753.81625pt x 316.18124pt>
File: chapters/11/images/esempio.png Graphic file (type png)
<use chapters/11/images/esempio.png>
Package pdftex.def Info: chapters/11/images/esempio.png  used on input line 306.
(pdftex.def)             Requested size: 345.0pt x 144.70697pt.
[67 <./chapters/11/images/esempio.png>]
<chapters/11/images/tabella.png, id=1142, 945.5325pt x 190.7125pt>
File: chapters/11/images/tabella.png Graphic file (type png)
<use chapters/11/images/tabella.png>
Package pdftex.def Info: chapters/11/images/tabella.png  used on input line 325.
(pdftex.def)             Requested size: 345.0pt x 69.58765pt.
<chapters/11/images/telnet1.png, id=1143, 950.55125pt x 241.90375pt>
File: chapters/11/images/telnet1.png Graphic file (type png)
<use chapters/11/images/telnet1.png>
Package pdftex.def Info: chapters/11/images/telnet1.png  used on input line 341.
(pdftex.def)             Requested size: 345.0pt x 87.79767pt.
 [68 <./chapters/11/images/tabella.png> <./chapters/11/images/telnet1.png>]
<chapters/11/images/telnet2.png, id=1154, 986.68625pt x 205.76875pt>
File: chapters/11/images/telnet2.png Graphic file (type png)
<use chapters/11/images/telnet2.png>
Package pdftex.def Info: chapters/11/images/telnet2.png  used on input line 359.
(pdftex.def)             Requested size: 345.0pt x 71.94792pt.
) [69 <./chapters/11/images/telnet2.png>]
\openout2 = `chapters/12/fw_avanzati.aux'.

 (./chapters/12/fw_avanzati.tex
Capitolo 12.
[70




] [71]
<chapters/12/images/smtp.png, id=1176, 1023.825pt x 271.0125pt>
File: chapters/12/images/smtp.png Graphic file (type png)
<use chapters/12/images/smtp.png>
Package pdftex.def Info: chapters/12/images/smtp.png  used on input line 103.
(pdftex.def)             Requested size: 345.0pt x 91.32423pt.
 [72] [73 <./chapters/12/images/smtp.png>]
<chapters/12/images/ftp1.png, id=1196, 1020.81375pt x 274.02374pt>
File: chapters/12/images/ftp1.png Graphic file (type png)
<use chapters/12/images/ftp1.png>
Package pdftex.def Info: chapters/12/images/ftp1.png  used on input line 158.
(pdftex.def)             Requested size: 345.0pt x 92.61073pt.
<chapters/12/images/ftp2.png, id=1197, 1026.83624pt x 277.035pt>
File: chapters/12/images/ftp2.png Graphic file (type png)
<use chapters/12/images/ftp2.png>
Package pdftex.def Info: chapters/12/images/ftp2.png  used on input line 174.
(pdftex.def)             Requested size: 345.0pt x 93.07889pt.
 [74 <./chapters/12/images/ftp1.png> <./chapters/12/images/ftp2.png>] [75]) [76] (./ssr.aux (./chapters/1/intro.aux) (./chapters/2/standard_concetti_base.aux) (./chapters/3/access_control.aux) (./chapters/4/policy.aux) (./chapters/5/malware.aux) (./chapters/6/auth.aux) (./chapters/7/iso-osi.aux) (./chapters/8/ip-tcp.aux) (./chapters/9/scanning.aux) (./chapters/10/ssl.aux) (./chapters/11/firewall.aux) (./chapters/12/fw_avanzati.aux))
 ***********
LaTeX2e <2023-11-01> patch level 1
L3 programming layer <2024-01-22>
 ***********


LaTeX Font Warning: Some font shapes were not available, defaults substituted.

Package rerunfilecheck Info: File `ssr.out' has not changed.
(rerunfilecheck)             Checksum: F266905917DED6B06E0F9B58A89DAD15;23684.
 ) 
Here is how much of TeX's memory you used:
 23532 strings out of 474222
 435283 string characters out of 5748733
 1954975 words of memory out of 5000000
 45056 multiletter control sequences out of 15000+600000
 567202 words of font info for 67 fonts, out of 8000000 for 9000
 1141 hyphenation exceptions out of 8191
 84i,7n,93p,463b,1922s stack positions out of 10000i,1000n,20000p,200000b,200000s
</usr/share/texlive/texmf-dist/fonts/type1/public/amsfonts/cm/cmbx10.pfb></usr/share/texlive/texmf-dist/fonts/type1/public/amsfonts/cm/cmbx12.pfb></usr/share/texlive/texmf-dist/fonts/type1/public/amsfonts/cm/cmbxti10.pfb></usr/share/texlive/texmf-dist/fonts/type1/public/amsfonts/cm/cmmi10.pfb></usr/share/texlive/texmf-dist/fonts/type1/public/amsfonts/cm/cmr10.pfb></usr/share/texlive/texmf-dist/fonts/type1/public/amsfonts/cm/cmr7.pfb></usr/share/texlive/texmf-dist/fonts/type1/public/amsfonts/cm/cmr9.pfb></usr/share/texlive/texmf-dist/fonts/type1/public/amsfonts/cm/cmsy10.pfb></usr/share/texlive/texmf-dist/fonts/type1/public/amsfonts/cm/cmti10.pfb></usr/share/texlive/texmf-dist/fonts/type1/public/amsfonts/cm/cmtt10.pfb></usr/share/texmf/fonts/type1/public/cm-super/sfrm1000.pfb>
Output written on ssr.pdf (77 pages, 1499960 bytes).
PDF statistics:
 1330 PDF objects out of 1440 (max. 8388607)
 1143 compressed objects within 12 object streams
 287 named destinations out of 1000 (max. 500000)
 1366 words of extra memory for PDF output out of 10000 (max. 10000000)

