\BOOKMARK [0][-]{chapter.1}{\376\377\000I\000n\000t\000r\000o\000d\000u\000z\000i\000o\000n\000e}{}% 1
\BOOKMARK [1][-]{section.1.1}{\376\377\000T\000e\000r\000m\000i\000n\000o\000l\000o\000g\000i\000a}{chapter.1}% 2
\BOOKMARK [1][-]{section.1.2}{\376\377\000S\000i\000c\000u\000r\000e\000z\000z\000a}{chapter.1}% 3
\BOOKMARK [0][-]{chapter.2}{\376\377\000S\000t\000a\000n\000d\000a\000r\000d\000\040\000e\000\040\000C\000o\000n\000c\000e\000t\000t\000i\000\040\000b\000a\000s\000e}{}% 4
\BOOKMARK [1][-]{section.2.1}{\376\377\000S\000t\000a\000n\000d\000a\000r\000d}{chapter.2}% 5
\BOOKMARK [1][-]{section.2.2}{\376\377\000R\000e\000f\000e\000r\000e\000n\000c\000e\000\040\000M\000o\000n\000i\000t\000o\000r\000\040\000M\000o\000d\000e\000l\000\040\000-\000\040\000R\000M\000M}{chapter.2}% 6
\BOOKMARK [1][-]{section.2.3}{\376\377\000D\000e\000f\000i\000n\000i\000z\000i\000o\000n\000i}{chapter.2}% 7
\BOOKMARK [1][-]{section.2.4}{\376\377\000S\000f\000i\000d\000e\000\040\000d\000e\000l\000l\000a\000\040\000s\000i\000c\000u\000r\000e\000z\000z\000a\000\040\000i\000n\000f\000o\000r\000m\000a\000t\000i\000c\000a}{chapter.2}% 8
\BOOKMARK [1][-]{section.2.5}{\376\377\000P\000r\000i\000n\000c\000i\000p\000i\000\040\000f\000o\000n\000d\000a\000m\000e\000n\000t\000a\000l\000i\000\040\000d\000i\000\040\000p\000r\000o\000g\000e\000t\000t\000a\000z\000i\000o\000n\000e\000\040\000d\000e\000l\000l\000a\000\040\000s\000i\000c\000u\000r\000e\000z\000z\000a}{chapter.2}% 9
\BOOKMARK [1][-]{section.2.6}{\376\377\000S\000u\000p\000e\000r\000i\000f\000i\000c\000i\000e\000\040\000d\000i\000\040\000a\000t\000t\000a\000c\000c\000o}{chapter.2}% 10
\BOOKMARK [2][-]{subsection.2.6.1}{\376\377\000C\000a\000t\000e\000g\000o\000r\000i\000e\000\040\000d\000i\000\040\000a\000t\000t\000a\000c\000c\000o}{section.2.6}% 11
\BOOKMARK [1][-]{section.2.7}{\376\377\000A\000l\000b\000e\000r\000o\000\040\000d\000i\000\040\000a\000t\000t\000a\000c\000c\000o}{chapter.2}% 12
\BOOKMARK [1][-]{section.2.8}{\376\377\000T\000i\000p\000i\000\040\000d\000i\000\040\000a\000t\000t\000a\000c\000c\000o}{chapter.2}% 13
\BOOKMARK [1][-]{section.2.9}{\376\377\000I\000m\000p\000l\000e\000m\000e\000n\000t\000a\000z\000i\000o\000n\000e\000\040\000d\000e\000l\000l\000a\000\040\000s\000i\000c\000u\000r\000e\000z\000z\000a}{chapter.2}% 14
\BOOKMARK [0][-]{chapter.3}{\376\377\000C\000o\000n\000t\000r\000o\000l\000l\000o\000\040\000d\000e\000g\000l\000i\000\040\000a\000c\000c\000e\000s\000s\000i}{}% 15
\BOOKMARK [1][-]{section.3.1}{\376\377\000R\000e\000q\000u\000i\000s\000i\000t\000i\000\040\000d\000i\000\040\000s\000i\000c\000u\000r\000e\000z\000z\000a}{chapter.3}% 16
\BOOKMARK [2][-]{subsection.3.1.1}{\376\377\000R\000e\000q\000u\000i\000s\000i\000t\000i\000\040\000d\000i\000\040\000s\000i\000c\000u\000r\000e\000z\000z\000a\000\040\000d\000i\000\040\000b\000a\000s\000e}{section.3.1}% 17
\BOOKMARK [2][-]{subsection.3.1.2}{\376\377\000R\000e\000q\000u\000i\000s\000i\000t\000i\000\040\000d\000i\000\040\000s\000i\000c\000u\000r\000e\000z\000z\000a\000\040\000d\000e\000r\000i\000v\000a\000t\000i}{section.3.1}% 18
\BOOKMARK [1][-]{section.3.2}{\376\377\000E\000l\000e\000m\000e\000n\000t\000i\000\040\000d\000i\000\040\000A\000c\000c\000e\000s\000s\000\040\000C\000o\000n\000t\000r\000o\000l}{chapter.3}% 19
\BOOKMARK [1][-]{section.3.3}{\376\377\000P\000o\000l\000i\000t\000i\000c\000h\000e\000\040\000d\000i\000\040\000c\000o\000n\000t\000r\000o\000l\000l\000o\000\040\000d\000e\000g\000l\000i\000\040\000a\000c\000c\000e\000s\000s\000i}{chapter.3}% 20
\BOOKMARK [2][-]{subsection.3.3.1}{\376\377\000D\000A\000C}{section.3.3}% 21
\BOOKMARK [2][-]{subsection.3.3.2}{\376\377\000M\000A\000C}{section.3.3}% 22
\BOOKMARK [2][-]{subsection.3.3.3}{\376\377\000R\000B\000A\000C}{section.3.3}% 23
\BOOKMARK [1][-]{section.3.4}{\376\377\000U\000n\000i\000x\000\040\000s\000e\000c\000u\000r\000i\000t\000y\000\040\000m\000o\000d\000e\000l}{chapter.3}% 24
\BOOKMARK [2][-]{subsection.3.4.1}{\376\377\000P\000r\000o\000c\000e\000s\000s\000i\000\040\000i\000n\000\040\000L\000i\000n\000u\000x}{section.3.4}% 25
\BOOKMARK [2][-]{subsection.3.4.2}{\376\377\000U\000n\000i\000x\000\040\000f\000i\000l\000e\000\040\000a\000c\000c\000e\000s\000s\000\040\000c\000o\000n\000t\000r\000o\000l}{section.3.4}% 26
\BOOKMARK [1][-]{section.3.5}{\376\377\000W\000i\000n\000d\000o\000w\000s\000\040\000s\000e\000c\000u\000r\000i\000t\000y\000\040\000a\000r\000c\000h\000i\000t\000e\000c\000t\000u\000r\000e}{chapter.3}% 27
\BOOKMARK [2][-]{subsection.3.5.1}{\376\377\000W\000i\000n\000d\000o\000w\000s\000\040\000s\000e\000c\000u\000r\000i\000t\000y\000\040\000m\000o\000d\000e\000l}{section.3.5}% 28
\BOOKMARK [2][-]{subsection.3.5.2}{\376\377\000S\000e\000c\000u\000r\000i\000t\000y\000\040\000d\000e\000s\000c\000r\000i\000p\000t\000o\000r}{section.3.5}% 29
\BOOKMARK [1][-]{section.3.6}{\376\377\000S\000e\000t\000-\000U\000I\000D}{chapter.3}% 30
\BOOKMARK [2][-]{subsection.3.6.1}{\376\377\000S\000u\000p\000e\000r\000i\000f\000i\000c\000i\000e\000\040\000d\000i\000\040\000a\000t\000t\000a\000c\000c\000o\000\040\000d\000e\000i\000\040\000p\000r\000o\000g\000r\000a\000m\000m\000i\000\040\000S\000e\000t\000-\000U\000I\000D}{section.3.6}% 31
