\BOOKMARK [0][-]{chapter.1}{\376\377\000I\000n\000t\000r\000o\000d\000u\000z\000i\000o\000n\000e}{}% 1
\BOOKMARK [1][-]{section.1.1}{\376\377\000T\000e\000r\000m\000i\000n\000o\000l\000o\000g\000i\000a}{chapter.1}% 2
\BOOKMARK [1][-]{section.1.2}{\376\377\000S\000i\000c\000u\000r\000e\000z\000z\000a}{chapter.1}% 3
\BOOKMARK [0][-]{chapter.2}{\376\377\000S\000t\000a\000n\000d\000a\000r\000d\000\040\000e\000\040\000C\000o\000n\000c\000e\000t\000t\000i\000\040\000b\000a\000s\000e}{}% 4
\BOOKMARK [1][-]{section.2.1}{\376\377\000S\000t\000a\000n\000d\000a\000r\000d}{chapter.2}% 5
\BOOKMARK [1][-]{section.2.2}{\376\377\000R\000e\000f\000e\000r\000e\000n\000c\000e\000\040\000M\000o\000n\000i\000t\000o\000r\000\040\000M\000o\000d\000e\000l\000\040\000-\000\040\000R\000M\000M}{chapter.2}% 6
\BOOKMARK [1][-]{section.2.3}{\376\377\000D\000e\000f\000i\000n\000i\000z\000i\000o\000n\000i}{chapter.2}% 7
\BOOKMARK [1][-]{section.2.4}{\376\377\000S\000f\000i\000d\000e\000\040\000d\000e\000l\000l\000a\000\040\000s\000i\000c\000u\000r\000e\000z\000z\000a\000\040\000i\000n\000f\000o\000r\000m\000a\000t\000i\000c\000a}{chapter.2}% 8
\BOOKMARK [1][-]{section.2.5}{\376\377\000P\000r\000i\000n\000c\000i\000p\000i\000\040\000f\000o\000n\000d\000a\000m\000e\000n\000t\000a\000l\000i\000\040\000d\000i\000\040\000p\000r\000o\000g\000e\000t\000t\000a\000z\000i\000o\000n\000e\000\040\000d\000e\000l\000l\000a\000\040\000s\000i\000c\000u\000r\000e\000z\000z\000a}{chapter.2}% 9
\BOOKMARK [1][-]{section.2.6}{\376\377\000S\000u\000p\000e\000r\000i\000f\000i\000c\000i\000e\000\040\000d\000i\000\040\000a\000t\000t\000a\000c\000c\000o}{chapter.2}% 10
\BOOKMARK [2][-]{subsection.2.6.1}{\376\377\000C\000a\000t\000e\000g\000o\000r\000i\000e\000\040\000d\000i\000\040\000a\000t\000t\000a\000c\000c\000o}{section.2.6}% 11
\BOOKMARK [1][-]{section.2.7}{\376\377\000A\000l\000b\000e\000r\000o\000\040\000d\000i\000\040\000a\000t\000t\000a\000c\000c\000o}{chapter.2}% 12
\BOOKMARK [1][-]{section.2.8}{\376\377\000T\000i\000p\000i\000\040\000d\000i\000\040\000a\000t\000t\000a\000c\000c\000o}{chapter.2}% 13
\BOOKMARK [1][-]{section.2.9}{\376\377\000I\000m\000p\000l\000e\000m\000e\000n\000t\000a\000z\000i\000o\000n\000e\000\040\000d\000e\000l\000l\000a\000\040\000s\000i\000c\000u\000r\000e\000z\000z\000a}{chapter.2}% 14
\BOOKMARK [0][-]{chapter.3}{\376\377\000C\000o\000n\000t\000r\000o\000l\000l\000o\000\040\000d\000e\000g\000l\000i\000\040\000a\000c\000c\000e\000s\000s\000i}{}% 15
\BOOKMARK [1][-]{section.3.1}{\376\377\000R\000e\000q\000u\000i\000s\000i\000t\000i\000\040\000d\000i\000\040\000s\000i\000c\000u\000r\000e\000z\000z\000a}{chapter.3}% 16
\BOOKMARK [2][-]{subsection.3.1.1}{\376\377\000R\000e\000q\000u\000i\000s\000i\000t\000i\000\040\000d\000i\000\040\000s\000i\000c\000u\000r\000e\000z\000z\000a\000\040\000d\000i\000\040\000b\000a\000s\000e}{section.3.1}% 17
\BOOKMARK [2][-]{subsection.3.1.2}{\376\377\000R\000e\000q\000u\000i\000s\000i\000t\000i\000\040\000d\000i\000\040\000s\000i\000c\000u\000r\000e\000z\000z\000a\000\040\000d\000e\000r\000i\000v\000a\000t\000i}{section.3.1}% 18
\BOOKMARK [1][-]{section.3.2}{\376\377\000E\000l\000e\000m\000e\000n\000t\000i\000\040\000d\000i\000\040\000A\000c\000c\000e\000s\000s\000\040\000C\000o\000n\000t\000r\000o\000l}{chapter.3}% 19
\BOOKMARK [1][-]{section.3.3}{\376\377\000P\000o\000l\000i\000t\000i\000c\000h\000e\000\040\000d\000i\000\040\000c\000o\000n\000t\000r\000o\000l\000l\000o\000\040\000d\000e\000g\000l\000i\000\040\000a\000c\000c\000e\000s\000s\000i}{chapter.3}% 20
\BOOKMARK [2][-]{subsection.3.3.1}{\376\377\000D\000A\000C}{section.3.3}% 21
\BOOKMARK [2][-]{subsection.3.3.2}{\376\377\000M\000A\000C}{section.3.3}% 22
\BOOKMARK [2][-]{subsection.3.3.3}{\376\377\000R\000B\000A\000C}{section.3.3}% 23
\BOOKMARK [1][-]{section.3.4}{\376\377\000U\000n\000i\000x\000\040\000s\000e\000c\000u\000r\000i\000t\000y\000\040\000m\000o\000d\000e\000l}{chapter.3}% 24
\BOOKMARK [2][-]{subsection.3.4.1}{\376\377\000P\000r\000o\000c\000e\000s\000s\000i\000\040\000i\000n\000\040\000L\000i\000n\000u\000x}{section.3.4}% 25
\BOOKMARK [2][-]{subsection.3.4.2}{\376\377\000U\000n\000i\000x\000\040\000f\000i\000l\000e\000\040\000a\000c\000c\000e\000s\000s\000\040\000c\000o\000n\000t\000r\000o\000l}{section.3.4}% 26
\BOOKMARK [1][-]{section.3.5}{\376\377\000W\000i\000n\000d\000o\000w\000s\000\040\000s\000e\000c\000u\000r\000i\000t\000y\000\040\000a\000r\000c\000h\000i\000t\000e\000c\000t\000u\000r\000e}{chapter.3}% 27
\BOOKMARK [2][-]{subsection.3.5.1}{\376\377\000W\000i\000n\000d\000o\000w\000s\000\040\000s\000e\000c\000u\000r\000i\000t\000y\000\040\000m\000o\000d\000e\000l}{section.3.5}% 28
\BOOKMARK [2][-]{subsection.3.5.2}{\376\377\000S\000e\000c\000u\000r\000i\000t\000y\000\040\000d\000e\000s\000c\000r\000i\000p\000t\000o\000r}{section.3.5}% 29
\BOOKMARK [1][-]{section.3.6}{\376\377\000S\000e\000t\000-\000U\000I\000D}{chapter.3}% 30
\BOOKMARK [2][-]{subsection.3.6.1}{\376\377\000S\000u\000p\000e\000r\000i\000f\000i\000c\000i\000e\000\040\000d\000i\000\040\000a\000t\000t\000a\000c\000c\000o\000\040\000d\000e\000i\000\040\000p\000r\000o\000g\000r\000a\000m\000m\000i\000\040\000S\000e\000t\000-\000U\000I\000D}{section.3.6}% 31
\BOOKMARK [0][-]{chapter.4}{\376\377\000P\000o\000l\000i\000t\000i\000c\000h\000e\000\040\000d\000i\000\040\000s\000i\000c\000u\000r\000e\000z\000z\000a}{}% 32
\BOOKMARK [1][-]{section.4.1}{\376\377\000D\000e\000f\000i\000n\000i\000z\000i\000o\000n\000i}{chapter.4}% 33
\BOOKMARK [0][-]{chapter.5}{\376\377\000M\000a\000l\000w\000a\000r\000e}{}% 34
\BOOKMARK [1][-]{section.5.1}{\376\377\000T\000r\000o\000j\000a\000n}{chapter.5}% 35
\BOOKMARK [1][-]{section.5.2}{\376\377\000V\000i\000r\000u\000s}{chapter.5}% 36
\BOOKMARK [2][-]{subsection.5.2.1}{\376\377\000V\000e\000t\000t\000o\000r\000i\000\040\000d\000i\000\040\000i\000n\000f\000e\000z\000i\000o\000n\000e}{section.5.2}% 37
\BOOKMARK [2][-]{subsection.5.2.2}{\376\377\000C\000l\000a\000s\000s\000i\000f\000i\000c\000a\000z\000i\000o\000n\000e\000\040\000d\000e\000i\000\040\000v\000i\000r\000u\000s}{section.5.2}% 38
\BOOKMARK [1][-]{section.5.3}{\376\377\000W\000o\000r\000m}{chapter.5}% 39
\BOOKMARK [1][-]{section.5.4}{\376\377\000D\000r\000i\000v\000e\000-\000b\000y\000-\000d\000o\000w\000n\000l\000o\000a\000d}{chapter.5}% 40
\BOOKMARK [1][-]{section.5.5}{\376\377\000C\000l\000i\000c\000k\000j\000a\000c\000k\000i\000n\000g}{chapter.5}% 41
\BOOKMARK [1][-]{section.5.6}{\376\377\000Z\000o\000m\000b\000i\000e\000\040\000e\000\040\000b\000o\000t\000n\000e\000t}{chapter.5}% 42
\BOOKMARK [1][-]{section.5.7}{\376\377\000R\000o\000o\000t\000k\000i\000t}{chapter.5}% 43
\BOOKMARK [1][-]{section.5.8}{\376\377\000S\000c\000a\000r\000e\000w\000a\000r\000e}{chapter.5}% 44
\BOOKMARK [1][-]{section.5.9}{\376\377\000R\000a\000n\000s\000o\000m\000w\000a\000r\000e}{chapter.5}% 45
\BOOKMARK [1][-]{section.5.10}{\376\377\000V\000u\000l\000n\000e\000r\000a\000b\000i\000l\000i\000t\000\340\000\040\000z\000e\000r\000o\000-\000d\000a\000y}{chapter.5}% 46
\BOOKMARK [1][-]{section.5.11}{\376\377\000S\000p\000e\000a\000r\000\040\000p\000h\000i\000s\000h\000i\000n\000g}{chapter.5}% 47
\BOOKMARK [1][-]{section.5.12}{\376\377\000S\000p\000y\000w\000a\000r\000e}{chapter.5}% 48
\BOOKMARK [1][-]{section.5.13}{\376\377\000A\000P\000T\000\040\000-\000\040\000A\000d\000v\000a\000n\000c\000e\000d\000\040\000P\000e\000r\000s\000i\000s\000t\000e\000n\000t\000\040\000T\000h\000r\000e\000a\000t\000s}{chapter.5}% 49
\BOOKMARK [1][-]{section.5.14}{\376\377\000A\000p\000p\000r\000o\000c\000c\000i\000\040\000a\000l\000l\000e\000\040\000c\000o\000n\000t\000r\000o\000m\000i\000s\000u\000r\000e\000\040\000p\000e\000r\000\040\000i\000\040\000m\000a\000l\000w\000a\000r\000e}{chapter.5}% 50
\BOOKMARK [0][-]{chapter.6}{\376\377\000A\000u\000t\000e\000n\000t\000i\000c\000a\000z\000i\000o\000n\000e}{}% 51
\BOOKMARK [1][-]{section.6.1}{\376\377\000P\000r\000i\000n\000c\000i\000p\000i\000\040\000d\000i\000\040\000a\000u\000t\000e\000n\000t\000i\000c\000a\000z\000i\000o\000n\000e}{chapter.6}% 52
\BOOKMARK [1][-]{section.6.2}{\376\377\000R\000e\000q\000u\000i\000s\000i\000t\000i\000\040\000d\000i\000\040\000s\000i\000c\000u\000r\000e\000z\000z\000a}{chapter.6}% 53
\BOOKMARK [1][-]{section.6.3}{\376\377\000M\000e\000t\000o\000d\000i\000\040\000d\000i\000\040\000a\000u\000t\000e\000n\000t\000i\000c\000a\000z\000i\000o\000n\000e}{chapter.6}% 54
\BOOKMARK [1][-]{section.6.4}{\376\377\000P\000a\000s\000s\000w\000o\000r\000d}{chapter.6}% 55
\BOOKMARK [2][-]{subsection.6.4.1}{\376\377\000M\000e\000m\000o\000r\000i\000z\000z\000a\000z\000i\000o\000n\000e\000\040\000d\000e\000l\000l\000e\000\040\000p\000a\000s\000s\000w\000o\000r\000d}{section.6.4}% 56
\BOOKMARK [2][-]{subsection.6.4.2}{\376\377\000C\000r\000a\000c\000k\000i\000n\000g\000\040\000d\000e\000l\000l\000e\000\040\000p\000a\000s\000s\000w\000o\000r\000d}{section.6.4}% 57
\BOOKMARK [2][-]{subsection.6.4.3}{\376\377\000U\000t\000i\000l\000i\000z\000z\000o\000\040\000d\000e\000l\000l\000e\000\040\000p\000a\000s\000s\000w\000o\000r\000d\000\040\000s\000u\000\040\000c\000a\000n\000a\000l\000i\000\040\000n\000o\000n\000\040\000s\000i\000c\000u\000r\000i}{section.6.4}% 58
\BOOKMARK [1][-]{section.6.5}{\376\377\000A\000l\000t\000r\000i\000\040\000m\000e\000t\000o\000d\000i\000\040\000d\000i\000\040\000a\000u\000t\000e\000n\000t\000i\000c\000a\000z\000i\000o\000n\000e}{chapter.6}% 59
\BOOKMARK [1][-]{section.6.6}{\376\377\000P\000r\000o\000b\000l\000e\000m\000i\000\040\000d\000i\000\040\000s\000i\000c\000u\000r\000e\000z\000z\000a\000\040\000d\000e\000l\000l\000'\000a\000u\000t\000e\000n\000t\000i\000c\000a\000z\000i\000o\000n\000e}{chapter.6}% 60
\BOOKMARK [0][-]{chapter.7}{\376\377\000M\000o\000d\000e\000l\000l\000o\000\040\000I\000S\000O\000-\000O\000S\000I}{}% 61
\BOOKMARK [1][-]{section.7.1}{\376\377\000P\000r\000o\000t\000o\000c\000o\000l\000l\000i}{chapter.7}% 62
\BOOKMARK [1][-]{section.7.2}{\376\377\000L\000a\000y\000e\000r\000i\000n\000g}{chapter.7}% 63
\BOOKMARK [1][-]{section.7.3}{\376\377\000P\000r\000i\000n\000c\000i\000p\000i\000o\000\040\000e\000n\000d\000-\000t\000o\000-\000e\000n\000d}{chapter.7}% 64
\BOOKMARK [1][-]{section.7.4}{\376\377\000T\000i\000p\000i\000\040\000d\000i\000\040\000i\000n\000d\000i\000r\000i\000z\000z\000i\000\040\000i\000n\000\040\000I\000n\000t\000e\000r\000n\000e\000t}{chapter.7}% 65
\BOOKMARK [2][-]{subsection.7.4.1}{\376\377\000R\000o\000u\000t\000i\000n\000g\000\040\000e\000\040\000t\000r\000a\000d\000u\000z\000i\000o\000n\000e\000\040\000d\000e\000g\000l\000i\000\040\000i\000n\000d\000i\000r\000i\000z\000z\000i}{section.7.4}% 66
\BOOKMARK [1][-]{section.7.5}{\376\377\000I\000n\000t\000e\000r\000f\000a\000c\000c\000i\000a\000\040\000d\000i\000\040\000r\000e\000t\000e}{chapter.7}% 67
\BOOKMARK [1][-]{section.7.6}{\376\377\000N\000e\000t\000m\000a\000s\000k}{chapter.7}% 68
\BOOKMARK [1][-]{section.7.7}{\376\377\000T\000i\000p\000i\000\040\000d\000i\000\040\000m\000i\000n\000a\000c\000c\000e\000\040\000n\000e\000l\000l\000a\000\040\000r\000e\000t\000e}{chapter.7}% 69
\BOOKMARK [1][-]{section.7.8}{\376\377\000A\000R\000P\000\040\000\050\000A\000d\000d\000r\000e\000s\000s\000\040\000R\000e\000s\000o\000l\000u\000t\000i\000o\000n\000\040\000P\000r\000o\000t\000o\000c\000o\000l\000\051}{chapter.7}% 70
\BOOKMARK [2][-]{subsection.7.8.1}{\376\377\000A\000R\000P\000\040\000s\000p\000o\000o\000f\000i\000n\000g\000\040\000-\000\040\000C\000a\000c\000h\000e\000\040\000p\000o\000i\000s\000o\000n\000i\000n\000g}{section.7.8}% 71
\BOOKMARK [1][-]{section.7.9}{\376\377\000M\000A\000C\000\040\000a\000d\000d\000r\000e\000s\000s\000\040\000e\000\040\000s\000p\000o\000o\000f\000i\000n\000g}{chapter.7}% 72
\BOOKMARK [1][-]{section.7.10}{\376\377\000M\000A\000C\000\040\000a\000d\000d\000r\000e\000s\000s\000\040\000f\000l\000o\000o\000d\000i\000n\000g}{chapter.7}% 73
\BOOKMARK [0][-]{chapter.8}{\376\377\000A\000t\000t\000a\000c\000c\000h\000i\000\040\000T\000C\000P\000/\000I\000P}{}% 74
\BOOKMARK [1][-]{section.8.1}{\376\377\000L\000i\000v\000e\000l\000l\000o\000\040\000d\000i\000\040\000t\000r\000a\000s\000p\000o\000r\000t\000o}{chapter.8}% 75
\BOOKMARK [2][-]{subsection.8.1.1}{\376\377\000P\000o\000r\000t\000e}{section.8.1}% 76
\BOOKMARK [1][-]{section.8.2}{\376\377\000T\000C\000P\000\040\000\050\000T\000r\000a\000n\000s\000m\000i\000s\000s\000i\000o\000n\000\040\000C\000o\000n\000t\000r\000o\000l\000\040\000P\000r\000o\000t\000o\000c\000o\000l\000\051}{chapter.8}% 77
\BOOKMARK [2][-]{subsection.8.2.1}{\376\377\000F\000l\000a\000g\000\040\000T\000C\000P}{section.8.2}% 78
\BOOKMARK [2][-]{subsection.8.2.2}{\376\377\000T\000C\000P\000\040\000h\000a\000n\000d\000s\000h\000a\000k\000e}{section.8.2}% 79
\BOOKMARK [2][-]{subsection.8.2.3}{\376\377\000P\000r\000o\000b\000l\000e\000m\000i\000\040\000i\000n\000t\000r\000i\000n\000s\000e\000c\000h\000i}{section.8.2}% 80
\BOOKMARK [1][-]{section.8.3}{\376\377\000S\000p\000o\000o\000f\000i\000n\000g}{chapter.8}% 81
\BOOKMARK [2][-]{subsection.8.3.1}{\376\377\000T\000C\000P\000\040\000s\000p\000o\000o\000f\000i\000n\000g}{section.8.3}% 82
\BOOKMARK [2][-]{subsection.8.3.2}{\376\377\000I\000P\000\040\000s\000p\000o\000o\000f\000i\000n\000g}{section.8.3}% 83
\BOOKMARK [1][-]{section.8.4}{\376\377\000T\000C\000P\000\040\000s\000e\000s\000s\000i\000o\000n\000\040\000h\000i\000j\000a\000c\000k\000i\000n\000g}{chapter.8}% 84
\BOOKMARK [1][-]{section.8.5}{\376\377\000A\000C\000K\000\040\000s\000t\000o\000r\000m}{chapter.8}% 85
\BOOKMARK [1][-]{section.8.6}{\376\377\000A\000t\000t\000a\000c\000c\000o\000\040\000D\000o\000S}{chapter.8}% 86
\BOOKMARK [2][-]{subsection.8.6.1}{\376\377\000S\000Y\000N\000\040\000f\000l\000o\000o\000d}{section.8.6}% 87
\BOOKMARK [2][-]{subsection.8.6.2}{\376\377\000C\000o\000n\000t\000r\000o\000m\000i\000s\000u\000r\000e\000\040\000a\000d\000\040\000a\000t\000t\000a\000c\000c\000o\000\040\000D\000o\000S}{section.8.6}% 88
\BOOKMARK [1][-]{section.8.7}{\376\377\000U\000D\000P\000\040\000\050\000U\000s\000e\000r\000\040\000D\000a\000t\000a\000g\000r\000a\000m\000\040\000P\000r\000o\000t\000o\000c\000o\000l\000\051}{chapter.8}% 89
\BOOKMARK [2][-]{subsection.8.7.1}{\376\377\000D\000D\000o\000S\000\040\000-\000\040\000N\000T\000P\000\040\000a\000m\000p\000l\000i\000f\000i\000c\000a\000t\000i\000o\000n}{section.8.7}% 90
\BOOKMARK [1][-]{section.8.8}{\376\377\000I\000C\000M\000P\000\040\000\050\000I\000n\000t\000e\000r\000n\000e\000t\000\040\000C\000o\000n\000t\000r\000o\000l\000\040\000M\000e\000s\000s\000a\000g\000e\000\040\000P\000r\000o\000t\000o\000c\000o\000l\000\051}{chapter.8}% 91
\BOOKMARK [2][-]{subsection.8.8.1}{\376\377\000A\000t\000t\000a\000c\000c\000o\000\040\000s\000m\000u\000r\000f\000\040\000D\000D\000o\000S}{section.8.8}% 92
\BOOKMARK [1][-]{section.8.9}{\376\377\000I\000P}{chapter.8}% 93
\BOOKMARK [2][-]{subsection.8.9.1}{\376\377\000T\000e\000a\000r\000d\000r\000o\000p\000\040\000a\000t\000t\000a\000c\000k}{section.8.9}% 94
\BOOKMARK [2][-]{subsection.8.9.2}{\376\377\000P\000i\000n\000g\000\040\000o\000f\000\040\000D\000e\000a\000t\000h}{section.8.9}% 95
\BOOKMARK [1][-]{section.8.10}{\376\377\000D\000N\000S\000\040\000a\000m\000p\000l\000i\000f\000i\000c\000a\000t\000i\000o\000n\000\040\000D\000D\000o\000S}{chapter.8}% 96
\BOOKMARK [0][-]{chapter.9}{\376\377\000N\000e\000t\000w\000o\000r\000k\000\040\000e\000\040\000P\000o\000r\000t\000\040\000S\000c\000a\000n\000n\000i\000n\000g}{}% 97
\BOOKMARK [1][-]{section.9.1}{\376\377\000T\000i\000p\000o\000l\000o\000g\000i\000e\000\040\000d\000i\000\040\000s\000c\000a\000n\000s\000i\000o\000n\000e}{chapter.9}% 98
\BOOKMARK [2][-]{subsection.9.1.1}{\376\377\000N\000u\000m\000e\000r\000o\000\040\000d\000i\000\040\000h\000o\000s\000t\000\040\000c\000o\000i\000n\000v\000o\000l\000t\000i}{section.9.1}% 99
\BOOKMARK [2][-]{subsection.9.1.2}{\376\377\000N\000a\000t\000u\000r\000a\000\040\000d\000e\000l\000l\000a\000\040\000s\000c\000a\000n\000s\000i\000o\000n\000e}{section.9.1}% 100
\BOOKMARK [2][-]{subsection.9.1.3}{\376\377\000S\000c\000o\000p\000o}{section.9.1}% 101
\BOOKMARK [1][-]{section.9.2}{\376\377\000R\000i\000s\000u\000l\000t\000a\000t\000i\000\040\000\050\000p\000o\000r\000t\000\040\000s\000c\000a\000n\000n\000i\000n\000g\000\051}{chapter.9}% 102
\BOOKMARK [1][-]{section.9.3}{\376\377\000A\000t\000t\000a\000c\000c\000h\000i\000\040\000t\000r\000a\000m\000i\000t\000e\000\040\000p\000r\000o\000t\000o\000c\000o\000l\000l\000i\000\040\000n\000o\000t\000i}{chapter.9}% 103
\BOOKMARK [2][-]{subsection.9.3.1}{\376\377\000T\000C\000P\000\040\000c\000o\000n\000n\000e\000c\000t\000\040\000s\000c\000a\000n}{section.9.3}% 104
\BOOKMARK [2][-]{subsection.9.3.2}{\376\377\000S\000t\000e\000a\000l\000t\000h\000\040\000s\000c\000a\000n}{section.9.3}% 105
\BOOKMARK [1][-]{section.9.4}{\376\377\000O\000S\000\040\000f\000i\000n\000g\000e\000r\000p\000r\000i\000n\000t}{chapter.9}% 106
\BOOKMARK [0][-]{chapter.10}{\376\377\000S\000S\000L\000,\000\040\000T\000L\000S\000\040\000e\000\040\000C\000e\000r\000t\000i\000f\000i\000c\000a\000t\000i}{}% 107
\BOOKMARK [1][-]{section.10.1}{\376\377\000S\000S\000L\000\040\000b\000a\000s\000i\000c\000s}{chapter.10}% 108
\BOOKMARK [1][-]{section.10.2}{\376\377\000T\000L\000S\000\040\000b\000a\000s\000i\000c\000s}{chapter.10}% 109
\BOOKMARK [2][-]{subsection.10.2.1}{\376\377\000C\000o\000m\000p\000o\000n\000e\000n\000t\000i\000\040\000d\000i\000\040\000T\000L\000S}{section.10.2}% 110
\BOOKMARK [2][-]{subsection.10.2.2}{\376\377\000S\000t\000a\000t\000o\000\040\000d\000i\000\040\000s\000e\000s\000s\000i\000o\000n\000i\000\040\000e\000\040\000c\000o\000n\000n\000e\000s\000s\000i\000o\000n\000i}{section.10.2}% 111
\BOOKMARK [2][-]{subsection.10.2.3}{\376\377\000C\000o\000s\000t\000o\000\040\000d\000i\000\040\000u\000n\000a\000\040\000s\000e\000s\000s\000i\000o\000n\000e}{section.10.2}% 112
\BOOKMARK [1][-]{section.10.3}{\376\377\000S\000S\000H\000\040\000\050\000S\000e\000c\000u\000r\000e\000\040\000S\000h\000e\000l\000l\000\051}{chapter.10}% 113
\BOOKMARK [1][-]{section.10.4}{\376\377\000V\000u\000l\000n\000e\000r\000a\000b\000i\000l\000i\000t\000\340}{chapter.10}% 114
\BOOKMARK [2][-]{subsection.10.4.1}{\376\377\000S\000S\000L\000\040\000v\000e\000r\000s\000i\000o\000n\000\040\000r\000o\000l\000l\000b\000a\000c\000k}{section.10.4}% 115
\BOOKMARK [2][-]{subsection.10.4.2}{\376\377\000M\000a\000n\000\040\000I\000n\000\040\000T\000h\000e\000\040\000M\000i\000d\000d\000l\000e\000\040\000T\000L\000S\000\040\000d\000o\000w\000n\000g\000r\000a\000d\000e}{section.10.4}% 116
\BOOKMARK [1][-]{section.10.5}{\376\377\000H\000T\000T\000P\000S}{chapter.10}% 117
\BOOKMARK [1][-]{section.10.6}{\376\377\000C\000e\000r\000t\000i\000f\000i\000c\000a\000t\000i}{chapter.10}% 118
\BOOKMARK [0][-]{chapter.11}{\376\377\000F\000i\000r\000e\000w\000a\000l\000l}{}% 119
\BOOKMARK [1][-]{section.11.1}{\376\377\000I\000n\000t\000r\000o\000d\000u\000z\000i\000o\000n\000e\000\040\000a\000i\000\040\000f\000i\000r\000e\000w\000a\000l\000l}{chapter.11}% 120
\BOOKMARK [2][-]{subsection.11.1.1}{\376\377\000C\000o\000n\000s\000i\000d\000e\000r\000a\000z\000i\000o\000n\000i\000\040\000a\000r\000c\000h\000i\000t\000e\000t\000t\000u\000r\000a\000l\000i}{section.11.1}% 121
\BOOKMARK [2][-]{subsection.11.1.2}{\376\377\000P\000r\000o\000t\000e\000z\000i\000o\000n\000e\000\040\000d\000i\000\040\000r\000e\000t\000e}{section.11.1}% 122
\BOOKMARK [1][-]{section.11.2}{\376\377\000P\000a\000c\000k\000e\000t\000\040\000F\000i\000l\000t\000e\000r\000i\000n\000g}{chapter.11}% 123
\BOOKMARK [2][-]{subsection.11.2.1}{\376\377\000S\000t\000a\000t\000i\000c\000\040\000S\000t\000a\000t\000e\000l\000e\000s\000s\000\040\000P\000a\000c\000k\000e\000t\000\040\000F\000i\000l\000t\000e\000r\000i\000n\000g\000\040\000\050\000S\000P\000F\000\051}{section.11.2}% 124
\BOOKMARK [2][-]{subsection.11.2.2}{\376\377\000A\000p\000p\000l\000i\000c\000a\000z\000i\000o\000n\000i\000\040\000d\000i\000\040\000S\000P\000F}{section.11.2}% 125
\BOOKMARK [2][-]{subsection.11.2.3}{\376\377\000E\000f\000f\000i\000c\000a\000c\000i\000a}{section.11.2}% 126
\BOOKMARK [2][-]{subsection.11.2.4}{\376\377\000S\000t\000a\000t\000e\000f\000u\000l\000\040\000F\000i\000l\000t\000e\000r\000i\000n\000g}{section.11.2}% 127
\BOOKMARK [2][-]{subsection.11.2.5}{\376\377\000C\000o\000n\000s\000i\000d\000e\000r\000a\000z\000i\000o\000n\000i\000\040\000s\000u\000l\000\040\000p\000a\000c\000k\000e\000t\000\040\000f\000i\000l\000t\000e\000r\000i\000n\000g}{section.11.2}% 128
\BOOKMARK [1][-]{section.11.3}{\376\377\000A\000c\000c\000e\000s\000s\000\040\000C\000o\000n\000t\000r\000o\000l\000\040\000L\000i\000s\000t}{chapter.11}% 129
\BOOKMARK [2][-]{subsection.11.3.1}{\376\377\000S\000t\000a\000n\000d\000a\000r\000d\000\040\000A\000C\000L}{section.11.3}% 130
\BOOKMARK [2][-]{subsection.11.3.2}{\376\377\000E\000x\000t\000e\000n\000d\000e\000d\000\040\000A\000C\000L}{section.11.3}% 131
\BOOKMARK [2][-]{subsection.11.3.3}{\376\377\000A\000C\000L\000\040\000e\000\040\000i\000n\000t\000e\000r\000f\000a\000c\000c\000e}{section.11.3}% 132
\BOOKMARK [1][-]{section.11.4}{\376\377\000A\000C\000L\000\040\000e\000\040\000p\000r\000o\000t\000o\000c\000o\000l\000l\000i\000\040\000a\000p\000p\000l\000i\000c\000a\000t\000i\000v\000i}{chapter.11}% 133
\BOOKMARK [2][-]{subsection.11.4.1}{\376\377\000E\000s\000e\000m\000p\000i\000o}{section.11.4}% 134
\BOOKMARK [2][-]{subsection.11.4.2}{\376\377\000F\000o\000r\000m\000a\000l\000i\000s\000m\000o}{section.11.4}% 135
\BOOKMARK [2][-]{subsection.11.4.3}{\376\377\000E\000s\000e\000m\000p\000i\000o\000\040\000c\000o\000n\000\040\000T\000e\000l\000n\000e\000t}{section.11.4}% 136
\BOOKMARK [0][-]{chapter.12}{\376\377\000F\000i\000r\000e\000w\000a\000l\000l\000\040\000A\000v\000a\000n\000z\000a\000t\000i}{}% 137
\BOOKMARK [1][-]{section.12.1}{\376\377\000P\000a\000c\000k\000e\000t\000\040\000F\000i\000l\000t\000e\000r\000i\000n\000g\000\040\000A\000v\000a\000n\000z\000a\000t\000i}{chapter.12}% 138
\BOOKMARK [2][-]{subsection.12.1.1}{\376\377\000S\000M\000T\000P\000\040\000\050\000S\000i\000m\000p\000l\000e\000\040\000M\000a\000i\000l\000\040\000T\000r\000a\000n\000s\000f\000e\000r\000\040\000P\000r\000o\000t\000o\000c\000o\000l\000\051}{section.12.1}% 139
\BOOKMARK [2][-]{subsection.12.1.2}{\376\377\000F\000T\000P\000\040\000\050\000F\000i\000l\000e\000\040\000T\000r\000a\000n\000s\000f\000e\000r\000\040\000P\000r\000o\000t\000o\000c\000o\000l\000\051}{section.12.1}% 140
\BOOKMARK [2][-]{subsection.12.1.3}{\376\377\000A\000t\000t\000a\000c\000c\000o\000\040\000R\000P\000C}{section.12.1}% 141
\BOOKMARK [1][-]{section.12.2}{\376\377\000N\000e\000w\000\040\000G\000e\000n\000e\000r\000a\000t\000i\000o\000n\000\040\000P\000a\000c\000k\000e\000t\000\040\000F\000i\000l\000t\000e\000r\000i\000n\000g}{chapter.12}% 142
\BOOKMARK [2][-]{subsection.12.2.1}{\376\377\000V\000a\000n\000t\000a\000g\000g\000i\000\040\000e\000\040\000S\000v\000a\000n\000t\000a\000g\000g\000i\000\040\000d\000e\000l\000\040\000D\000y\000n\000a\000m\000i\000c\000\040\000P\000a\000c\000k\000e\000t\000\040\000F\000i\000l\000t\000e\000r}{section.12.2}% 143
\BOOKMARK [2][-]{subsection.12.2.2}{\376\377\000C\000o\000n\000n\000e\000s\000s\000i\000o\000n\000i\000\040\000T\000C\000P\000\040\000-\000\040\000s\000t\000a\000t\000e\000f\000u\000l\000\040\000f\000i\000r\000e\000w\000a\000l\000l}{section.12.2}% 144
\BOOKMARK [2][-]{subsection.12.2.3}{\376\377\000U\000D\000P\000\040\000-\000\040\000s\000t\000a\000t\000e\000f\000u\000l\000\040\000f\000i\000r\000e\000w\000a\000l\000l}{section.12.2}% 145
\BOOKMARK [2][-]{subsection.12.2.4}{\376\377\000D\000e\000e\000p\000\040\000P\000a\000c\000k\000e\000t\000\040\000I\000n\000s\000p\000e\000c\000t\000i\000o\000n}{section.12.2}% 146
\BOOKMARK [1][-]{section.12.3}{\376\377\000P\000r\000o\000x\000y}{chapter.12}% 147
\BOOKMARK [2][-]{subsection.12.3.1}{\376\377\000R\000e\000v\000e\000r\000s\000e\000\040\000p\000r\000o\000x\000y}{section.12.3}% 148
\BOOKMARK [2][-]{subsection.12.3.2}{\376\377\000P\000r\000o\000x\000y\000\040\000f\000i\000r\000e\000w\000a\000l\000l\000:\000\040\000a\000p\000p\000l\000i\000c\000a\000t\000i\000o\000n\000-\000l\000e\000v\000e\000l\000\040\000g\000a\000t\000e\000w\000a\000y}{section.12.3}% 149
\BOOKMARK [2][-]{subsection.12.3.3}{\376\377\000P\000r\000o\000x\000y\000\040\000f\000i\000r\000e\000w\000a\000l\000l\000:\000\040\000c\000i\000r\000c\000u\000i\000t\000-\000l\000e\000v\000e\000l\000\040\000g\000a\000t\000e\000w\000a\000y}{section.12.3}% 150
\BOOKMARK [2][-]{subsection.12.3.4}{\376\377\000B\000a\000s\000t\000i\000o\000n\000\040\000h\000o\000s\000t}{section.12.3}% 151
\BOOKMARK [2][-]{subsection.12.3.5}{\376\377\000P\000r\000o\000x\000y\000\040\000f\000i\000r\000e\000w\000a\000l\000l\000:\000\040\000c\000o\000n\000c\000l\000u\000s\000i\000o\000n\000i}{section.12.3}% 152
\BOOKMARK [1][-]{section.12.4}{\376\377\000A\000r\000c\000h\000i\000t\000e\000t\000t\000u\000r\000e\000\040\000e\000\040\000s\000c\000e\000n\000a\000r\000i}{chapter.12}% 153
\BOOKMARK [2][-]{subsection.12.4.1}{\376\377\000S\000c\000r\000e\000e\000n\000e\000d\000\040\000h\000o\000s\000t\000\040\000f\000i\000r\000e\000w\000a\000l\000l}{section.12.4}% 154
\BOOKMARK [2][-]{subsection.12.4.2}{\376\377\000S\000c\000r\000e\000e\000n\000e\000d\000\040\000s\000u\000b\000n\000e\000t\000\040\000f\000i\000r\000e\000w\000a\000l\000l}{section.12.4}% 155
\BOOKMARK [2][-]{subsection.12.4.3}{\376\377\000F\000T\000P\000\040\000b\000o\000u\000n\000c\000e\000\040\000a\000t\000t\000a\000c\000k}{section.12.4}% 156
\BOOKMARK [2][-]{subsection.12.4.4}{\376\377\000B\000e\000s\000t\000\040\000p\000r\000a\000c\000t\000i\000c\000e\000s}{section.12.4}% 157
\BOOKMARK [1][-]{section.12.5}{\376\377\000N\000e\000t\000f\000i\000l\000t\000e\000r\000\040\000e\000\040\000I\000P\000T\000a\000b\000l\000e\000s}{chapter.12}% 158
\BOOKMARK [2][-]{subsection.12.5.1}{\376\377\000I\000P\000T\000a\000b\000l\000e\000s}{section.12.5}% 159
\BOOKMARK [0][-]{chapter.13}{\376\377\000I\000D\000S\000\040\000e\000\040\000I\000P\000S}{}% 160
\BOOKMARK [1][-]{section.13.1}{\376\377\000I\000D\000S\000\040\000\050\000I\000n\000t\000r\000u\000s\000i\000o\000n\000\040\000D\000e\000t\000e\000c\000t\000i\000o\000n\000\040\000S\000y\000s\000t\000e\000m\000\051}{chapter.13}% 161
\BOOKMARK [2][-]{subsection.13.1.1}{\376\377\000C\000a\000r\000a\000t\000t\000e\000r\000i\000s\000t\000i\000c\000h\000e\000\040\000t\000o\000p\000o\000l\000o\000g\000i\000c\000h\000e}{section.13.1}% 162
\BOOKMARK [2][-]{subsection.13.1.2}{\376\377\000V\000a\000l\000u\000t\000a\000r\000e\000\040\000u\000n\000\040\000I\000D\000S}{section.13.1}% 163
\BOOKMARK [1][-]{section.13.2}{\376\377\000I\000P\000S\000\040\000\050\000I\000n\000t\000r\000u\000s\000i\000o\000n\000\040\000P\000r\000e\000v\000e\000n\000t\000i\000o\000n\000\040\000S\000y\000s\000t\000e\000m\000\051}{chapter.13}% 164
\BOOKMARK [1][-]{section.13.3}{\376\377\000S\000n\000o\000r\000t}{chapter.13}% 165
