\BOOKMARK [0][-]{chapter.1}{\376\377\000E\000n\000c\000r\000y\000p\000t\000i\000o\000n}{}% 1
\BOOKMARK [1][-]{section.1.1}{\376\377\000S\000e\000a\000r\000c\000h\000a\000b\000l\000e\000\040\000E\000n\000c\000r\000y\000p\000t\000i\000o\000n}{chapter.1}% 2
\BOOKMARK [2][-]{subsection.1.1.1}{\376\377\000O\000r\000d\000e\000r\000\040\000p\000r\000e\000s\000e\000r\000v\000i\000n\000g\000\040\000e\000n\000c\000r\000y\000p\000t\000i\000o\000n}{section.1.1}% 3
\BOOKMARK [2][-]{subsection.1.1.2}{\376\377\000F\000u\000l\000l\000y\000\040\000h\000o\000m\000o\000m\000o\000r\000p\000h\000i\000c\000\040\000e\000n\000c\000r\000y\000p\000t\000i\000o\000n}{section.1.1}% 4
\BOOKMARK [1][-]{section.1.2}{\376\377\000E\000s\000p\000o\000s\000i\000z\000i\000o\000n\000e\000\040\000a\000l\000l\000'\000i\000n\000f\000e\000r\000e\000n\000z\000a}{chapter.1}% 5
\BOOKMARK [2][-]{subsection.1.2.1}{\376\377\000D\000i\000r\000e\000c\000t\000\040\000E\000n\000c\000r\000y\000p\000t\000i\000o\000n}{section.1.2}% 6
\BOOKMARK [2][-]{subsection.1.2.2}{\376\377\000H\000a\000s\000h\000i\000n\000g}{section.1.2}% 7
\BOOKMARK [1][-]{section.1.3}{\376\377\000B\000l\000o\000o\000m\000\040\000F\000i\000l\000t\000e\000r}{chapter.1}% 8
\BOOKMARK [1][-]{section.1.4}{\376\377\000I\000n\000t\000e\000g\000r\000i\000t\000\340\000\040\000d\000e\000i\000\040\000D\000a\000t\000i}{chapter.1}% 9
\BOOKMARK [1][-]{section.1.5}{\376\377\000S\000e\000l\000e\000c\000t\000i\000v\000e\000-\000E\000n\000c\000r\000y\000p\000t\000i\000o\000n\000\040\000e\000\040\000O\000v\000e\000r\000-\000E\000n\000c\000r\000y\000p\000t\000i\000o\000n}{chapter.1}% 10
\BOOKMARK [2][-]{subsection.1.5.1}{\376\377\000S\000e\000l\000e\000c\000t\000i\000v\000e\000\040\000E\000n\000c\000r\000y\000p\000t\000i\000o\000n}{section.1.5}% 11
\BOOKMARK [2][-]{subsection.1.5.2}{\376\377\000O\000v\000e\000r\000-\000E\000n\000c\000r\000y\000p\000t\000i\000o\000n}{section.1.5}% 12
\BOOKMARK [2][-]{subsection.1.5.3}{\376\377\000C\000o\000l\000l\000u\000s\000i\000o\000n\000e}{section.1.5}% 13
\BOOKMARK [0][-]{chapter.2}{\376\377\000F\000r\000a\000g\000m\000e\000n\000t\000a\000t\000i\000o\000n\000\040\000e\000\040\000E\000n\000c\000r\000y\000p\000t\000i\000o\000n}{}% 14
\BOOKMARK [1][-]{section.2.1}{\376\377\000C\000o\000p\000p\000i\000a\000\040\000d\000i\000\040\000s\000e\000r\000v\000e\000r\000\040\000n\000o\000n\000-\000c\000o\000m\000u\000n\000i\000c\000a\000n\000t\000i}{chapter.2}% 15
\BOOKMARK [2][-]{subsection.2.1.1}{\376\377\000E\000s\000e\000c\000u\000z\000i\000o\000n\000e\000\040\000d\000e\000l\000l\000e\000\040\000q\000u\000e\000r\000y}{section.2.1}% 16
\BOOKMARK [2][-]{subsection.2.1.2}{\376\377\000I\000d\000e\000n\000t\000i\000f\000i\000c\000a\000r\000e\000\040\000l\000a\000\040\000s\000c\000o\000m\000p\000o\000s\000i\000z\000i\000o\000n\000e\000\040\000o\000t\000t\000i\000m\000a\000l\000e}{section.2.1}% 17
\BOOKMARK [1][-]{section.2.2}{\376\377\000F\000r\000a\000m\000m\000e\000n\000t\000i\000\040\000n\000o\000n\000\040\000c\000o\000m\000u\000n\000i\000c\000a\000n\000t\000i\000\040\000m\000u\000l\000t\000i\000p\000l\000i}{chapter.2}% 18
\BOOKMARK [2][-]{subsection.2.2.1}{\376\377\000E\000s\000e\000c\000u\000z\000i\000o\000n\000e\000\040\000d\000e\000l\000l\000e\000\040\000q\000u\000e\000r\000y}{section.2.2}% 19
\BOOKMARK [2][-]{subsection.2.2.2}{\376\377\000C\000r\000i\000t\000e\000r\000i\000\040\000d\000i\000\040\000o\000t\000t\000i\000m\000i\000z\000z\000a\000z\000i\000o\000n\000e}{section.2.2}% 20
