This is pdfTeX, Version 3.141592653-2.6-1.40.25 (TeX Live 2023/Debian) (preloaded format=pdflatex 2024.10.7)  7 DEC 2024 18:16
entering extended mode
 restricted \write18 enabled.
 file:line:error style messages enabled.
 %&-line parsing enabled.
**"/home/azi/Desktop/Appunti-Magistrale/Privatezza e Protezione dei Dati/05/main.tex"
(/home/azi/Desktop/Appunti-Magistrale/Privatezza e Protezione dei Dati/05/main.tex
LaTeX2e <2023-11-01> patch level 1
L3 programming layer <2024-01-22>
(/usr/share/texlive/texmf-dist/tex/latex/base/report.cls
Document Class: report 2023/05/17 v1.4n Standard LaTeX document class
(/usr/share/texlive/texmf-dist/tex/latex/base/size10.clo
File: size10.clo 2023/05/17 v1.4n Standard LaTeX file (size option)
)
\c@part=\count187
\c@chapter=\count188
\c@section=\count189
\c@subsection=\count190
\c@subsubsection=\count191
\c@paragraph=\count192
\c@subparagraph=\count193
\c@figure=\count194
\c@table=\count195
\abovecaptionskip=\skip48
\belowcaptionskip=\skip49
\bibindent=\dimen140
) (/usr/share/texlive/texmf-dist/tex/latex/graphics/graphicx.sty
Package: graphicx 2021/09/16 v1.2d Enhanced LaTeX Graphics (DPC,SPQR)
 (/usr/share/texlive/texmf-dist/tex/latex/graphics/keyval.sty
Package: keyval 2022/05/29 v1.15 key=value parser (DPC)
\KV@toks@=\toks17
) (/usr/share/texlive/texmf-dist/tex/latex/graphics/graphics.sty
Package: graphics 2022/03/10 v1.4e Standard LaTeX Graphics (DPC,SPQR)
 (/usr/share/texlive/texmf-dist/tex/latex/graphics/trig.sty
Package: trig 2021/08/11 v1.11 sin cos tan (DPC)
) (/usr/share/texlive/texmf-dist/tex/latex/graphics-cfg/graphics.cfg
File: graphics.cfg 2016/06/04 v1.11 sample graphics configuration
)
Package graphics Info: Driver file: pdftex.def on input line 107.
 (/usr/share/texlive/texmf-dist/tex/latex/graphics-def/pdftex.def
File: pdftex.def 2022/09/22 v1.2b Graphics/color driver for pdftex
))
\Gin@req@height=\dimen141
\Gin@req@width=\dimen142
) (/usr/share/texlive/texmf-dist/tex/generic/babel/babel.sty
Package: babel 2024/01/07 v24.1 The Babel package
\babel@savecnt=\count196
\U@D=\dimen143
\l@unhyphenated=\language89
 (/usr/share/texlive/texmf-dist/tex/generic/babel/txtbabel.def)
\bbl@readstream=\read2
\bbl@dirlevel=\count197
 (/usr/share/texlive/texmf-dist/tex/generic/babel-italian/italian.ldf
Language: italian 2024/01/03 v.1.5.00 Italian support for the babel system
\it@lettering=\count198
\it@doublequoteactive=\count199
\it@ISOcompliance=\count266
)) (/usr/share/texlive/texmf-dist/tex/generic/babel/locale/it/babel-italian.tex
Package babel Info: Importing font and identification data for italian
(babel)             from babel-it.ini. Reported on input line 11.
) (/usr/share/texlive/texmf-dist/tex/latex/etoolbox/etoolbox.sty
Package: etoolbox 2020/10/05 v2.5k e-TeX tools for LaTeX (JAW)
\etb@tempcnta=\count267
) (/usr/share/texlive/texmf-dist/tex/latex/pgf/frontendlayer/tikz.sty (/usr/share/texlive/texmf-dist/tex/latex/pgf/basiclayer/pgf.sty (/usr/share/texlive/texmf-dist/tex/latex/pgf/utilities/pgfrcs.sty (/usr/share/texlive/texmf-dist/tex/generic/pgf/utilities/pgfutil-common.tex
\pgfutil@everybye=\toks18
\pgfutil@tempdima=\dimen144
\pgfutil@tempdimb=\dimen145
) (/usr/share/texlive/texmf-dist/tex/generic/pgf/utilities/pgfutil-latex.def
\pgfutil@abb=\box51
) (/usr/share/texlive/texmf-dist/tex/generic/pgf/utilities/pgfrcs.code.tex (/usr/share/texlive/texmf-dist/tex/generic/pgf/pgf.revision.tex)
Package: pgfrcs 2023-01-15 v3.1.10 (3.1.10)
))
Package: pgf 2023-01-15 v3.1.10 (3.1.10)
 (/usr/share/texlive/texmf-dist/tex/latex/pgf/basiclayer/pgfcore.sty (/usr/share/texlive/texmf-dist/tex/latex/pgf/systemlayer/pgfsys.sty (/usr/share/texlive/texmf-dist/tex/generic/pgf/systemlayer/pgfsys.code.tex
Package: pgfsys 2023-01-15 v3.1.10 (3.1.10)
 (/usr/share/texlive/texmf-dist/tex/generic/pgf/utilities/pgfkeys.code.tex
\pgfkeys@pathtoks=\toks19
\pgfkeys@temptoks=\toks20
 (/usr/share/texlive/texmf-dist/tex/generic/pgf/utilities/pgfkeyslibraryfiltered.code.tex
\pgfkeys@tmptoks=\toks21
))
\pgf@x=\dimen146
\pgf@y=\dimen147
\pgf@xa=\dimen148
\pgf@ya=\dimen149
\pgf@xb=\dimen150
\pgf@yb=\dimen151
\pgf@xc=\dimen152
\pgf@yc=\dimen153
\pgf@xd=\dimen154
\pgf@yd=\dimen155
\w@pgf@writea=\write3
\r@pgf@reada=\read3
\c@pgf@counta=\count268
\c@pgf@countb=\count269
\c@pgf@countc=\count270
\c@pgf@countd=\count271
\t@pgf@toka=\toks22
\t@pgf@tokb=\toks23
\t@pgf@tokc=\toks24
\pgf@sys@id@count=\count272
 (/usr/share/texlive/texmf-dist/tex/generic/pgf/systemlayer/pgf.cfg
File: pgf.cfg 2023-01-15 v3.1.10 (3.1.10)
)
Driver file for pgf: pgfsys-pdftex.def
 (/usr/share/texlive/texmf-dist/tex/generic/pgf/systemlayer/pgfsys-pdftex.def
File: pgfsys-pdftex.def 2023-01-15 v3.1.10 (3.1.10)
 (/usr/share/texlive/texmf-dist/tex/generic/pgf/systemlayer/pgfsys-common-pdf.def
File: pgfsys-common-pdf.def 2023-01-15 v3.1.10 (3.1.10)
))) (/usr/share/texlive/texmf-dist/tex/generic/pgf/systemlayer/pgfsyssoftpath.code.tex
File: pgfsyssoftpath.code.tex 2023-01-15 v3.1.10 (3.1.10)
\pgfsyssoftpath@smallbuffer@items=\count273
\pgfsyssoftpath@bigbuffer@items=\count274
) (/usr/share/texlive/texmf-dist/tex/generic/pgf/systemlayer/pgfsysprotocol.code.tex
File: pgfsysprotocol.code.tex 2023-01-15 v3.1.10 (3.1.10)
)) (/usr/share/texlive/texmf-dist/tex/latex/xcolor/xcolor.sty
Package: xcolor 2023/11/15 v3.01 LaTeX color extensions (UK)
 (/usr/share/texlive/texmf-dist/tex/latex/graphics-cfg/color.cfg
File: color.cfg 2016/01/02 v1.6 sample color configuration
)
Package xcolor Info: Driver file: pdftex.def on input line 274.
 (/usr/share/texlive/texmf-dist/tex/latex/graphics/mathcolor.ltx)
Package xcolor Info: Model `cmy' substituted by `cmy0' on input line 1350.
Package xcolor Info: Model `hsb' substituted by `rgb' on input line 1354.
Package xcolor Info: Model `RGB' extended on input line 1366.
Package xcolor Info: Model `HTML' substituted by `rgb' on input line 1368.
Package xcolor Info: Model `Hsb' substituted by `hsb' on input line 1369.
Package xcolor Info: Model `tHsb' substituted by `hsb' on input line 1370.
Package xcolor Info: Model `HSB' substituted by `hsb' on input line 1371.
Package xcolor Info: Model `Gray' substituted by `gray' on input line 1372.
Package xcolor Info: Model `wave' substituted by `hsb' on input line 1373.
) (/usr/share/texlive/texmf-dist/tex/generic/pgf/basiclayer/pgfcore.code.tex
Package: pgfcore 2023-01-15 v3.1.10 (3.1.10)
 (/usr/share/texlive/texmf-dist/tex/generic/pgf/math/pgfmath.code.tex (/usr/share/texlive/texmf-dist/tex/generic/pgf/math/pgfmathutil.code.tex) (/usr/share/texlive/texmf-dist/tex/generic/pgf/math/pgfmathparser.code.tex
\pgfmath@dimen=\dimen156
\pgfmath@count=\count275
\pgfmath@box=\box52
\pgfmath@toks=\toks25
\pgfmath@stack@operand=\toks26
\pgfmath@stack@operation=\toks27
) (/usr/share/texlive/texmf-dist/tex/generic/pgf/math/pgfmathfunctions.code.tex) (/usr/share/texlive/texmf-dist/tex/generic/pgf/math/pgfmathfunctions.basic.code.tex) (/usr/share/texlive/texmf-dist/tex/generic/pgf/math/pgfmathfunctions.trigonometric.code.tex) (/usr/share/texlive/texmf-dist/tex/generic/pgf/math/pgfmathfunctions.random.code.tex) (/usr/share/texlive/texmf-dist/tex/generic/pgf/math/pgfmathfunctions.comparison.code.tex) (/usr/share/texlive/texmf-dist/tex/generic/pgf/math/pgfmathfunctions.base.code.tex) (/usr/share/texlive/texmf-dist/tex/generic/pgf/math/pgfmathfunctions.round.code.tex) (/usr/share/texlive/texmf-dist/tex/generic/pgf/math/pgfmathfunctions.misc.code.tex) (/usr/share/texlive/texmf-dist/tex/generic/pgf/math/pgfmathfunctions.integerarithmetics.code.tex) (/usr/share/texlive/texmf-dist/tex/generic/pgf/math/pgfmathcalc.code.tex) (/usr/share/texlive/texmf-dist/tex/generic/pgf/math/pgfmathfloat.code.tex
\c@pgfmathroundto@lastzeros=\count276
)) (/usr/share/texlive/texmf-dist/tex/generic/pgf/math/pgfint.code.tex) (/usr/share/texlive/texmf-dist/tex/generic/pgf/basiclayer/pgfcorepoints.code.tex
File: pgfcorepoints.code.tex 2023-01-15 v3.1.10 (3.1.10)
\pgf@picminx=\dimen157
\pgf@picmaxx=\dimen158
\pgf@picminy=\dimen159
\pgf@picmaxy=\dimen160
\pgf@pathminx=\dimen161
\pgf@pathmaxx=\dimen162
\pgf@pathminy=\dimen163
\pgf@pathmaxy=\dimen164
\pgf@xx=\dimen165
\pgf@xy=\dimen166
\pgf@yx=\dimen167
\pgf@yy=\dimen168
\pgf@zx=\dimen169
\pgf@zy=\dimen170
) (/usr/share/texlive/texmf-dist/tex/generic/pgf/basiclayer/pgfcorepathconstruct.code.tex
File: pgfcorepathconstruct.code.tex 2023-01-15 v3.1.10 (3.1.10)
\pgf@path@lastx=\dimen171
\pgf@path@lasty=\dimen172
) (/usr/share/texlive/texmf-dist/tex/generic/pgf/basiclayer/pgfcorepathusage.code.tex
File: pgfcorepathusage.code.tex 2023-01-15 v3.1.10 (3.1.10)
\pgf@shorten@end@additional=\dimen173
\pgf@shorten@start@additional=\dimen174
) (/usr/share/texlive/texmf-dist/tex/generic/pgf/basiclayer/pgfcorescopes.code.tex
File: pgfcorescopes.code.tex 2023-01-15 v3.1.10 (3.1.10)
\pgfpic=\box53
\pgf@hbox=\box54
\pgf@layerbox@main=\box55
\pgf@picture@serial@count=\count277
) (/usr/share/texlive/texmf-dist/tex/generic/pgf/basiclayer/pgfcoregraphicstate.code.tex
File: pgfcoregraphicstate.code.tex 2023-01-15 v3.1.10 (3.1.10)
\pgflinewidth=\dimen175
) (/usr/share/texlive/texmf-dist/tex/generic/pgf/basiclayer/pgfcoretransformations.code.tex
File: pgfcoretransformations.code.tex 2023-01-15 v3.1.10 (3.1.10)
\pgf@pt@x=\dimen176
\pgf@pt@y=\dimen177
\pgf@pt@temp=\dimen178
) (/usr/share/texlive/texmf-dist/tex/generic/pgf/basiclayer/pgfcorequick.code.tex
File: pgfcorequick.code.tex 2023-01-15 v3.1.10 (3.1.10)
) (/usr/share/texlive/texmf-dist/tex/generic/pgf/basiclayer/pgfcoreobjects.code.tex
File: pgfcoreobjects.code.tex 2023-01-15 v3.1.10 (3.1.10)
) (/usr/share/texlive/texmf-dist/tex/generic/pgf/basiclayer/pgfcorepathprocessing.code.tex
File: pgfcorepathprocessing.code.tex 2023-01-15 v3.1.10 (3.1.10)
) (/usr/share/texlive/texmf-dist/tex/generic/pgf/basiclayer/pgfcorearrows.code.tex
File: pgfcorearrows.code.tex 2023-01-15 v3.1.10 (3.1.10)
\pgfarrowsep=\dimen179
) (/usr/share/texlive/texmf-dist/tex/generic/pgf/basiclayer/pgfcoreshade.code.tex
File: pgfcoreshade.code.tex 2023-01-15 v3.1.10 (3.1.10)
\pgf@max=\dimen180
\pgf@sys@shading@range@num=\count278
\pgf@shadingcount=\count279
) (/usr/share/texlive/texmf-dist/tex/generic/pgf/basiclayer/pgfcoreimage.code.tex
File: pgfcoreimage.code.tex 2023-01-15 v3.1.10 (3.1.10)
) (/usr/share/texlive/texmf-dist/tex/generic/pgf/basiclayer/pgfcoreexternal.code.tex
File: pgfcoreexternal.code.tex 2023-01-15 v3.1.10 (3.1.10)
\pgfexternal@startupbox=\box56
) (/usr/share/texlive/texmf-dist/tex/generic/pgf/basiclayer/pgfcorelayers.code.tex
File: pgfcorelayers.code.tex 2023-01-15 v3.1.10 (3.1.10)
) (/usr/share/texlive/texmf-dist/tex/generic/pgf/basiclayer/pgfcoretransparency.code.tex
File: pgfcoretransparency.code.tex 2023-01-15 v3.1.10 (3.1.10)
) (/usr/share/texlive/texmf-dist/tex/generic/pgf/basiclayer/pgfcorepatterns.code.tex
File: pgfcorepatterns.code.tex 2023-01-15 v3.1.10 (3.1.10)
) (/usr/share/texlive/texmf-dist/tex/generic/pgf/basiclayer/pgfcorerdf.code.tex
File: pgfcorerdf.code.tex 2023-01-15 v3.1.10 (3.1.10)
))) (/usr/share/texlive/texmf-dist/tex/generic/pgf/modules/pgfmoduleshapes.code.tex
File: pgfmoduleshapes.code.tex 2023-01-15 v3.1.10 (3.1.10)
\pgfnodeparttextbox=\box57
) (/usr/share/texlive/texmf-dist/tex/generic/pgf/modules/pgfmoduleplot.code.tex
File: pgfmoduleplot.code.tex 2023-01-15 v3.1.10 (3.1.10)
) (/usr/share/texlive/texmf-dist/tex/latex/pgf/compatibility/pgfcomp-version-0-65.sty
Package: pgfcomp-version-0-65 2023-01-15 v3.1.10 (3.1.10)
\pgf@nodesepstart=\dimen181
\pgf@nodesepend=\dimen182
) (/usr/share/texlive/texmf-dist/tex/latex/pgf/compatibility/pgfcomp-version-1-18.sty
Package: pgfcomp-version-1-18 2023-01-15 v3.1.10 (3.1.10)
)) (/usr/share/texlive/texmf-dist/tex/latex/pgf/utilities/pgffor.sty (/usr/share/texlive/texmf-dist/tex/latex/pgf/utilities/pgfkeys.sty (/usr/share/texlive/texmf-dist/tex/generic/pgf/utilities/pgfkeys.code.tex)) (/usr/share/texlive/texmf-dist/tex/latex/pgf/math/pgfmath.sty (/usr/share/texlive/texmf-dist/tex/generic/pgf/math/pgfmath.code.tex)) (/usr/share/texlive/texmf-dist/tex/generic/pgf/utilities/pgffor.code.tex
Package: pgffor 2023-01-15 v3.1.10 (3.1.10)
\pgffor@iter=\dimen183
\pgffor@skip=\dimen184
\pgffor@stack=\toks28
\pgffor@toks=\toks29
)) (/usr/share/texlive/texmf-dist/tex/generic/pgf/frontendlayer/tikz/tikz.code.tex
Package: tikz 2023-01-15 v3.1.10 (3.1.10)
 (/usr/share/texlive/texmf-dist/tex/generic/pgf/libraries/pgflibraryplothandlers.code.tex
File: pgflibraryplothandlers.code.tex 2023-01-15 v3.1.10 (3.1.10)
\pgf@plot@mark@count=\count280
\pgfplotmarksize=\dimen185
)
\tikz@lastx=\dimen186
\tikz@lasty=\dimen187
\tikz@lastxsaved=\dimen188
\tikz@lastysaved=\dimen189
\tikz@lastmovetox=\dimen190
\tikz@lastmovetoy=\dimen191
\tikzleveldistance=\dimen192
\tikzsiblingdistance=\dimen193
\tikz@figbox=\box58
\tikz@figbox@bg=\box59
\tikz@tempbox=\box60
\tikz@tempbox@bg=\box61
\tikztreelevel=\count281
\tikznumberofchildren=\count282
\tikznumberofcurrentchild=\count283
\tikz@fig@count=\count284
 (/usr/share/texlive/texmf-dist/tex/generic/pgf/modules/pgfmodulematrix.code.tex
File: pgfmodulematrix.code.tex 2023-01-15 v3.1.10 (3.1.10)
\pgfmatrixcurrentrow=\count285
\pgfmatrixcurrentcolumn=\count286
\pgf@matrix@numberofcolumns=\count287
)
\tikz@expandcount=\count288
 (/usr/share/texlive/texmf-dist/tex/generic/pgf/frontendlayer/tikz/libraries/tikzlibrarytopaths.code.tex
File: tikzlibrarytopaths.code.tex 2023-01-15 v3.1.10 (3.1.10)
))) (/usr/share/texlive/texmf-dist/tex/latex/hyperref/hyperref.sty
Package: hyperref 2024-01-20 v7.01h Hypertext links for LaTeX
 (/usr/share/texlive/texmf-dist/tex/generic/iftex/iftex.sty
Package: iftex 2022/02/03 v1.0f TeX engine tests
) (/usr/share/texlive/texmf-dist/tex/latex/kvsetkeys/kvsetkeys.sty
Package: kvsetkeys 2022-10-05 v1.19 Key value parser (HO)
) (/usr/share/texlive/texmf-dist/tex/generic/kvdefinekeys/kvdefinekeys.sty
Package: kvdefinekeys 2019-12-19 v1.6 Define keys (HO)
) (/usr/share/texlive/texmf-dist/tex/generic/pdfescape/pdfescape.sty
Package: pdfescape 2019/12/09 v1.15 Implements pdfTeX's escape features (HO)
 (/usr/share/texlive/texmf-dist/tex/generic/ltxcmds/ltxcmds.sty
Package: ltxcmds 2023-12-04 v1.26 LaTeX kernel commands for general use (HO)
) (/usr/share/texlive/texmf-dist/tex/generic/pdftexcmds/pdftexcmds.sty
Package: pdftexcmds 2020-06-27 v0.33 Utility functions of pdfTeX for LuaTeX (HO)
 (/usr/share/texlive/texmf-dist/tex/generic/infwarerr/infwarerr.sty
Package: infwarerr 2019/12/03 v1.5 Providing info/warning/error messages (HO)
)
Package pdftexcmds Info: \pdf@primitive is available.
Package pdftexcmds Info: \pdf@ifprimitive is available.
Package pdftexcmds Info: \pdfdraftmode found.
)) (/usr/share/texlive/texmf-dist/tex/latex/hycolor/hycolor.sty
Package: hycolor 2020-01-27 v1.10 Color options for hyperref/bookmark (HO)
) (/usr/share/texlive/texmf-dist/tex/latex/auxhook/auxhook.sty
Package: auxhook 2019-12-17 v1.6 Hooks for auxiliary files (HO)
) (/usr/share/texlive/texmf-dist/tex/latex/hyperref/nameref.sty
Package: nameref 2023-11-26 v2.56 Cross-referencing by name of section
 (/usr/share/texlive/texmf-dist/tex/latex/refcount/refcount.sty
Package: refcount 2019/12/15 v3.6 Data extraction from label references (HO)
) (/usr/share/texlive/texmf-dist/tex/generic/gettitlestring/gettitlestring.sty
Package: gettitlestring 2019/12/15 v1.6 Cleanup title references (HO)
 (/usr/share/texlive/texmf-dist/tex/latex/kvoptions/kvoptions.sty
Package: kvoptions 2022-06-15 v3.15 Key value format for package options (HO)
))
\c@section@level=\count289
)
\@linkdim=\dimen194
\Hy@linkcounter=\count290
\Hy@pagecounter=\count291
 (/usr/share/texlive/texmf-dist/tex/latex/hyperref/pd1enc.def
File: pd1enc.def 2024-01-20 v7.01h Hyperref: PDFDocEncoding definition (HO)
Now handling font encoding PD1 ...
... no UTF-8 mapping file for font encoding PD1
) (/usr/share/texlive/texmf-dist/tex/generic/intcalc/intcalc.sty
Package: intcalc 2019/12/15 v1.3 Expandable calculations with integers (HO)
)
\Hy@SavedSpaceFactor=\count292
 (/usr/share/texlive/texmf-dist/tex/latex/hyperref/puenc.def
File: puenc.def 2024-01-20 v7.01h Hyperref: PDF Unicode definition (HO)
Now handling font encoding PU ...
... no UTF-8 mapping file for font encoding PU
)
Package hyperref Info: Hyper figures OFF on input line 4179.
Package hyperref Info: Link nesting OFF on input line 4184.
Package hyperref Info: Hyper index ON on input line 4187.
Package hyperref Info: Plain pages OFF on input line 4194.
Package hyperref Info: Backreferencing OFF on input line 4199.
Package hyperref Info: Implicit mode ON; LaTeX internals redefined.
Package hyperref Info: Bookmarks ON on input line 4446.
\c@Hy@tempcnt=\count293
 (/usr/share/texlive/texmf-dist/tex/latex/url/url.sty
\Urlmuskip=\muskip16
Package: url 2013/09/16  ver 3.4  Verb mode for urls, etc.
)
LaTeX Info: Redefining \url on input line 4784.
\XeTeXLinkMargin=\dimen195
 (/usr/share/texlive/texmf-dist/tex/generic/bitset/bitset.sty
Package: bitset 2019/12/09 v1.3 Handle bit-vector datatype (HO)
 (/usr/share/texlive/texmf-dist/tex/generic/bigintcalc/bigintcalc.sty
Package: bigintcalc 2019/12/15 v1.5 Expandable calculations on big integers (HO)
))
\Fld@menulength=\count294
\Field@Width=\dimen196
\Fld@charsize=\dimen197
Package hyperref Info: Hyper figures OFF on input line 6063.
Package hyperref Info: Link nesting OFF on input line 6068.
Package hyperref Info: Hyper index ON on input line 6071.
Package hyperref Info: backreferencing OFF on input line 6078.
Package hyperref Info: Link coloring OFF on input line 6083.
Package hyperref Info: Link coloring with OCG OFF on input line 6088.
Package hyperref Info: PDF/A mode OFF on input line 6093.
 (/usr/share/texlive/texmf-dist/tex/latex/base/atbegshi-ltx.sty
Package: atbegshi-ltx 2021/01/10 v1.0c Emulation of the original atbegshi
package with kernel methods
)
\Hy@abspage=\count295
\c@Item=\count296
\c@Hfootnote=\count297
)
Package hyperref Info: Driver (autodetected): hpdftex.
 (/usr/share/texlive/texmf-dist/tex/latex/hyperref/hpdftex.def
File: hpdftex.def 2024-01-20 v7.01h Hyperref driver for pdfTeX
 (/usr/share/texlive/texmf-dist/tex/latex/base/atveryend-ltx.sty
Package: atveryend-ltx 2020/08/19 v1.0a Emulation of the original atveryend package
with kernel methods
)
\Fld@listcount=\count298
\c@bookmark@seq@number=\count299
 (/usr/share/texlive/texmf-dist/tex/latex/rerunfilecheck/rerunfilecheck.sty
Package: rerunfilecheck 2022-07-10 v1.10 Rerun checks for auxiliary files (HO)
 (/usr/share/texlive/texmf-dist/tex/generic/uniquecounter/uniquecounter.sty
Package: uniquecounter 2019/12/15 v1.4 Provide unlimited unique counter (HO)
)
Package uniquecounter Info: New unique counter `rerunfilecheck' on input line 285.
)
\Hy@SectionHShift=\skip50
) (/usr/share/texlive/texmf-dist/tex/latex/amsmath/amsmath.sty
Package: amsmath 2023/05/13 v2.17o AMS math features
\@mathmargin=\skip51

For additional information on amsmath, use the `?' option.
(/usr/share/texlive/texmf-dist/tex/latex/amsmath/amstext.sty
Package: amstext 2021/08/26 v2.01 AMS text
 (/usr/share/texlive/texmf-dist/tex/latex/amsmath/amsgen.sty
File: amsgen.sty 1999/11/30 v2.0 generic functions
\@emptytoks=\toks30
\ex@=\dimen198
)) (/usr/share/texlive/texmf-dist/tex/latex/amsmath/amsbsy.sty
Package: amsbsy 1999/11/29 v1.2d Bold Symbols
\pmbraise@=\dimen199
) (/usr/share/texlive/texmf-dist/tex/latex/amsmath/amsopn.sty
Package: amsopn 2022/04/08 v2.04 operator names
)
\inf@bad=\count300
LaTeX Info: Redefining \frac on input line 234.
\uproot@=\count301
\leftroot@=\count302
LaTeX Info: Redefining \overline on input line 399.
LaTeX Info: Redefining \colon on input line 410.
\classnum@=\count303
\DOTSCASE@=\count304
LaTeX Info: Redefining \ldots on input line 496.
LaTeX Info: Redefining \dots on input line 499.
LaTeX Info: Redefining \cdots on input line 620.
\Mathstrutbox@=\box62
\strutbox@=\box63
LaTeX Info: Redefining \big on input line 722.
LaTeX Info: Redefining \Big on input line 723.
LaTeX Info: Redefining \bigg on input line 724.
LaTeX Info: Redefining \Bigg on input line 725.
\big@size=\dimen256
LaTeX Font Info:    Redeclaring font encoding OML on input line 743.
LaTeX Font Info:    Redeclaring font encoding OMS on input line 744.
\macc@depth=\count305
LaTeX Info: Redefining \bmod on input line 905.
LaTeX Info: Redefining \pmod on input line 910.
LaTeX Info: Redefining \smash on input line 940.
LaTeX Info: Redefining \relbar on input line 970.
LaTeX Info: Redefining \Relbar on input line 971.
\c@MaxMatrixCols=\count306
\dotsspace@=\muskip17
\c@parentequation=\count307
\dspbrk@lvl=\count308
\tag@help=\toks31
\row@=\count309
\column@=\count310
\maxfields@=\count311
\andhelp@=\toks32
\eqnshift@=\dimen257
\alignsep@=\dimen258
\tagshift@=\dimen259
\tagwidth@=\dimen260
\totwidth@=\dimen261
\lineht@=\dimen262
\@envbody=\toks33
\multlinegap=\skip52
\multlinetaggap=\skip53
\mathdisplay@stack=\toks34
LaTeX Info: Redefining \[ on input line 2953.
LaTeX Info: Redefining \] on input line 2954.
) (/usr/share/texlive/texmf-dist/tex/latex/l3backend/l3backend-pdftex.def
File: l3backend-pdftex.def 2024-01-04 L3 backend support: PDF output (pdfTeX)
\l__color_backend_stack_int=\count312
\l__pdf_internal_box=\box64
) (./main.aux)
\openout1 = `main.aux'.

LaTeX Font Info:    Checking defaults for OML/cmm/m/it on input line 15.
LaTeX Font Info:    ... okay on input line 15.
LaTeX Font Info:    Checking defaults for OMS/cmsy/m/n on input line 15.
LaTeX Font Info:    ... okay on input line 15.
LaTeX Font Info:    Checking defaults for OT1/cmr/m/n on input line 15.
LaTeX Font Info:    ... okay on input line 15.
LaTeX Font Info:    Checking defaults for T1/cmr/m/n on input line 15.
LaTeX Font Info:    ... okay on input line 15.
LaTeX Font Info:    Checking defaults for TS1/cmr/m/n on input line 15.
LaTeX Font Info:    ... okay on input line 15.
LaTeX Font Info:    Checking defaults for OMX/cmex/m/n on input line 15.
LaTeX Font Info:    ... okay on input line 15.
LaTeX Font Info:    Checking defaults for U/cmr/m/n on input line 15.
LaTeX Font Info:    ... okay on input line 15.
LaTeX Font Info:    Checking defaults for PD1/pdf/m/n on input line 15.
LaTeX Font Info:    ... okay on input line 15.
LaTeX Font Info:    Checking defaults for PU/pdf/m/n on input line 15.
LaTeX Font Info:    ... okay on input line 15.
 (/usr/share/texlive/texmf-dist/tex/context/base/mkii/supp-pdf.mkii
[Loading MPS to PDF converter (version 2006.09.02).]
\scratchcounter=\count313
\scratchdimen=\dimen263
\scratchbox=\box65
\nofMPsegments=\count314
\nofMParguments=\count315
\everyMPshowfont=\toks35
\MPscratchCnt=\count316
\MPscratchDim=\dimen264
\MPnumerator=\count317
\makeMPintoPDFobject=\count318
\everyMPtoPDFconversion=\toks36
) (/usr/share/texlive/texmf-dist/tex/latex/epstopdf-pkg/epstopdf-base.sty
Package: epstopdf-base 2020-01-24 v2.11 Base part for package epstopdf
 (/usr/share/texlive/texmf-dist/tex/latex/grfext/grfext.sty
Package: grfext 2019/12/03 v1.3 Manage graphics extensions (HO)
)
Package epstopdf-base Info: Redefining graphics rule for `.eps' on input line 485.
Package grfext Info: Graphics extension search list:
(grfext)             [.pdf,.png,.jpg,.mps,.jpeg,.jbig2,.jb2,.PDF,.PNG,.JPG,.JPEG,.JBIG2,.JB2,.eps]
(grfext)             \AppendGraphicsExtensions on input line 504.
 (/usr/share/texlive/texmf-dist/tex/latex/latexconfig/epstopdf-sys.cfg
File: epstopdf-sys.cfg 2010/07/13 v1.3 Configuration of (r)epstopdf for TeX Live
))
LaTeX Info: Redefining \it@ocap on input line 15.
LaTeX Info: Redefining \it@ccap on input line 15.


File italian.ldf warning: 
italian.ldf    With OT1 encoding guillemets are poorly faked
italian.ldf    Use T1 encoding
italian.ldf    or specify a font with command \CaporaliFrom
italian.ldf    See the documentation concerning the babel-italian typesetting
italian.ldf    on input line 15.

Package hyperref Info: Link coloring OFF on input line 15.
(./main.out) (./main.out)
\@outlinefile=\write4
\openout4 = `main.out'.



LaTeX Warning: No \author given.

[1

{/var/lib/texmf/fonts/map/pdftex/updmap/pdftex.map}] (./main.toc
pdfTeX warning (ext4): destination with the same identifier (name{page.1}) has been already used, duplicate ignored
<to be read again> 
                   \relax 
l.54 ...t {(k, l)} grouping}{35}{subsection.4.1.1}
                                                  % [1

])
\tf@toc=\write5
\openout5 = `main.toc'.

 [2]
Capitolo 1.
<images/encryption/token-based-search.png, id=237, 501.875pt x 171.64125pt>
File: images/encryption/token-based-search.png Graphic file (type png)
<use images/encryption/token-based-search.png>
Package pdftex.def Info: images/encryption/token-based-search.png  used on input line 39.
(pdftex.def)             Requested size: 137.9979pt x 47.19493pt.
<images/encryption/homomorphic.png, id=239, 504.88625pt x 220.825pt>
File: images/encryption/homomorphic.png Graphic file (type png)
<use images/encryption/homomorphic.png>
Package pdftex.def Info: images/encryption/homomorphic.png  used on input line 44.
(pdftex.def)             Requested size: 137.9979pt x 60.3581pt.
<images/encryption/schemas.png, id=240, 299.1175pt x 321.2pt>
File: images/encryption/schemas.png Graphic file (type png)
<use images/encryption/schemas.png>
Package pdftex.def Info: images/encryption/schemas.png  used on input line 50.
(pdftex.def)             Requested size: 103.50105pt x 111.14249pt.
<images/encryption/onion.png, id=241, 601.24625pt x 161.60374pt>
File: images/encryption/onion.png Graphic file (type png)
<use images/encryption/onion.png>
Package pdftex.def Info: images/encryption/onion.png  used on input line 56.
(pdftex.def)             Requested size: 276.00105pt x 74.18573pt.
[3

{/usr/share/texmf/fonts/enc/dvips/cm-super/cm-super-ts1.enc} <./images/encryption/token-based-search.png> <./images/encryption/homomorphic.png>]
<images/encryption/indicizzazione.png, id=251, 678.535pt x 632.3625pt>
File: images/encryption/indicizzazione.png Graphic file (type png)
<use images/encryption/indicizzazione.png>
Package pdftex.def Info: images/encryption/indicizzazione.png  used on input line 61.
(pdftex.def)             Requested size: 207.0021pt x 192.9137pt.
<images/encryption/index-direct.png, id=252, 1152.305pt x 348.30125pt>
File: images/encryption/index-direct.png Graphic file (type png)
<use images/encryption/index-direct.png>
Package pdftex.def Info: images/encryption/index-direct.png  used on input line 73.
(pdftex.def)             Requested size: 293.2521pt x 88.6376pt.
 [4 <./images/encryption/schemas.png> <./images/encryption/onion.png> <./images/encryption/indicizzazione.png>]
<images/encryption/bucket-index.png, id=260, 1146.2825pt x 347.2975pt>
File: images/encryption/bucket-index.png Graphic file (type png)
<use images/encryption/bucket-index.png>
Package pdftex.def Info: images/encryption/bucket-index.png  used on input line 87.
(pdftex.def)             Requested size: 293.2521pt x 88.8485pt.
<images/encryption/flattened-index.png, id=261, 1152.305pt x 354.32375pt>
File: images/encryption/flattened-index.png Graphic file (type png)
<use images/encryption/flattened-index.png>
Package pdftex.def Info: images/encryption/flattened-index.png  used on input line 99.
(pdftex.def)             Requested size: 293.2521pt x 90.17023pt.
 [5 <./images/encryption/index-direct.png> <./images/encryption/bucket-index.png> <./images/encryption/flattened-index.png>]
<images/encryption/partion-based-index.png, id=271, 729.72626pt x 87.32625pt>
File: images/encryption/partion-based-index.png Graphic file (type png)
<use images/encryption/partion-based-index.png>
Package pdftex.def Info: images/encryption/partion-based-index.png  used on input line 111.
(pdftex.def)             Requested size: 207.0021pt x 24.77097pt.
<images/encryption/partition-based-ex.png, id=272, 962.59625pt x 469.755pt>
File: images/encryption/partition-based-ex.png Graphic file (type png)
<use images/encryption/partition-based-ex.png>
Package pdftex.def Info: images/encryption/partition-based-ex.png  used on input line 124.
(pdftex.def)             Requested size: 207.0021pt x 101.01686pt.
<images/encryption/query-ex-1.png, id=273, 1188.44pt x 315.1775pt>
File: images/encryption/query-ex-1.png Graphic file (type png)
<use images/encryption/query-ex-1.png>
Package pdftex.def Info: images/encryption/query-ex-1.png  used on input line 140.
(pdftex.def)             Requested size: 276.00105pt x 73.19624pt.
<images/encryption/query-ex-2.png, id=274, 1031.855pt x 373.395pt>
File: images/encryption/query-ex-2.png Graphic file (type png)
<use images/encryption/query-ex-2.png>
Package pdftex.def Info: images/encryption/query-ex-2.png  used on input line 144.
(pdftex.def)             Requested size: 276.00105pt x 99.8722pt.
 [6 <./images/encryption/partion-based-index.png> <./images/encryption/partition-based-ex.png> <./images/encryption/query-ex-1.png>] [7 <./images/encryption/query-ex-2.png>]
Overfull \hbox (6.76898pt too wide) in paragraph at lines 194--195
[]\OT1/cmr/bx/it/10 Order Pre-ser-ving En-cryp-tion with Split-ting and Sca-ling (OPESS): 
 []

[8]
<images/encryption/direct-freq-db.png, id=304, 1048.91875pt x 753.81625pt>
File: images/encryption/direct-freq-db.png Graphic file (type png)
<use images/encryption/direct-freq-db.png>
Package pdftex.def Info: images/encryption/direct-freq-db.png  used on input line 256.
(pdftex.def)             Requested size: 310.4979pt x 223.14452pt.
 [9]
<images/encryption/direct-db-dbk1.png, id=310, 876.27374pt x 380.42125pt>
File: images/encryption/direct-db-dbk1.png Graphic file (type png)
<use images/encryption/direct-db-dbk1.png>
Package pdftex.def Info: images/encryption/direct-db-dbk1.png  used on input line 289.
(pdftex.def)             Requested size: 241.49895pt x 104.83965pt.
<images/encryption/direct-db-dbk2.png, id=311, 1255.69125pt x 761.84625pt>
File: images/encryption/direct-db-dbk2.png Graphic file (type png)
<use images/encryption/direct-db-dbk2.png>
Package pdftex.def Info: images/encryption/direct-db-dbk2.png  used on input line 293.
(pdftex.def)             Requested size: 345.0pt x 209.31656pt.
 [10 <./images/encryption/direct-freq-db.png>] [11 <./images/encryption/direct-db-dbk1.png> <./images/encryption/direct-db-dbk2.png>] [12]
<images/encryption/bloom-filter.png, id=331, 1111.15125pt x 759.83875pt>
File: images/encryption/bloom-filter.png Graphic file (type png)
<use images/encryption/bloom-filter.png>
Package pdftex.def Info: images/encryption/bloom-filter.png  used on input line 334.
(pdftex.def)             Requested size: 276.00105pt x 188.74182pt.
 [13 <./images/encryption/bloom-filter.png>]
<images/encryption/selective.png, id=338, 813.0375pt x 468.75125pt>
File: images/encryption/selective.png Graphic file (type png)
<use images/encryption/selective.png>
Package pdftex.def Info: images/encryption/selective.png  used on input line 376.
(pdftex.def)             Requested size: 241.49895pt x 139.2317pt.
 [14 <./images/encryption/selective.png>]
<images/encryption/auth-policy.png, id=344, 942.52126pt x 459.7175pt>
File: images/encryption/auth-policy.png Graphic file (type png)
<use images/encryption/auth-policy.png>
Package pdftex.def Info: images/encryption/auth-policy.png  used on input line 403.
(pdftex.def)             Requested size: 241.49895pt x 117.79109pt.
 [15 <./images/encryption/auth-policy.png>]
<images/encryption/token-based-ex.png, id=354, 642.4pt x 400.49625pt>
File: images/encryption/token-based-ex.png Graphic file (type png)
<use images/encryption/token-based-ex.png>
Package pdftex.def Info: images/encryption/token-based-ex.png  used on input line 454.
(pdftex.def)             Requested size: 207.0021pt x 129.05363pt.
 [16 <./images/encryption/token-based-ex.png>]
<images/encryption/encryption-policy-graph.png, id=361, 1165.35374pt x 747.79375pt>
File: images/encryption/encryption-policy-graph.png Graphic file (type png)
<use images/encryption/encryption-policy-graph.png>
Package pdftex.def Info: images/encryption/encryption-policy-graph.png  used on input line 491.
(pdftex.def)             Requested size: 345.0pt x 221.37314pt.
 [17 <./images/encryption/encryption-policy-graph.png>]
<images/encryption/graph.png, id=368, 1209.51875pt x 610.28pt>
File: images/encryption/graph.png Graphic file (type png)
<use images/encryption/graph.png>
Package pdftex.def Info: images/encryption/graph.png  used on input line 535.
(pdftex.def)             Requested size: 313.95126pt x 158.40831pt.
 [18]
<images/encryption/graph2.png, id=379, 1057.9525pt x 724.7075pt>
File: images/encryption/graph2.png Graphic file (type png)
<use images/encryption/graph2.png>
Package pdftex.def Info: images/encryption/graph2.png  used on input line 555.
(pdftex.def)             Requested size: 317.39937pt x 217.41393pt.
 [19 <./images/encryption/graph.png> <./images/encryption/graph2.png>] [20]
<images/encryption/views.png, id=392, 1053.9375pt x 301.125pt>
File: images/encryption/views.png Graphic file (type png)
<use images/encryption/views.png>
Package pdftex.def Info: images/encryption/views.png  used on input line 613.
(pdftex.def)             Requested size: 241.49895pt x 68.99997pt.
 [21 <./images/encryption/views.png>]
Capitolo 2.
[22

]
<images/encryption-fragmentation/couple-frag.png, id=403, 420.57124pt x 383.4325pt>
File: images/encryption-fragmentation/couple-frag.png Graphic file (type png)
<use images/encryption-fragmentation/couple-frag.png>
Package pdftex.def Info: images/encryption-fragmentation/couple-frag.png  used on input line 656.
(pdftex.def)             Requested size: 172.5pt x 157.26685pt.
 [23 <./images/encryption-fragmentation/couple-frag.png>]
<images/encryption-fragmentation/multi-frag.png, id=410, 538.01pt x 228.855pt>
File: images/encryption-fragmentation/multi-frag.png Graphic file (type png)
<use images/encryption-fragmentation/multi-frag.png>
Package pdftex.def Info: images/encryption-fragmentation/multi-frag.png  used on input line 692.
(pdftex.def)             Requested size: 241.49895pt x 102.72537pt.
<images/encryption-fragmentation/multi-ex.png, id=411, 1138.2525pt x 738.76pt>
File: images/encryption-fragmentation/multi-ex.png Graphic file (type png)
<use images/encryption-fragmentation/multi-ex.png>
Package pdftex.def Info: images/encryption-fragmentation/multi-ex.png  used on input line 713.
(pdftex.def)             Requested size: 345.0pt x 223.91803pt.
 [24 <./images/encryption-fragmentation/multi-frag.png>]
<images/encryption-fragmentation/multi-frag-query.png, id=418, 1093.08376pt x 418.56375pt>
File: images/encryption-fragmentation/multi-frag-query.png Graphic file (type png)
<use images/encryption-fragmentation/multi-frag-query.png>
Package pdftex.def Info: images/encryption-fragmentation/multi-frag-query.png  used on input line 724.
(pdftex.def)             Requested size: 345.0pt x 132.10374pt.
 [25 <./images/encryption-fragmentation/multi-ex.png> <./images/encryption-fragmentation/multi-frag-query.png>] [26]
Capitolo 3.
<images/fragmentation/intro.png, id=431, 528.97626pt x 232.87pt>
File: images/fragmentation/intro.png Graphic file (type png)
<use images/fragmentation/intro.png>
Package pdftex.def Info: images/fragmentation/intro.png  used on input line 778.
(pdftex.def)             Requested size: 241.49895pt x 106.31488pt.
[27

 <./images/fragmentation/intro.png>]
<images/fragmentation/query-ex.png, id=437, 492.84125pt x 216.81pt>
File: images/fragmentation/query-ex.png Graphic file (type png)
<use images/fragmentation/query-ex.png>
Package pdftex.def Info: images/fragmentation/query-ex.png  used on input line 807.
(pdftex.def)             Requested size: 137.9979pt x 60.70638pt.
<images/fragmentation/sc-1.png, id=438, 1127.21124pt x 231.86626pt>
File: images/fragmentation/sc-1.png Graphic file (type png)
<use images/fragmentation/sc-1.png>
Package pdftex.def Info: images/fragmentation/sc-1.png  used on input line 820.
(pdftex.def)             Requested size: 310.4979pt x 63.86778pt.
<images/fragmentation/sc-2.png, id=439, 906.38625pt x 363.3575pt>
File: images/fragmentation/sc-2.png Graphic file (type png)
<use images/fragmentation/sc-2.png>
Package pdftex.def Info: images/fragmentation/sc-2.png  used on input line 825.
(pdftex.def)             Requested size: 276.00105pt x 110.64368pt.
 [28 <./images/fragmentation/query-ex.png> <./images/fragmentation/sc-1.png> <./images/fragmentation/sc-2.png>]
<images/fragmentation/cs.png, id=450, 627.34375pt x 479.7925pt>
File: images/fragmentation/cs.png Graphic file (type png)
<use images/fragmentation/cs.png>
Package pdftex.def Info: images/fragmentation/cs.png  used on input line 837.
(pdftex.def)             Requested size: 207.0021pt x 158.31735pt.
 [29 <./images/fragmentation/cs.png>] [30] [31]
LaTeX Font Info:    Font shape `OT1/cmtt/bx/n' in size <10> not available
(Font)              Font shape `OT1/cmtt/m/n' tried instead on input line 954.
 [32]
<images/fragmentation/inference1.png, id=474, 1137.24875pt x 543.02875pt>
File: images/fragmentation/inference1.png Graphic file (type png)
<use images/fragmentation/inference1.png>
Package pdftex.def Info: images/fragmentation/inference1.png  used on input line 976.
(pdftex.def)             Requested size: 345.0pt x 164.73277pt.
<images/fragmentation/inference2.png, id=475, 1137.24875pt x 715.67375pt>
File: images/fragmentation/inference2.png Graphic file (type png)
<use images/fragmentation/inference2.png>
Package pdftex.def Info: images/fragmentation/inference2.png  used on input line 981.
(pdftex.def)             Requested size: 345.0pt x 217.10623pt.
 [33 <./images/fragmentation/inference1.png> <./images/fragmentation/inference2.png>]
Capitolo 4.
<images/publ-obf-ass/grafo-bipartito.png, id=482, 1207.51125pt x 794.97pt>
File: images/publ-obf-ass/grafo-bipartito.png Graphic file (type png)
<use images/publ-obf-ass/grafo-bipartito.png>
Package pdftex.def Info: images/publ-obf-ass/grafo-bipartito.png  used on input line 998.
(pdftex.def)             Requested size: 276.00105pt x 181.699pt.
[34

 <./images/publ-obf-ass/grafo-bipartito.png>]
<images/publ-obf-ass/k-l1.png, id=489, 1194.4625pt x 765.86125pt>
File: images/publ-obf-ass/k-l1.png Graphic file (type png)
<use images/publ-obf-ass/k-l1.png>
Package pdftex.def Info: images/publ-obf-ass/k-l1.png  used on input line 1031.
(pdftex.def)             Requested size: 272.54768pt x 174.75374pt.
<images/publ-obf-ass/k-l2.png, id=490, 1179.40625pt x 508.90125pt>
File: images/publ-obf-ass/k-l2.png Graphic file (type png)
<use images/publ-obf-ass/k-l2.png>
Package pdftex.def Info: images/publ-obf-ass/k-l2.png  used on input line 1036.
(pdftex.def)             Requested size: 341.5519pt x 147.37569pt.
 [35 <./images/publ-obf-ass/k-l1.png> <./images/publ-obf-ass/k-l2.png>] [36]
<images/publ-obf-ass/minimal-grouping.png, id=502, 898.35625pt x 731.73375pt>
File: images/publ-obf-ass/minimal-grouping.png Graphic file (type png)
<use images/publ-obf-ass/minimal-grouping.png>
Package pdftex.def Info: images/publ-obf-ass/minimal-grouping.png  used on input line 1082.
(pdftex.def)             Requested size: 345.0pt x 281.00937pt.
<images/publ-obf-ass/group-ass1.png, id=503, 727.71875pt x 365.365pt>
File: images/publ-obf-ass/group-ass1.png Graphic file (type png)
<use images/publ-obf-ass/group-ass1.png>
Package pdftex.def Info: images/publ-obf-ass/group-ass1.png  used on input line 1099.
(pdftex.def)             Requested size: 241.49895pt x 121.25096pt.
<images/publ-obf-ass/group-ass2.png, id=504, 727.71875pt x 365.365pt>
File: images/publ-obf-ass/group-ass2.png Graphic file (type png)
<use images/publ-obf-ass/group-ass2.png>
Package pdftex.def Info: images/publ-obf-ass/group-ass2.png  used on input line 1104.
(pdftex.def)             Requested size: 241.49895pt x 121.25096pt.
 [37 <./images/publ-obf-ass/minimal-grouping.png>]
<images/publ-obf-ass/alike.png, id=512, 937.5025pt x 734.745pt>
File: images/publ-obf-ass/alike.png Graphic file (type png)
<use images/publ-obf-ass/alike.png>
Package pdftex.def Info: images/publ-obf-ass/alike.png  used on input line 1121.
(pdftex.def)             Requested size: 276.00105pt x 216.29944pt.
 [38 <./images/publ-obf-ass/group-ass1.png> <./images/publ-obf-ass/group-ass2.png>]
<images/publ-obf-ass/ass-hetero.png, id=519, 720.6925pt x 356.33125pt>
File: images/publ-obf-ass/ass-hetero.png Graphic file (type png)
<use images/publ-obf-ass/ass-hetero.png>
Package pdftex.def Info: images/publ-obf-ass/ass-hetero.png  used on input line 1150.
(pdftex.def)             Requested size: 241.49895pt x 119.40024pt.
 [39 <./images/publ-obf-ass/alike.png>]
<images/publ-obf-ass/deep-hetero.png, id=527, 789.95125pt x 356.33125pt>
File: images/publ-obf-ass/deep-hetero.png Graphic file (type png)
<use images/publ-obf-ass/deep-hetero.png>
Package pdftex.def Info: images/publ-obf-ass/deep-hetero.png  used on input line 1162.
(pdftex.def)             Requested size: 276.00105pt x 124.5003pt.
 [40 <./images/publ-obf-ass/ass-hetero.png> <./images/publ-obf-ass/deep-hetero.png>] (./main.aux)
 ***********
LaTeX2e <2023-11-01> patch level 1
L3 programming layer <2024-01-22>
 ***********
Package rerunfilecheck Info: File `main.out' has not changed.
(rerunfilecheck)             Checksum: 640C9E2B08B35BC571C915B8D06788E5;7535.
 ) 
Here is how much of TeX's memory you used:
 21084 strings out of 474222
 398522 string characters out of 5748733
 1935975 words of memory out of 5000000
 42886 multiletter control sequences out of 15000+600000
 567209 words of font info for 67 fonts, out of 8000000 for 9000
 1141 hyphenation exceptions out of 8191
 84i,8n,93p,481b,672s stack positions out of 10000i,1000n,20000p,200000b,200000s
</usr/share/texlive/texmf-dist/fonts/type1/public/amsfonts/cm/cmbx10.pfb></usr/share/texlive/texmf-dist/fonts/type1/public/amsfonts/cm/cmbx12.pfb></usr/share/texlive/texmf-dist/fonts/type1/public/amsfonts/cm/cmbxti10.pfb></usr/share/texlive/texmf-dist/fonts/type1/public/amsfonts/cm/cmex10.pfb></usr/share/texlive/texmf-dist/fonts/type1/public/amsfonts/cm/cmmi10.pfb></usr/share/texlive/texmf-dist/fonts/type1/public/amsfonts/cm/cmmi5.pfb></usr/share/texlive/texmf-dist/fonts/type1/public/amsfonts/cm/cmmi7.pfb></usr/share/texlive/texmf-dist/fonts/type1/public/amsfonts/cm/cmr10.pfb></usr/share/texlive/texmf-dist/fonts/type1/public/amsfonts/cm/cmr12.pfb></usr/share/texlive/texmf-dist/fonts/type1/public/amsfonts/cm/cmr17.pfb></usr/share/texlive/texmf-dist/fonts/type1/public/amsfonts/cm/cmr7.pfb></usr/share/texlive/texmf-dist/fonts/type1/public/amsfonts/cm/cmsy10.pfb></usr/share/texlive/texmf-dist/fonts/type1/public/amsfonts/cm/cmsy7.pfb></usr/share/texlive/texmf-dist/fonts/type1/public/amsfonts/cm/cmti10.pfb></usr/share/texlive/texmf-dist/fonts/type1/public/amsfonts/cm/cmtt10.pfb></usr/share/texmf/fonts/type1/public/cm-super/sfrm1000.pfb>
Output written on main.pdf (41 pages, 3458606 bytes).
PDF statistics:
 634 PDF objects out of 1000 (max. 8388607)
 468 compressed objects within 5 object streams
 125 named destinations out of 1000 (max. 500000)
 564 words of extra memory for PDF output out of 10000 (max. 10000000)

