This is pdfTeX, Version 3.141592653-2.6-1.40.25 (TeX Live 2023/Debian) (preloaded format=pdflatex 2024.10.7)  25 OCT 2024 17:19
entering extended mode
 restricted \write18 enabled.
 file:line:error style messages enabled.
 %&-line parsing enabled.
**"/home/azi/Desktop/Appunti-Magistrale/Sicurezza delle Reti/main.tex"
(/home/azi/Desktop/Appunti-Magistrale/Sicurezza delle Reti/main.tex
LaTeX2e <2023-11-01> patch level 1
L3 programming layer <2024-01-22>
(/usr/share/texlive/texmf-dist/tex/latex/base/report.cls
Document Class: report 2023/05/17 v1.4n Standard LaTeX document class
(/usr/share/texlive/texmf-dist/tex/latex/base/size10.clo
File: size10.clo 2023/05/17 v1.4n Standard LaTeX file (size option)
)
\c@part=\count187
\c@chapter=\count188
\c@section=\count189
\c@subsection=\count190
\c@subsubsection=\count191
\c@paragraph=\count192
\c@subparagraph=\count193
\c@figure=\count194
\c@table=\count195
\abovecaptionskip=\skip48
\belowcaptionskip=\skip49
\bibindent=\dimen140
) (/usr/share/texlive/texmf-dist/tex/latex/graphics/graphicx.sty
Package: graphicx 2021/09/16 v1.2d Enhanced LaTeX Graphics (DPC,SPQR)
 (/usr/share/texlive/texmf-dist/tex/latex/graphics/keyval.sty
Package: keyval 2022/05/29 v1.15 key=value parser (DPC)
\KV@toks@=\toks17
) (/usr/share/texlive/texmf-dist/tex/latex/graphics/graphics.sty
Package: graphics 2022/03/10 v1.4e Standard LaTeX Graphics (DPC,SPQR)
 (/usr/share/texlive/texmf-dist/tex/latex/graphics/trig.sty
Package: trig 2021/08/11 v1.11 sin cos tan (DPC)
) (/usr/share/texlive/texmf-dist/tex/latex/graphics-cfg/graphics.cfg
File: graphics.cfg 2016/06/04 v1.11 sample graphics configuration
)
Package graphics Info: Driver file: pdftex.def on input line 107.
 (/usr/share/texlive/texmf-dist/tex/latex/graphics-def/pdftex.def
File: pdftex.def 2022/09/22 v1.2b Graphics/color driver for pdftex
))
\Gin@req@height=\dimen141
\Gin@req@width=\dimen142
) (/usr/share/texlive/texmf-dist/tex/generic/babel/babel.sty
Package: babel 2024/01/07 v24.1 The Babel package
\babel@savecnt=\count196
\U@D=\dimen143
\l@unhyphenated=\language89
 (/usr/share/texlive/texmf-dist/tex/generic/babel/txtbabel.def)
\bbl@readstream=\read2
\bbl@dirlevel=\count197
 (/usr/share/texlive/texmf-dist/tex/generic/babel-italian/italian.ldf
Language: italian 2024/01/03 v.1.5.00 Italian support for the babel system
\it@lettering=\count198
\it@doublequoteactive=\count199
\it@ISOcompliance=\count266
)) (/usr/share/texlive/texmf-dist/tex/generic/babel/locale/it/babel-italian.tex
Package babel Info: Importing font and identification data for italian
(babel)             from babel-it.ini. Reported on input line 11.
) (/usr/share/texlive/texmf-dist/tex/latex/etoolbox/etoolbox.sty
Package: etoolbox 2020/10/05 v2.5k e-TeX tools for LaTeX (JAW)
\etb@tempcnta=\count267
) (/usr/share/texlive/texmf-dist/tex/latex/l3backend/l3backend-pdftex.def
File: l3backend-pdftex.def 2024-01-04 L3 backend support: PDF output (pdfTeX)
\l__color_backend_stack_int=\count268
\l__pdf_internal_box=\box51
) (./main.aux (./chapters/chapter1.aux) (./chapters/chapter2.aux) (./chapters/chapter3.aux) (./chapters/chapter4.aux) (./chapters/chapter5.aux))
\openout1 = `main.aux'.

LaTeX Font Info:    Checking defaults for OML/cmm/m/it on input line 9.
LaTeX Font Info:    ... okay on input line 9.
LaTeX Font Info:    Checking defaults for OMS/cmsy/m/n on input line 9.
LaTeX Font Info:    ... okay on input line 9.
LaTeX Font Info:    Checking defaults for OT1/cmr/m/n on input line 9.
LaTeX Font Info:    ... okay on input line 9.
LaTeX Font Info:    Checking defaults for T1/cmr/m/n on input line 9.
LaTeX Font Info:    ... okay on input line 9.
LaTeX Font Info:    Checking defaults for TS1/cmr/m/n on input line 9.
LaTeX Font Info:    ... okay on input line 9.
LaTeX Font Info:    Checking defaults for OMX/cmex/m/n on input line 9.
LaTeX Font Info:    ... okay on input line 9.
LaTeX Font Info:    Checking defaults for U/cmr/m/n on input line 9.
LaTeX Font Info:    ... okay on input line 9.
 (/usr/share/texlive/texmf-dist/tex/context/base/mkii/supp-pdf.mkii
[Loading MPS to PDF converter (version 2006.09.02).]
\scratchcounter=\count269
\scratchdimen=\dimen144
\scratchbox=\box52
\nofMPsegments=\count270
\nofMParguments=\count271
\everyMPshowfont=\toks18
\MPscratchCnt=\count272
\MPscratchDim=\dimen145
\MPnumerator=\count273
\makeMPintoPDFobject=\count274
\everyMPtoPDFconversion=\toks19
) (/usr/share/texlive/texmf-dist/tex/latex/epstopdf-pkg/epstopdf-base.sty
Package: epstopdf-base 2020-01-24 v2.11 Base part for package epstopdf
Package epstopdf-base Info: Redefining graphics rule for `.eps' on input line 485.
 (/usr/share/texlive/texmf-dist/tex/latex/latexconfig/epstopdf-sys.cfg
File: epstopdf-sys.cfg 2010/07/13 v1.3 Configuration of (r)epstopdf for TeX Live
))
LaTeX Info: Redefining \it@ocap on input line 9.
LaTeX Info: Redefining \it@ccap on input line 9.


File italian.ldf warning: 
italian.ldf    With OT1 encoding guillemets are poorly faked
italian.ldf    Use T1 encoding
italian.ldf    or specify a font with command \CaporaliFrom
italian.ldf    See the documentation concerning the babel-italian typesetting
italian.ldf    on input line 9.

LaTeX Font Info:    External font `cmex10' loaded for size
(Font)              <12> on input line 11.
LaTeX Font Info:    External font `cmex10' loaded for size
(Font)              <8> on input line 11.
LaTeX Font Info:    External font `cmex10' loaded for size
(Font)              <6> on input line 11.
[1

{/var/lib/texmf/fonts/map/pdftex/updmap/pdftex.map}] (./main.toc
LaTeX Font Info:    External font `cmex10' loaded for size
(Font)              <7> on input line 4.
LaTeX Font Info:    External font `cmex10' loaded for size
(Font)              <5> on input line 4.
 [1

])
\tf@toc=\write3
\openout3 = `main.toc'.

 [2]
\openout2 = `chapters/chapter1.aux'.

 (./chapters/chapter1.tex
Capitolo 1.
[3


{/usr/share/texmf/fonts/enc/dvips/cm-super/cm-super-ts1.enc}]
<chapters/images1/sicurezza.png, id=21, 527.9725pt x 348.30125pt>
File: chapters/images1/sicurezza.png Graphic file (type png)
<use chapters/images1/sicurezza.png>
Package pdftex.def Info: chapters/images1/sicurezza.png  used on input line 34.
(pdftex.def)             Requested size: 327.74895pt x 216.21559pt.
 [4 <./chapters/images1/sicurezza.png>] [5] [6] [7]) [8]
\openout2 = `chapters/chapter2.aux'.

 (./chapters/chapter2.tex
Capitolo 2.
[9




]
<chapters/images2/dac.png, id=43, 480.79625pt x 345.29pt>
File: chapters/images2/dac.png Graphic file (type png)
<use chapters/images2/dac.png>
Package pdftex.def Info: chapters/images2/dac.png  used on input line 42.
(pdftex.def)             Requested size: 207.0021pt x 148.66147pt.
 [10 <./chapters/images2/dac.png>] [11]
<chapters/images2/security-descriptor.png, id=52, 399.4925pt x 378.41376pt>
File: chapters/images2/security-descriptor.png Graphic file (type png)
<use chapters/images2/security-descriptor.png>
Package pdftex.def Info: chapters/images2/security-descriptor.png  used on input line 112.
(pdftex.def)             Requested size: 172.5pt x 163.39609pt.
 [12 <./chapters/images2/security-descriptor.png>]) [13]
\openout2 = `chapters/chapter3.aux'.

 (./chapters/chapter3.tex
Capitolo 3.
[14




]
<chapters/images3/plandocheckact.png, id=64, 420.57124pt x 237.88875pt>
File: chapters/images3/plandocheckact.png Graphic file (type png)
<use chapters/images3/plandocheckact.png>
Package pdftex.def Info: chapters/images3/plandocheckact.png  used on input line 40.
(pdftex.def)             Requested size: 258.75pt x 146.35696pt.
 [15 <./chapters/images3/plandocheckact.png>]) [16]
\openout2 = `chapters/chapter4.aux'.

 (./chapters/chapter4.tex
Capitolo 4.
<chapters/images4/term1.png, id=72, 929.4725pt x 362.35374pt>
File: chapters/images4/term1.png Graphic file (type png)
<use chapters/images4/term1.png>
Package pdftex.def Info: chapters/images4/term1.png  used on input line 20.
(pdftex.def)             Requested size: 345.0pt x 134.49452pt.
<chapters/images4/term2.png, id=73, 953.5625pt x 386.44376pt>
File: chapters/images4/term2.png Graphic file (type png)
<use chapters/images4/term2.png>
Package pdftex.def Info: chapters/images4/term2.png  used on input line 24.
(pdftex.def)             Requested size: 345.0pt x 139.81544pt.
<chapters/images4/term3.png, id=74, 688.5725pt x 413.545pt>
File: chapters/images4/term3.png Graphic file (type png)
<use chapters/images4/term3.png>
Package pdftex.def Info: chapters/images4/term3.png  used on input line 28.
(pdftex.def)             Requested size: 345.0pt x 207.20107pt.
[17




 <./chapters/images4/term1.png>] [18 <./chapters/images4/term2.png> <./chapters/images4/term3.png>] [19] [20]) [21]
\openout2 = `chapters/chapter5.aux'.

 (./chapters/chapter5.tex
Capitolo 5.
<chapters/images5/prog.png, id=94, 248.93pt x 281.05pt>
File: chapters/images5/prog.png Graphic file (type png)
<use chapters/images5/prog.png>
Package pdftex.def Info: chapters/images5/prog.png  used on input line 27.
(pdftex.def)             Requested size: 189.75105pt x 214.23918pt.
[22




]
LaTeX Font Info:    Trying to load font information for OMS+cmtt on input line 40.
LaTeX Font Info:    No file OMScmtt.fd. on input line 40.


LaTeX Font Warning: Font shape `OMS/cmtt/m/n' undefined
(Font)              using `OMS/cmsy/m/n' instead
(Font)              for symbol `textbraceleft' on input line 40.

<chapters/images5/func.png, id=98, 378.41376pt x 250.9375pt>
File: chapters/images5/func.png Graphic file (type png)
<use chapters/images5/func.png>
Package pdftex.def Info: chapters/images5/func.png  used on input line 44.
(pdftex.def)             Requested size: 258.75pt x 171.58482pt.
) [23 <./chapters/images5/prog.png> <./chapters/images5/func.png>] (./main.aux (./chapters/chapter1.aux) (./chapters/chapter2.aux) (./chapters/chapter3.aux) (./chapters/chapter4.aux) (./chapters/chapter5.aux))
 ***********
LaTeX2e <2023-11-01> patch level 1
L3 programming layer <2024-01-22>
 ***********


LaTeX Font Warning: Some font shapes were not available, defaults substituted.

 ) 
Here is how much of TeX's memory you used:
 2979 strings out of 474222
 52057 string characters out of 5748733
 1934975 words of memory out of 5000000
 25206 multiletter control sequences out of 15000+600000
 564385 words of font info for 57 fonts, out of 8000000 for 9000
 1141 hyphenation exceptions out of 8191
 57i,6n,65p,409b,250s stack positions out of 10000i,1000n,20000p,200000b,200000s
</usr/share/texlive/texmf-dist/fonts/type1/public/amsfonts/cm/cmbx10.pfb></usr/share/texlive/texmf-dist/fonts/type1/public/amsfonts/cm/cmbx12.pfb></usr/share/texlive/texmf-dist/fonts/type1/public/amsfonts/cm/cmr10.pfb></usr/share/texlive/texmf-dist/fonts/type1/public/amsfonts/cm/cmr12.pfb></usr/share/texlive/texmf-dist/fonts/type1/public/amsfonts/cm/cmr17.pfb></usr/share/texlive/texmf-dist/fonts/type1/public/amsfonts/cm/cmsy10.pfb></usr/share/texlive/texmf-dist/fonts/type1/public/amsfonts/cm/cmti10.pfb></usr/share/texlive/texmf-dist/fonts/type1/public/amsfonts/cm/cmtt10.pfb></usr/share/texmf/fonts/type1/public/cm-super/sfrm1000.pfb>
Output written on main.pdf (24 pages, 503223 bytes).
PDF statistics:
 146 PDF objects out of 1000 (max. 8388607)
 83 compressed objects within 1 object stream
 0 named destinations out of 1000 (max. 500000)
 46 words of extra memory for PDF output out of 10000 (max. 10000000)

